<?xml version="1.1" encoding="UTF-8"?>
<testsuite name="org.seasar.doma.it.sqlfile.SqlFileBatchUpdateTest" tests="4" failures="0" errors="0" timestamp="2014-02-08T01:52:31" hostname="nakamura-to-MacBook.local" time="3.558">
  <properties/>
  <testcase name="test" classname="org.seasar.doma.it.sqlfile.SqlFileBatchUpdateTest" time="0.047"/>
  <testcase name="testImmutable" classname="org.seasar.doma.it.sqlfile.SqlFileBatchUpdateTest" time="0.046"/>
  <testcase name="testOptimisticLockException" classname="org.seasar.doma.it.sqlfile.SqlFileBatchUpdateTest" time="3.418"/>
  <testcase name="testSuppressOptimisticLockException" classname="org.seasar.doma.it.sqlfile.SqlFileBatchUpdateTest" time="0.043"/>
  <system-out><![CDATA[DEBUG 2014-02-08 10:52:31,545 [Test worker] 環境変数#Envにファイル(env_ut.txt)から値(h2)が設定されました
DEBUG 2014-02-08 10:52:31,546 [Test worker] S2Containerを作成します。path=s2junit4.dicon
DEBUG 2014-02-08 10:52:31,547 [Test worker] S2Containerを作成しました。path=s2junit4.dicon
DEBUG 2014-02-08 10:52:31,547 [Test worker] 設定ファイル(jdbc.dicon)をインクルードします
DEBUG 2014-02-08 10:52:31,548 [Test worker] S2Containerを作成します。path=jdbc.dicon
DEBUG 2014-02-08 10:52:31,548 [Test worker] S2Containerを作成します。path=jta.dicon
DEBUG 2014-02-08 10:52:31,550 [Test worker] S2Containerを作成しました。path=jta.dicon
DEBUG 2014-02-08 10:52:31,550 [Test worker] S2Containerを作成します。path=xadatasource.dicon
DEBUG 2014-02-08 10:52:31,551 [Test worker] S2Containerを作成しました。path=xadatasource.dicon
DEBUG 2014-02-08 10:52:31,552 [Test worker] S2Containerを作成しました。path=jdbc.dicon
DEBUG 2014-02-08 10:52:31,552 [Test worker] トランザクションを開始しました。tx=[FormatId=4360, GlobalId=1391824339450/99, BranchId=]
INFO  2014-02-08 10:52:31,553 [Test worker] START org.seasar.doma.it.dao.DepartmentDaoImpl#updateBySqlFile
DEBUG 2014-02-08 10:52:31,587 [Test worker] 物理的なコネクションを取得しました
DEBUG 2014-02-08 10:52:31,587 [Test worker] 論理的なコネクションを取得しました。tx=[FormatId=4360, GlobalId=1391824339450/99, BranchId=]
INFO  2014-02-08 10:52:31,587 [Test worker] sqlFilePath=[META-INF/org/seasar/doma/it/dao/DepartmentDao/updateBySqlFile.sql]
update DEPARTMENT set DEPARTMENT_NAME = 'hoge', VERSION = 1 + 1 where DEPARTMENT_ID = 1 and VERSION = 1
INFO  2014-02-08 10:52:31,587 [Test worker] sqlFilePath=[META-INF/org/seasar/doma/it/dao/DepartmentDao/updateBySqlFile.sql]
update DEPARTMENT set DEPARTMENT_NAME = 'foo', VERSION = 1 + 1 where DEPARTMENT_ID = 2 and VERSION = 1
DEBUG 2014-02-08 10:52:31,587 [Test worker] 論理的なコネクションを閉じました。tx=[FormatId=4360, GlobalId=1391824339450/99, BranchId=]
INFO  2014-02-08 10:52:31,588 [Test worker] END   org.seasar.doma.it.dao.DepartmentDaoImpl#updateBySqlFile
INFO  2014-02-08 10:52:31,588 [Test worker] START org.seasar.doma.it.dao.DepartmentDaoImpl#selectById
DEBUG 2014-02-08 10:52:31,588 [Test worker] 論理的なコネクションを取得しました。tx=[FormatId=4360, GlobalId=1391824339450/99, BranchId=]
INFO  2014-02-08 10:52:31,588 [Test worker] sqlFilePath=[META-INF/org/seasar/doma/it/dao/DepartmentDao/selectById.sql]
select * from DEPARTMENT where DEPARTMENT_ID = 1
DEBUG 2014-02-08 10:52:31,588 [Test worker] 論理的なコネクションを閉じました。tx=[FormatId=4360, GlobalId=1391824339450/99, BranchId=]
INFO  2014-02-08 10:52:31,588 [Test worker] END   org.seasar.doma.it.dao.DepartmentDaoImpl#selectById
INFO  2014-02-08 10:52:31,588 [Test worker] START org.seasar.doma.it.dao.DepartmentDaoImpl#selectById
DEBUG 2014-02-08 10:52:31,589 [Test worker] 論理的なコネクションを取得しました。tx=[FormatId=4360, GlobalId=1391824339450/99, BranchId=]
INFO  2014-02-08 10:52:31,589 [Test worker] sqlFilePath=[META-INF/org/seasar/doma/it/dao/DepartmentDao/selectById.sql]
select * from DEPARTMENT where DEPARTMENT_ID = 2
DEBUG 2014-02-08 10:52:31,589 [Test worker] 論理的なコネクションを閉じました。tx=[FormatId=4360, GlobalId=1391824339450/99, BranchId=]
INFO  2014-02-08 10:52:31,589 [Test worker] END   org.seasar.doma.it.dao.DepartmentDaoImpl#selectById
DEBUG 2014-02-08 10:52:31,589 [Test worker] トランザクションをロールバックしました。tx=[FormatId=4360, GlobalId=1391824339450/99, BranchId=]
DEBUG 2014-02-08 10:52:31,592 [Test worker] 物理的なコネクションを閉じました
DEBUG 2014-02-08 10:52:31,594 [Test worker] 環境変数#Envにファイル(env_ut.txt)から値(h2)が設定されました
DEBUG 2014-02-08 10:52:31,594 [Test worker] S2Containerを作成します。path=s2junit4.dicon
DEBUG 2014-02-08 10:52:31,596 [Test worker] S2Containerを作成しました。path=s2junit4.dicon
DEBUG 2014-02-08 10:52:31,597 [Test worker] 設定ファイル(jdbc.dicon)をインクルードします
DEBUG 2014-02-08 10:52:31,597 [Test worker] S2Containerを作成します。path=jdbc.dicon
DEBUG 2014-02-08 10:52:31,598 [Test worker] S2Containerを作成します。path=jta.dicon
DEBUG 2014-02-08 10:52:31,599 [Test worker] S2Containerを作成しました。path=jta.dicon
DEBUG 2014-02-08 10:52:31,599 [Test worker] S2Containerを作成します。path=xadatasource.dicon
DEBUG 2014-02-08 10:52:31,601 [Test worker] S2Containerを作成しました。path=xadatasource.dicon
DEBUG 2014-02-08 10:52:31,602 [Test worker] S2Containerを作成しました。path=jdbc.dicon
DEBUG 2014-02-08 10:52:31,603 [Test worker] トランザクションを開始しました。tx=[FormatId=4360, GlobalId=1391824339450/100, BranchId=]
INFO  2014-02-08 10:52:31,603 [Test worker] START org.seasar.doma.it.dao.DeptDaoImpl#updateBySqlFile
DEBUG 2014-02-08 10:52:31,636 [Test worker] 物理的なコネクションを取得しました
DEBUG 2014-02-08 10:52:31,636 [Test worker] 論理的なコネクションを取得しました。tx=[FormatId=4360, GlobalId=1391824339450/100, BranchId=]
INFO  2014-02-08 10:52:31,636 [Test worker] sqlFilePath=[META-INF/org/seasar/doma/it/dao/DeptDao/updateBySqlFile.sql]
update DEPARTMENT set DEPARTMENT_NAME = 'hoge_preU', VERSION = 1 + 1 where DEPARTMENT_ID = 1 and VERSION = 1
INFO  2014-02-08 10:52:31,636 [Test worker] sqlFilePath=[META-INF/org/seasar/doma/it/dao/DeptDao/updateBySqlFile.sql]
update DEPARTMENT set DEPARTMENT_NAME = 'foo_preU', VERSION = 1 + 1 where DEPARTMENT_ID = 2 and VERSION = 1
DEBUG 2014-02-08 10:52:31,637 [Test worker] 論理的なコネクションを閉じました。tx=[FormatId=4360, GlobalId=1391824339450/100, BranchId=]
INFO  2014-02-08 10:52:31,637 [Test worker] END   org.seasar.doma.it.dao.DeptDaoImpl#updateBySqlFile
INFO  2014-02-08 10:52:31,637 [Test worker] START org.seasar.doma.it.dao.DeptDaoImpl#selectById
DEBUG 2014-02-08 10:52:31,637 [Test worker] 論理的なコネクションを取得しました。tx=[FormatId=4360, GlobalId=1391824339450/100, BranchId=]
INFO  2014-02-08 10:52:31,637 [Test worker] sqlFilePath=[META-INF/org/seasar/doma/it/dao/DeptDao/selectById.sql]
select * from DEPARTMENT where DEPARTMENT_ID = 1
DEBUG 2014-02-08 10:52:31,637 [Test worker] 論理的なコネクションを閉じました。tx=[FormatId=4360, GlobalId=1391824339450/100, BranchId=]
INFO  2014-02-08 10:52:31,637 [Test worker] END   org.seasar.doma.it.dao.DeptDaoImpl#selectById
INFO  2014-02-08 10:52:31,637 [Test worker] START org.seasar.doma.it.dao.DeptDaoImpl#selectById
DEBUG 2014-02-08 10:52:31,637 [Test worker] 論理的なコネクションを取得しました。tx=[FormatId=4360, GlobalId=1391824339450/100, BranchId=]
INFO  2014-02-08 10:52:31,637 [Test worker] sqlFilePath=[META-INF/org/seasar/doma/it/dao/DeptDao/selectById.sql]
select * from DEPARTMENT where DEPARTMENT_ID = 2
DEBUG 2014-02-08 10:52:31,637 [Test worker] 論理的なコネクションを閉じました。tx=[FormatId=4360, GlobalId=1391824339450/100, BranchId=]
INFO  2014-02-08 10:52:31,637 [Test worker] END   org.seasar.doma.it.dao.DeptDaoImpl#selectById
DEBUG 2014-02-08 10:52:31,637 [Test worker] トランザクションをロールバックしました。tx=[FormatId=4360, GlobalId=1391824339450/100, BranchId=]
DEBUG 2014-02-08 10:52:31,640 [Test worker] 物理的なコネクションを閉じました
DEBUG 2014-02-08 10:52:31,641 [Test worker] 環境変数#Envにファイル(env_ut.txt)から値(h2)が設定されました
DEBUG 2014-02-08 10:52:31,641 [Test worker] S2Containerを作成します。path=s2junit4.dicon
DEBUG 2014-02-08 10:52:31,643 [Test worker] S2Containerを作成しました。path=s2junit4.dicon
DEBUG 2014-02-08 10:52:31,643 [Test worker] 設定ファイル(jdbc.dicon)をインクルードします
DEBUG 2014-02-08 10:52:31,643 [Test worker] S2Containerを作成します。path=jdbc.dicon
DEBUG 2014-02-08 10:52:31,644 [Test worker] S2Containerを作成します。path=jta.dicon
DEBUG 2014-02-08 10:52:31,645 [Test worker] S2Containerを作成しました。path=jta.dicon
DEBUG 2014-02-08 10:52:31,645 [Test worker] S2Containerを作成します。path=xadatasource.dicon
DEBUG 2014-02-08 10:52:31,647 [Test worker] S2Containerを作成しました。path=xadatasource.dicon
DEBUG 2014-02-08 10:52:31,647 [Test worker] S2Containerを作成しました。path=jdbc.dicon
DEBUG 2014-02-08 10:52:31,648 [Test worker] トランザクションを開始しました。tx=[FormatId=4360, GlobalId=1391824339450/101, BranchId=]
INFO  2014-02-08 10:52:31,648 [Test worker] START org.seasar.doma.it.dao.DepartmentDaoImpl#selectById
DEBUG 2014-02-08 10:52:35,052 [Test worker] 物理的なコネクションを取得しました
DEBUG 2014-02-08 10:52:35,052 [Test worker] 論理的なコネクションを取得しました。tx=[FormatId=4360, GlobalId=1391824339450/101, BranchId=]
INFO  2014-02-08 10:52:35,052 [Test worker] sqlFilePath=[META-INF/org/seasar/doma/it/dao/DepartmentDao/selectById.sql]
select * from DEPARTMENT where DEPARTMENT_ID = 1
DEBUG 2014-02-08 10:52:35,053 [Test worker] 論理的なコネクションを閉じました。tx=[FormatId=4360, GlobalId=1391824339450/101, BranchId=]
INFO  2014-02-08 10:52:35,053 [Test worker] END   org.seasar.doma.it.dao.DepartmentDaoImpl#selectById
INFO  2014-02-08 10:52:35,053 [Test worker] START org.seasar.doma.it.dao.DepartmentDaoImpl#selectById
DEBUG 2014-02-08 10:52:35,053 [Test worker] 論理的なコネクションを取得しました。tx=[FormatId=4360, GlobalId=1391824339450/101, BranchId=]
INFO  2014-02-08 10:52:35,053 [Test worker] sqlFilePath=[META-INF/org/seasar/doma/it/dao/DepartmentDao/selectById.sql]
select * from DEPARTMENT where DEPARTMENT_ID = 2
DEBUG 2014-02-08 10:52:35,053 [Test worker] 論理的なコネクションを閉じました。tx=[FormatId=4360, GlobalId=1391824339450/101, BranchId=]
INFO  2014-02-08 10:52:35,053 [Test worker] END   org.seasar.doma.it.dao.DepartmentDaoImpl#selectById
INFO  2014-02-08 10:52:35,053 [Test worker] START org.seasar.doma.it.dao.DepartmentDaoImpl#selectById
DEBUG 2014-02-08 10:52:35,053 [Test worker] 論理的なコネクションを取得しました。tx=[FormatId=4360, GlobalId=1391824339450/101, BranchId=]
INFO  2014-02-08 10:52:35,053 [Test worker] sqlFilePath=[META-INF/org/seasar/doma/it/dao/DepartmentDao/selectById.sql]
select * from DEPARTMENT where DEPARTMENT_ID = 1
DEBUG 2014-02-08 10:52:35,053 [Test worker] 論理的なコネクションを閉じました。tx=[FormatId=4360, GlobalId=1391824339450/101, BranchId=]
INFO  2014-02-08 10:52:35,053 [Test worker] END   org.seasar.doma.it.dao.DepartmentDaoImpl#selectById
INFO  2014-02-08 10:52:35,053 [Test worker] START org.seasar.doma.it.dao.DepartmentDaoImpl#updateBySqlFile
DEBUG 2014-02-08 10:52:35,055 [Test worker] 論理的なコネクションを取得しました。tx=[FormatId=4360, GlobalId=1391824339450/101, BranchId=]
INFO  2014-02-08 10:52:35,055 [Test worker] sqlFilePath=[META-INF/org/seasar/doma/it/dao/DepartmentDao/updateBySqlFile.sql]
update DEPARTMENT set DEPARTMENT_NAME = 'hoge', VERSION = 1 + 1 where DEPARTMENT_ID = 1 and VERSION = 1
DEBUG 2014-02-08 10:52:35,055 [Test worker] 論理的なコネクションを閉じました。tx=[FormatId=4360, GlobalId=1391824339450/101, BranchId=]
INFO  2014-02-08 10:52:35,056 [Test worker] END   org.seasar.doma.it.dao.DepartmentDaoImpl#updateBySqlFile
INFO  2014-02-08 10:52:35,056 [Test worker] START org.seasar.doma.it.dao.DepartmentDaoImpl#updateBySqlFile
DEBUG 2014-02-08 10:52:35,056 [Test worker] 論理的なコネクションを取得しました。tx=[FormatId=4360, GlobalId=1391824339450/101, BranchId=]
INFO  2014-02-08 10:52:35,056 [Test worker] sqlFilePath=[META-INF/org/seasar/doma/it/dao/DepartmentDao/updateBySqlFile.sql]
update DEPARTMENT set DEPARTMENT_NAME = 'foo', VERSION = 1 + 1 where DEPARTMENT_ID = 2 and VERSION = 1
INFO  2014-02-08 10:52:35,056 [Test worker] sqlFilePath=[META-INF/org/seasar/doma/it/dao/DepartmentDao/updateBySqlFile.sql]
update DEPARTMENT set DEPARTMENT_NAME = 'bar', VERSION = 1 + 1 where DEPARTMENT_ID = 1 and VERSION = 1
DEBUG 2014-02-08 10:52:35,056 [Test worker] 論理的なコネクションを閉じました。tx=[FormatId=4360, GlobalId=1391824339450/101, BranchId=]
INFO  2014-02-08 10:52:35,056 [Test worker] END   org.seasar.doma.it.dao.DepartmentDaoImpl#updateBySqlFile RuntimeException: org.seasar.doma.jdbc.BatchOptimisticLockException: [DOMA2028] 楽観的排他制御によりバッチ更新処理が失敗しました。
SQLファイルパス=[META-INF/org/seasar/doma/it/dao/DepartmentDao/updateBySqlFile.sql]。
実際のSQL=[update DEPARTMENT set DEPARTMENT_NAME = ?, VERSION = ? + 1 where DEPARTMENT_ID = ? and VERSION = ?]。
DEBUG 2014-02-08 10:52:35,057 [Test worker] トランザクションをロールバックしました。tx=[FormatId=4360, GlobalId=1391824339450/101, BranchId=]
DEBUG 2014-02-08 10:52:35,059 [Test worker] 物理的なコネクションを閉じました
DEBUG 2014-02-08 10:52:35,060 [Test worker] 環境変数#Envにファイル(env_ut.txt)から値(h2)が設定されました
DEBUG 2014-02-08 10:52:35,060 [Test worker] S2Containerを作成します。path=s2junit4.dicon
DEBUG 2014-02-08 10:52:35,062 [Test worker] S2Containerを作成しました。path=s2junit4.dicon
DEBUG 2014-02-08 10:52:35,062 [Test worker] 設定ファイル(jdbc.dicon)をインクルードします
DEBUG 2014-02-08 10:52:35,062 [Test worker] S2Containerを作成します。path=jdbc.dicon
DEBUG 2014-02-08 10:52:35,063 [Test worker] S2Containerを作成します。path=jta.dicon
DEBUG 2014-02-08 10:52:35,064 [Test worker] S2Containerを作成しました。path=jta.dicon
DEBUG 2014-02-08 10:52:35,064 [Test worker] S2Containerを作成します。path=xadatasource.dicon
DEBUG 2014-02-08 10:52:35,066 [Test worker] S2Containerを作成しました。path=xadatasource.dicon
DEBUG 2014-02-08 10:52:35,066 [Test worker] S2Containerを作成しました。path=jdbc.dicon
DEBUG 2014-02-08 10:52:35,067 [Test worker] トランザクションを開始しました。tx=[FormatId=4360, GlobalId=1391824339450/102, BranchId=]
INFO  2014-02-08 10:52:35,067 [Test worker] START org.seasar.doma.it.dao.DepartmentDaoImpl#selectById
DEBUG 2014-02-08 10:52:35,097 [Test worker] 物理的なコネクションを取得しました
DEBUG 2014-02-08 10:52:35,097 [Test worker] 論理的なコネクションを取得しました。tx=[FormatId=4360, GlobalId=1391824339450/102, BranchId=]
INFO  2014-02-08 10:52:35,097 [Test worker] sqlFilePath=[META-INF/org/seasar/doma/it/dao/DepartmentDao/selectById.sql]
select * from DEPARTMENT where DEPARTMENT_ID = 1
DEBUG 2014-02-08 10:52:35,098 [Test worker] 論理的なコネクションを閉じました。tx=[FormatId=4360, GlobalId=1391824339450/102, BranchId=]
INFO  2014-02-08 10:52:35,098 [Test worker] END   org.seasar.doma.it.dao.DepartmentDaoImpl#selectById
INFO  2014-02-08 10:52:35,098 [Test worker] START org.seasar.doma.it.dao.DepartmentDaoImpl#selectById
DEBUG 2014-02-08 10:52:35,098 [Test worker] 論理的なコネクションを取得しました。tx=[FormatId=4360, GlobalId=1391824339450/102, BranchId=]
INFO  2014-02-08 10:52:35,098 [Test worker] sqlFilePath=[META-INF/org/seasar/doma/it/dao/DepartmentDao/selectById.sql]
select * from DEPARTMENT where DEPARTMENT_ID = 2
DEBUG 2014-02-08 10:52:35,098 [Test worker] 論理的なコネクションを閉じました。tx=[FormatId=4360, GlobalId=1391824339450/102, BranchId=]
INFO  2014-02-08 10:52:35,098 [Test worker] END   org.seasar.doma.it.dao.DepartmentDaoImpl#selectById
INFO  2014-02-08 10:52:35,098 [Test worker] START org.seasar.doma.it.dao.DepartmentDaoImpl#selectById
DEBUG 2014-02-08 10:52:35,098 [Test worker] 論理的なコネクションを取得しました。tx=[FormatId=4360, GlobalId=1391824339450/102, BranchId=]
INFO  2014-02-08 10:52:35,098 [Test worker] sqlFilePath=[META-INF/org/seasar/doma/it/dao/DepartmentDao/selectById.sql]
select * from DEPARTMENT where DEPARTMENT_ID = 1
DEBUG 2014-02-08 10:52:35,098 [Test worker] 論理的なコネクションを閉じました。tx=[FormatId=4360, GlobalId=1391824339450/102, BranchId=]
INFO  2014-02-08 10:52:35,098 [Test worker] END   org.seasar.doma.it.dao.DepartmentDaoImpl#selectById
INFO  2014-02-08 10:52:35,098 [Test worker] START org.seasar.doma.it.dao.DepartmentDaoImpl#update
DEBUG 2014-02-08 10:52:35,098 [Test worker] 論理的なコネクションを取得しました。tx=[FormatId=4360, GlobalId=1391824339450/102, BranchId=]
INFO  2014-02-08 10:52:35,098 [Test worker] sqlFilePath=[null]
update DEPARTMENT set DEPARTMENT_NAME = 'hoge', VERSION = 1 + 1 where DEPARTMENT_ID = 1 and VERSION = 1
DEBUG 2014-02-08 10:52:35,098 [Test worker] 論理的なコネクションを閉じました。tx=[FormatId=4360, GlobalId=1391824339450/102, BranchId=]
INFO  2014-02-08 10:52:35,098 [Test worker] END   org.seasar.doma.it.dao.DepartmentDaoImpl#update
INFO  2014-02-08 10:52:35,098 [Test worker] START org.seasar.doma.it.dao.DepartmentDaoImpl#updateBySqlFile_suppressOptimisticLockException
DEBUG 2014-02-08 10:52:35,099 [Test worker] 論理的なコネクションを取得しました。tx=[FormatId=4360, GlobalId=1391824339450/102, BranchId=]
INFO  2014-02-08 10:52:35,099 [Test worker] sqlFilePath=[META-INF/org/seasar/doma/it/dao/DepartmentDao/updateBySqlFile_suppressOptimisticLockException.sql]
update DEPARTMENT set DEPARTMENT_NAME = 'foo', VERSION = 1 + 1 where DEPARTMENT_ID = 2 and VERSION = 1
INFO  2014-02-08 10:52:35,100 [Test worker] sqlFilePath=[META-INF/org/seasar/doma/it/dao/DepartmentDao/updateBySqlFile_suppressOptimisticLockException.sql]
update DEPARTMENT set DEPARTMENT_NAME = 'bar', VERSION = 1 + 1 where DEPARTMENT_ID = 1 and VERSION = 1
DEBUG 2014-02-08 10:52:35,100 [Test worker] 論理的なコネクションを閉じました。tx=[FormatId=4360, GlobalId=1391824339450/102, BranchId=]
INFO  2014-02-08 10:52:35,100 [Test worker] END   org.seasar.doma.it.dao.DepartmentDaoImpl#updateBySqlFile_suppressOptimisticLockException
DEBUG 2014-02-08 10:52:35,100 [Test worker] トランザクションをロールバックしました。tx=[FormatId=4360, GlobalId=1391824339450/102, BranchId=]
DEBUG 2014-02-08 10:52:35,102 [Test worker] 物理的なコネクションを閉じました
]]></system-out>
  <system-err><![CDATA[]]></system-err>
</testsuite>
