<?xml version="1.1" encoding="UTF-8"?>
<testsuite name="org.seasar.doma.it.sqlfile.SqlFileSelectCountTest" tests="4" failures="0" errors="0" timestamp="2014-02-08T01:52:35" hostname="nakamura-to-MacBook.local" time="0.178">
  <properties/>
  <testcase name="test" classname="org.seasar.doma.it.sqlfile.SqlFileSelectCountTest" time="0.051"/>
  <testcase name="testCountUnspecified" classname="org.seasar.doma.it.sqlfile.SqlFileSelectCountTest" time="0.043"/>
  <testcase name="testWhere" classname="org.seasar.doma.it.sqlfile.SqlFileSelectCountTest" time="0.039"/>
  <testcase name="testLimitOffset" classname="org.seasar.doma.it.sqlfile.SqlFileSelectCountTest" time="0.042"/>
  <system-out><![CDATA[DEBUG 2014-02-08 10:52:35,280 [Test worker] 環境変数#Envにファイル(env_ut.txt)から値(h2)が設定されました
DEBUG 2014-02-08 10:52:35,281 [Test worker] S2Containerを作成します。path=s2junit4.dicon
DEBUG 2014-02-08 10:52:35,282 [Test worker] S2Containerを作成しました。path=s2junit4.dicon
DEBUG 2014-02-08 10:52:35,283 [Test worker] 設定ファイル(jdbc.dicon)をインクルードします
DEBUG 2014-02-08 10:52:35,283 [Test worker] S2Containerを作成します。path=jdbc.dicon
DEBUG 2014-02-08 10:52:35,283 [Test worker] S2Containerを作成します。path=jta.dicon
DEBUG 2014-02-08 10:52:35,285 [Test worker] S2Containerを作成しました。path=jta.dicon
DEBUG 2014-02-08 10:52:35,285 [Test worker] S2Containerを作成します。path=xadatasource.dicon
DEBUG 2014-02-08 10:52:35,286 [Test worker] S2Containerを作成しました。path=xadatasource.dicon
DEBUG 2014-02-08 10:52:35,286 [Test worker] S2Containerを作成しました。path=jdbc.dicon
DEBUG 2014-02-08 10:52:35,287 [Test worker] トランザクションを開始しました。tx=[FormatId=4360, GlobalId=1391824339450/107, BranchId=]
INFO  2014-02-08 10:52:35,287 [Test worker] START org.seasar.doma.it.dao.EmployeeDaoImpl#selectAll
DEBUG 2014-02-08 10:52:35,317 [Test worker] 物理的なコネクションを取得しました
DEBUG 2014-02-08 10:52:35,317 [Test worker] 論理的なコネクションを取得しました。tx=[FormatId=4360, GlobalId=1391824339450/107, BranchId=]
INFO  2014-02-08 10:52:35,318 [Test worker] sqlFilePath=[META-INF/org/seasar/doma/it/dao/EmployeeDao/selectAll.sql]
select * from EMPLOYEE order by EMPLOYEE_ID
DEBUG 2014-02-08 10:52:35,319 [Test worker] 論理的なコネクションを閉じました。tx=[FormatId=4360, GlobalId=1391824339450/107, BranchId=]
DEBUG 2014-02-08 10:52:35,322 [Test worker] 論理的なコネクションを取得しました。tx=[FormatId=4360, GlobalId=1391824339450/107, BranchId=]
INFO  2014-02-08 10:52:35,325 [Test worker] sqlFilePath=[null]
select count(*) from ( select * from EMPLOYEE ) t_
DEBUG 2014-02-08 10:52:35,327 [Test worker] 論理的なコネクションを閉じました。tx=[FormatId=4360, GlobalId=1391824339450/107, BranchId=]
INFO  2014-02-08 10:52:35,327 [Test worker] END   org.seasar.doma.it.dao.EmployeeDaoImpl#selectAll
DEBUG 2014-02-08 10:52:35,328 [Test worker] トランザクションをロールバックしました。tx=[FormatId=4360, GlobalId=1391824339450/107, BranchId=]
DEBUG 2014-02-08 10:52:35,331 [Test worker] 物理的なコネクションを閉じました
DEBUG 2014-02-08 10:52:35,332 [Test worker] 環境変数#Envにファイル(env_ut.txt)から値(h2)が設定されました
DEBUG 2014-02-08 10:52:35,332 [Test worker] S2Containerを作成します。path=s2junit4.dicon
DEBUG 2014-02-08 10:52:35,335 [Test worker] S2Containerを作成しました。path=s2junit4.dicon
DEBUG 2014-02-08 10:52:35,335 [Test worker] 設定ファイル(jdbc.dicon)をインクルードします
DEBUG 2014-02-08 10:52:35,335 [Test worker] S2Containerを作成します。path=jdbc.dicon
DEBUG 2014-02-08 10:52:35,336 [Test worker] S2Containerを作成します。path=jta.dicon
DEBUG 2014-02-08 10:52:35,338 [Test worker] S2Containerを作成しました。path=jta.dicon
DEBUG 2014-02-08 10:52:35,338 [Test worker] S2Containerを作成します。path=xadatasource.dicon
DEBUG 2014-02-08 10:52:35,340 [Test worker] S2Containerを作成しました。path=xadatasource.dicon
DEBUG 2014-02-08 10:52:35,340 [Test worker] S2Containerを作成しました。path=jdbc.dicon
DEBUG 2014-02-08 10:52:35,341 [Test worker] トランザクションを開始しました。tx=[FormatId=4360, GlobalId=1391824339450/108, BranchId=]
INFO  2014-02-08 10:52:35,341 [Test worker] START org.seasar.doma.it.dao.EmployeeDaoImpl#selectAll
DEBUG 2014-02-08 10:52:35,371 [Test worker] 物理的なコネクションを取得しました
DEBUG 2014-02-08 10:52:35,371 [Test worker] 論理的なコネクションを取得しました。tx=[FormatId=4360, GlobalId=1391824339450/108, BranchId=]
INFO  2014-02-08 10:52:35,371 [Test worker] sqlFilePath=[META-INF/org/seasar/doma/it/dao/EmployeeDao/selectAll.sql]
select * from EMPLOYEE order by EMPLOYEE_ID
DEBUG 2014-02-08 10:52:35,372 [Test worker] 論理的なコネクションを閉じました。tx=[FormatId=4360, GlobalId=1391824339450/108, BranchId=]
INFO  2014-02-08 10:52:35,372 [Test worker] END   org.seasar.doma.it.dao.EmployeeDaoImpl#selectAll
DEBUG 2014-02-08 10:52:35,372 [Test worker] トランザクションをロールバックしました。tx=[FormatId=4360, GlobalId=1391824339450/108, BranchId=]
DEBUG 2014-02-08 10:52:35,375 [Test worker] 物理的なコネクションを閉じました
DEBUG 2014-02-08 10:52:35,376 [Test worker] 環境変数#Envにファイル(env_ut.txt)から値(h2)が設定されました
DEBUG 2014-02-08 10:52:35,376 [Test worker] S2Containerを作成します。path=s2junit4.dicon
DEBUG 2014-02-08 10:52:35,377 [Test worker] S2Containerを作成しました。path=s2junit4.dicon
DEBUG 2014-02-08 10:52:35,378 [Test worker] 設定ファイル(jdbc.dicon)をインクルードします
DEBUG 2014-02-08 10:52:35,378 [Test worker] S2Containerを作成します。path=jdbc.dicon
DEBUG 2014-02-08 10:52:35,378 [Test worker] S2Containerを作成します。path=jta.dicon
DEBUG 2014-02-08 10:52:35,379 [Test worker] S2Containerを作成しました。path=jta.dicon
DEBUG 2014-02-08 10:52:35,379 [Test worker] S2Containerを作成します。path=xadatasource.dicon
DEBUG 2014-02-08 10:52:35,381 [Test worker] S2Containerを作成しました。path=xadatasource.dicon
DEBUG 2014-02-08 10:52:35,381 [Test worker] S2Containerを作成しました。path=jdbc.dicon
DEBUG 2014-02-08 10:52:35,382 [Test worker] トランザクションを開始しました。tx=[FormatId=4360, GlobalId=1391824339450/109, BranchId=]
INFO  2014-02-08 10:52:35,382 [Test worker] START org.seasar.doma.it.dao.EmployeeDaoImpl#selectById
DEBUG 2014-02-08 10:52:35,411 [Test worker] 物理的なコネクションを取得しました
DEBUG 2014-02-08 10:52:35,411 [Test worker] 論理的なコネクションを取得しました。tx=[FormatId=4360, GlobalId=1391824339450/109, BranchId=]
INFO  2014-02-08 10:52:35,412 [Test worker] sqlFilePath=[META-INF/org/seasar/doma/it/dao/EmployeeDao/selectById.sql]
select * from EMPLOYEE where EMPLOYEE_ID = 1
DEBUG 2014-02-08 10:52:35,412 [Test worker] 論理的なコネクションを閉じました。tx=[FormatId=4360, GlobalId=1391824339450/109, BranchId=]
DEBUG 2014-02-08 10:52:35,412 [Test worker] 論理的なコネクションを取得しました。tx=[FormatId=4360, GlobalId=1391824339450/109, BranchId=]
INFO  2014-02-08 10:52:35,413 [Test worker] sqlFilePath=[null]
select count(*) from ( select * from EMPLOYEE where EMPLOYEE_ID = 1) t_
DEBUG 2014-02-08 10:52:35,413 [Test worker] 論理的なコネクションを閉じました。tx=[FormatId=4360, GlobalId=1391824339450/109, BranchId=]
INFO  2014-02-08 10:52:35,413 [Test worker] END   org.seasar.doma.it.dao.EmployeeDaoImpl#selectById
DEBUG 2014-02-08 10:52:35,413 [Test worker] トランザクションをロールバックしました。tx=[FormatId=4360, GlobalId=1391824339450/109, BranchId=]
DEBUG 2014-02-08 10:52:35,415 [Test worker] 物理的なコネクションを閉じました
DEBUG 2014-02-08 10:52:35,416 [Test worker] 環境変数#Envにファイル(env_ut.txt)から値(h2)が設定されました
DEBUG 2014-02-08 10:52:35,417 [Test worker] S2Containerを作成します。path=s2junit4.dicon
DEBUG 2014-02-08 10:52:35,418 [Test worker] S2Containerを作成しました。path=s2junit4.dicon
DEBUG 2014-02-08 10:52:35,418 [Test worker] 設定ファイル(jdbc.dicon)をインクルードします
DEBUG 2014-02-08 10:52:35,418 [Test worker] S2Containerを作成します。path=jdbc.dicon
DEBUG 2014-02-08 10:52:35,419 [Test worker] S2Containerを作成します。path=jta.dicon
DEBUG 2014-02-08 10:52:35,420 [Test worker] S2Containerを作成しました。path=jta.dicon
DEBUG 2014-02-08 10:52:35,420 [Test worker] S2Containerを作成します。path=xadatasource.dicon
DEBUG 2014-02-08 10:52:35,421 [Test worker] S2Containerを作成しました。path=xadatasource.dicon
DEBUG 2014-02-08 10:52:35,422 [Test worker] S2Containerを作成しました。path=jdbc.dicon
DEBUG 2014-02-08 10:52:35,422 [Test worker] トランザクションを開始しました。tx=[FormatId=4360, GlobalId=1391824339450/110, BranchId=]
INFO  2014-02-08 10:52:35,422 [Test worker] START org.seasar.doma.it.dao.EmployeeDaoImpl#selectAll
DEBUG 2014-02-08 10:52:35,453 [Test worker] 物理的なコネクションを取得しました
DEBUG 2014-02-08 10:52:35,453 [Test worker] 論理的なコネクションを取得しました。tx=[FormatId=4360, GlobalId=1391824339450/110, BranchId=]
INFO  2014-02-08 10:52:35,454 [Test worker] sqlFilePath=[META-INF/org/seasar/doma/it/dao/EmployeeDao/selectAll.sql]
select * from EMPLOYEE order by EMPLOYEE_ID limit 5 offset 3
DEBUG 2014-02-08 10:52:35,454 [Test worker] 論理的なコネクションを閉じました。tx=[FormatId=4360, GlobalId=1391824339450/110, BranchId=]
DEBUG 2014-02-08 10:52:35,454 [Test worker] 論理的なコネクションを取得しました。tx=[FormatId=4360, GlobalId=1391824339450/110, BranchId=]
INFO  2014-02-08 10:52:35,455 [Test worker] sqlFilePath=[null]
select count(*) from ( select * from EMPLOYEE ) t_
DEBUG 2014-02-08 10:52:35,455 [Test worker] 論理的なコネクションを閉じました。tx=[FormatId=4360, GlobalId=1391824339450/110, BranchId=]
INFO  2014-02-08 10:52:35,455 [Test worker] END   org.seasar.doma.it.dao.EmployeeDaoImpl#selectAll
DEBUG 2014-02-08 10:52:35,455 [Test worker] トランザクションをロールバックしました。tx=[FormatId=4360, GlobalId=1391824339450/110, BranchId=]
DEBUG 2014-02-08 10:52:35,458 [Test worker] 物理的なコネクションを閉じました
]]></system-out>
  <system-err><![CDATA[]]></system-err>
</testsuite>
