<?xml version="1.1" encoding="UTF-8"?>
<testsuite name="org.seasar.doma.it.sqlfile.SqlFileBatchInsertTest" tests="2" failures="0" errors="0" timestamp="2014-02-08T01:52:31" hostname="nakamura-to-MacBook.local" time="0.09">
  <properties/>
  <testcase name="test" classname="org.seasar.doma.it.sqlfile.SqlFileBatchInsertTest" time="0.046"/>
  <testcase name="testImmutable" classname="org.seasar.doma.it.sqlfile.SqlFileBatchInsertTest" time="0.042"/>
  <system-out><![CDATA[DEBUG 2014-02-08 10:52:31,454 [Test worker] 環境変数#Envにファイル(env_ut.txt)から値(h2)が設定されました
DEBUG 2014-02-08 10:52:31,454 [Test worker] S2Containerを作成します。path=s2junit4.dicon
DEBUG 2014-02-08 10:52:31,456 [Test worker] S2Containerを作成しました。path=s2junit4.dicon
DEBUG 2014-02-08 10:52:31,456 [Test worker] 設定ファイル(jdbc.dicon)をインクルードします
DEBUG 2014-02-08 10:52:31,456 [Test worker] S2Containerを作成します。path=jdbc.dicon
DEBUG 2014-02-08 10:52:31,457 [Test worker] S2Containerを作成します。path=jta.dicon
DEBUG 2014-02-08 10:52:31,458 [Test worker] S2Containerを作成しました。path=jta.dicon
DEBUG 2014-02-08 10:52:31,458 [Test worker] S2Containerを作成します。path=xadatasource.dicon
DEBUG 2014-02-08 10:52:31,459 [Test worker] S2Containerを作成しました。path=xadatasource.dicon
DEBUG 2014-02-08 10:52:31,460 [Test worker] S2Containerを作成しました。path=jdbc.dicon
DEBUG 2014-02-08 10:52:31,460 [Test worker] トランザクションを開始しました。tx=[FormatId=4360, GlobalId=1391824339450/97, BranchId=]
INFO  2014-02-08 10:52:31,460 [Test worker] START org.seasar.doma.it.dao.DepartmentDaoImpl#insertBySqlFile
DEBUG 2014-02-08 10:52:31,496 [Test worker] 物理的なコネクションを取得しました
DEBUG 2014-02-08 10:52:31,496 [Test worker] 論理的なコネクションを取得しました。tx=[FormatId=4360, GlobalId=1391824339450/97, BranchId=]
INFO  2014-02-08 10:52:31,496 [Test worker] sqlFilePath=[META-INF/org/seasar/doma/it/dao/DepartmentDao/insertBySqlFile.sql]
insert into DEPARTMENT (DEPARTMENT_ID, DEPARTMENT_NO) values (99, 99)
INFO  2014-02-08 10:52:31,497 [Test worker] sqlFilePath=[META-INF/org/seasar/doma/it/dao/DepartmentDao/insertBySqlFile.sql]
insert into DEPARTMENT (DEPARTMENT_ID, DEPARTMENT_NO) values (98, 98)
DEBUG 2014-02-08 10:52:31,497 [Test worker] 論理的なコネクションを閉じました。tx=[FormatId=4360, GlobalId=1391824339450/97, BranchId=]
INFO  2014-02-08 10:52:31,497 [Test worker] END   org.seasar.doma.it.dao.DepartmentDaoImpl#insertBySqlFile
INFO  2014-02-08 10:52:31,497 [Test worker] START org.seasar.doma.it.dao.DepartmentDaoImpl#selectById
DEBUG 2014-02-08 10:52:31,497 [Test worker] 論理的なコネクションを取得しました。tx=[FormatId=4360, GlobalId=1391824339450/97, BranchId=]
INFO  2014-02-08 10:52:31,497 [Test worker] sqlFilePath=[META-INF/org/seasar/doma/it/dao/DepartmentDao/selectById.sql]
select * from DEPARTMENT where DEPARTMENT_ID = 99
DEBUG 2014-02-08 10:52:31,497 [Test worker] 論理的なコネクションを閉じました。tx=[FormatId=4360, GlobalId=1391824339450/97, BranchId=]
INFO  2014-02-08 10:52:31,497 [Test worker] END   org.seasar.doma.it.dao.DepartmentDaoImpl#selectById
INFO  2014-02-08 10:52:31,497 [Test worker] START org.seasar.doma.it.dao.DepartmentDaoImpl#selectById
DEBUG 2014-02-08 10:52:31,497 [Test worker] 論理的なコネクションを取得しました。tx=[FormatId=4360, GlobalId=1391824339450/97, BranchId=]
INFO  2014-02-08 10:52:31,497 [Test worker] sqlFilePath=[META-INF/org/seasar/doma/it/dao/DepartmentDao/selectById.sql]
select * from DEPARTMENT where DEPARTMENT_ID = 98
DEBUG 2014-02-08 10:52:31,498 [Test worker] 論理的なコネクションを閉じました。tx=[FormatId=4360, GlobalId=1391824339450/97, BranchId=]
INFO  2014-02-08 10:52:31,498 [Test worker] END   org.seasar.doma.it.dao.DepartmentDaoImpl#selectById
DEBUG 2014-02-08 10:52:31,498 [Test worker] トランザクションをロールバックしました。tx=[FormatId=4360, GlobalId=1391824339450/97, BranchId=]
DEBUG 2014-02-08 10:52:31,500 [Test worker] 物理的なコネクションを閉じました
DEBUG 2014-02-08 10:52:31,502 [Test worker] 環境変数#Envにファイル(env_ut.txt)から値(h2)が設定されました
DEBUG 2014-02-08 10:52:31,502 [Test worker] S2Containerを作成します。path=s2junit4.dicon
DEBUG 2014-02-08 10:52:31,504 [Test worker] S2Containerを作成しました。path=s2junit4.dicon
DEBUG 2014-02-08 10:52:31,504 [Test worker] 設定ファイル(jdbc.dicon)をインクルードします
DEBUG 2014-02-08 10:52:31,504 [Test worker] S2Containerを作成します。path=jdbc.dicon
DEBUG 2014-02-08 10:52:31,505 [Test worker] S2Containerを作成します。path=jta.dicon
DEBUG 2014-02-08 10:52:31,506 [Test worker] S2Containerを作成しました。path=jta.dicon
DEBUG 2014-02-08 10:52:31,506 [Test worker] S2Containerを作成します。path=xadatasource.dicon
DEBUG 2014-02-08 10:52:31,507 [Test worker] S2Containerを作成しました。path=xadatasource.dicon
DEBUG 2014-02-08 10:52:31,507 [Test worker] S2Containerを作成しました。path=jdbc.dicon
DEBUG 2014-02-08 10:52:31,508 [Test worker] トランザクションを開始しました。tx=[FormatId=4360, GlobalId=1391824339450/98, BranchId=]
INFO  2014-02-08 10:52:31,508 [Test worker] START org.seasar.doma.it.dao.DeptDaoImpl#insertBySqlFile
DEBUG 2014-02-08 10:52:31,540 [Test worker] 物理的なコネクションを取得しました
DEBUG 2014-02-08 10:52:31,540 [Test worker] 論理的なコネクションを取得しました。tx=[FormatId=4360, GlobalId=1391824339450/98, BranchId=]
INFO  2014-02-08 10:52:31,540 [Test worker] sqlFilePath=[META-INF/org/seasar/doma/it/dao/DeptDao/insertBySqlFile.sql]
insert into DEPARTMENT (DEPARTMENT_ID, DEPARTMENT_NO, DEPARTMENT_NAME) values (99, 99, 'hoge_preI')
INFO  2014-02-08 10:52:31,540 [Test worker] sqlFilePath=[META-INF/org/seasar/doma/it/dao/DeptDao/insertBySqlFile.sql]
insert into DEPARTMENT (DEPARTMENT_ID, DEPARTMENT_NO, DEPARTMENT_NAME) values (98, 98, 'foo_preI')
DEBUG 2014-02-08 10:52:31,540 [Test worker] 論理的なコネクションを閉じました。tx=[FormatId=4360, GlobalId=1391824339450/98, BranchId=]
INFO  2014-02-08 10:52:31,540 [Test worker] END   org.seasar.doma.it.dao.DeptDaoImpl#insertBySqlFile
INFO  2014-02-08 10:52:31,540 [Test worker] START org.seasar.doma.it.dao.DeptDaoImpl#selectById
DEBUG 2014-02-08 10:52:31,541 [Test worker] 論理的なコネクションを取得しました。tx=[FormatId=4360, GlobalId=1391824339450/98, BranchId=]
INFO  2014-02-08 10:52:31,541 [Test worker] sqlFilePath=[META-INF/org/seasar/doma/it/dao/DeptDao/selectById.sql]
select * from DEPARTMENT where DEPARTMENT_ID = 99
DEBUG 2014-02-08 10:52:31,541 [Test worker] 論理的なコネクションを閉じました。tx=[FormatId=4360, GlobalId=1391824339450/98, BranchId=]
INFO  2014-02-08 10:52:31,541 [Test worker] END   org.seasar.doma.it.dao.DeptDaoImpl#selectById
INFO  2014-02-08 10:52:31,541 [Test worker] START org.seasar.doma.it.dao.DeptDaoImpl#selectById
DEBUG 2014-02-08 10:52:31,541 [Test worker] 論理的なコネクションを取得しました。tx=[FormatId=4360, GlobalId=1391824339450/98, BranchId=]
INFO  2014-02-08 10:52:31,541 [Test worker] sqlFilePath=[META-INF/org/seasar/doma/it/dao/DeptDao/selectById.sql]
select * from DEPARTMENT where DEPARTMENT_ID = 98
DEBUG 2014-02-08 10:52:31,541 [Test worker] 論理的なコネクションを閉じました。tx=[FormatId=4360, GlobalId=1391824339450/98, BranchId=]
INFO  2014-02-08 10:52:31,541 [Test worker] END   org.seasar.doma.it.dao.DeptDaoImpl#selectById
DEBUG 2014-02-08 10:52:31,541 [Test worker] トランザクションをロールバックしました。tx=[FormatId=4360, GlobalId=1391824339450/98, BranchId=]
DEBUG 2014-02-08 10:52:31,544 [Test worker] 物理的なコネクションを閉じました
]]></system-out>
  <system-err><![CDATA[]]></system-err>
</testsuite>
