<?xml version="1.1" encoding="UTF-8"?>
<testsuite name="org.seasar.doma.it.auto.AutoUpdateTest" tests="10" failures="0" errors="0" timestamp="2014-02-08T01:52:22" hostname="nakamura-to-MacBook.local" time="3.603">
  <properties/>
  <testcase name="test" classname="org.seasar.doma.it.auto.AutoUpdateTest" time="0.048"/>
  <testcase name="testExcludeNull" classname="org.seasar.doma.it.auto.AutoUpdateTest" time="0.047"/>
  <testcase name="testSqlExecutionSkip" classname="org.seasar.doma.it.auto.AutoUpdateTest" time="0.046"/>
  <testcase name="testImmutable" classname="org.seasar.doma.it.auto.AutoUpdateTest" time="0.045"/>
  <testcase name="testIgnoreVersion" classname="org.seasar.doma.it.auto.AutoUpdateTest" time="0.044"/>
  <testcase name="testCompositeKey" classname="org.seasar.doma.it.auto.AutoUpdateTest" time="0.047"/>
  <testcase name="testNoId" classname="org.seasar.doma.it.auto.AutoUpdateTest" time="0.009"/>
  <testcase name="testOptimisticLockException" classname="org.seasar.doma.it.auto.AutoUpdateTest" time="0.045"/>
  <testcase name="testSuppressOptimisticLockException" classname="org.seasar.doma.it.auto.AutoUpdateTest" time="0.045"/>
  <testcase name="testOptional" classname="org.seasar.doma.it.auto.AutoUpdateTest" time="3.216"/>
  <system-out><![CDATA[DEBUG 2014-02-08 10:52:22,442 [Test worker] 環境変数#Envにファイル(env_ut.txt)から値(h2)が設定されました
DEBUG 2014-02-08 10:52:22,442 [Test worker] S2Containerを作成します。path=s2junit4.dicon
DEBUG 2014-02-08 10:52:22,445 [Test worker] S2Containerを作成しました。path=s2junit4.dicon
DEBUG 2014-02-08 10:52:22,446 [Test worker] 設定ファイル(jdbc.dicon)をインクルードします
DEBUG 2014-02-08 10:52:22,446 [Test worker] S2Containerを作成します。path=jdbc.dicon
DEBUG 2014-02-08 10:52:22,447 [Test worker] S2Containerを作成します。path=jta.dicon
DEBUG 2014-02-08 10:52:22,450 [Test worker] S2Containerを作成しました。path=jta.dicon
DEBUG 2014-02-08 10:52:22,450 [Test worker] S2Containerを作成します。path=xadatasource.dicon
DEBUG 2014-02-08 10:52:22,452 [Test worker] S2Containerを作成しました。path=xadatasource.dicon
DEBUG 2014-02-08 10:52:22,453 [Test worker] S2Containerを作成しました。path=jdbc.dicon
DEBUG 2014-02-08 10:52:22,454 [Test worker] トランザクションを開始しました。tx=[FormatId=4360, GlobalId=1391824339450/52, BranchId=]
INFO  2014-02-08 10:52:22,454 [Test worker] START org.seasar.doma.it.dao.DepartmentDaoImpl#selectById
DEBUG 2014-02-08 10:52:22,486 [Test worker] 物理的なコネクションを取得しました
DEBUG 2014-02-08 10:52:22,486 [Test worker] 論理的なコネクションを取得しました。tx=[FormatId=4360, GlobalId=1391824339450/52, BranchId=]
INFO  2014-02-08 10:52:22,486 [Test worker] sqlFilePath=[META-INF/org/seasar/doma/it/dao/DepartmentDao/selectById.sql]
select * from DEPARTMENT where DEPARTMENT_ID = 1
DEBUG 2014-02-08 10:52:22,486 [Test worker] 論理的なコネクションを閉じました。tx=[FormatId=4360, GlobalId=1391824339450/52, BranchId=]
INFO  2014-02-08 10:52:22,486 [Test worker] END   org.seasar.doma.it.dao.DepartmentDaoImpl#selectById
INFO  2014-02-08 10:52:22,486 [Test worker] START org.seasar.doma.it.dao.DepartmentDaoImpl#update
DEBUG 2014-02-08 10:52:22,486 [Test worker] 論理的なコネクションを取得しました。tx=[FormatId=4360, GlobalId=1391824339450/52, BranchId=]
INFO  2014-02-08 10:52:22,486 [Test worker] sqlFilePath=[null]
update DEPARTMENT set DEPARTMENT_NO = 1, DEPARTMENT_NAME = 'hoge', VERSION = 1 + 1 where DEPARTMENT_ID = 1 and VERSION = 1
DEBUG 2014-02-08 10:52:22,486 [Test worker] 論理的なコネクションを閉じました。tx=[FormatId=4360, GlobalId=1391824339450/52, BranchId=]
INFO  2014-02-08 10:52:22,486 [Test worker] END   org.seasar.doma.it.dao.DepartmentDaoImpl#update
INFO  2014-02-08 10:52:22,486 [Test worker] START org.seasar.doma.it.dao.DepartmentDaoImpl#selectById
DEBUG 2014-02-08 10:52:22,487 [Test worker] 論理的なコネクションを取得しました。tx=[FormatId=4360, GlobalId=1391824339450/52, BranchId=]
INFO  2014-02-08 10:52:22,487 [Test worker] sqlFilePath=[META-INF/org/seasar/doma/it/dao/DepartmentDao/selectById.sql]
select * from DEPARTMENT where DEPARTMENT_ID = 1
DEBUG 2014-02-08 10:52:22,487 [Test worker] 論理的なコネクションを閉じました。tx=[FormatId=4360, GlobalId=1391824339450/52, BranchId=]
INFO  2014-02-08 10:52:22,487 [Test worker] END   org.seasar.doma.it.dao.DepartmentDaoImpl#selectById
DEBUG 2014-02-08 10:52:22,487 [Test worker] トランザクションをロールバックしました。tx=[FormatId=4360, GlobalId=1391824339450/52, BranchId=]
DEBUG 2014-02-08 10:52:22,490 [Test worker] 物理的なコネクションを閉じました
DEBUG 2014-02-08 10:52:22,492 [Test worker] 環境変数#Envにファイル(env_ut.txt)から値(h2)が設定されました
DEBUG 2014-02-08 10:52:22,492 [Test worker] S2Containerを作成します。path=s2junit4.dicon
DEBUG 2014-02-08 10:52:22,494 [Test worker] S2Containerを作成しました。path=s2junit4.dicon
DEBUG 2014-02-08 10:52:22,494 [Test worker] 設定ファイル(jdbc.dicon)をインクルードします
DEBUG 2014-02-08 10:52:22,494 [Test worker] S2Containerを作成します。path=jdbc.dicon
DEBUG 2014-02-08 10:52:22,495 [Test worker] S2Containerを作成します。path=jta.dicon
DEBUG 2014-02-08 10:52:22,499 [Test worker] S2Containerを作成しました。path=jta.dicon
DEBUG 2014-02-08 10:52:22,499 [Test worker] S2Containerを作成します。path=xadatasource.dicon
DEBUG 2014-02-08 10:52:22,501 [Test worker] S2Containerを作成しました。path=xadatasource.dicon
DEBUG 2014-02-08 10:52:22,502 [Test worker] S2Containerを作成しました。path=jdbc.dicon
DEBUG 2014-02-08 10:52:22,503 [Test worker] トランザクションを開始しました。tx=[FormatId=4360, GlobalId=1391824339450/53, BranchId=]
INFO  2014-02-08 10:52:22,503 [Test worker] START org.seasar.doma.it.dao.DepartmentDaoImpl#selectById
DEBUG 2014-02-08 10:52:22,533 [Test worker] 物理的なコネクションを取得しました
DEBUG 2014-02-08 10:52:22,533 [Test worker] 論理的なコネクションを取得しました。tx=[FormatId=4360, GlobalId=1391824339450/53, BranchId=]
INFO  2014-02-08 10:52:22,533 [Test worker] sqlFilePath=[META-INF/org/seasar/doma/it/dao/DepartmentDao/selectById.sql]
select * from DEPARTMENT where DEPARTMENT_ID = 1
DEBUG 2014-02-08 10:52:22,534 [Test worker] 論理的なコネクションを閉じました。tx=[FormatId=4360, GlobalId=1391824339450/53, BranchId=]
INFO  2014-02-08 10:52:22,534 [Test worker] END   org.seasar.doma.it.dao.DepartmentDaoImpl#selectById
INFO  2014-02-08 10:52:22,534 [Test worker] START org.seasar.doma.it.dao.DepartmentDaoImpl#update_excludeNull
DEBUG 2014-02-08 10:52:22,534 [Test worker] 論理的なコネクションを取得しました。tx=[FormatId=4360, GlobalId=1391824339450/53, BranchId=]
INFO  2014-02-08 10:52:22,534 [Test worker] sqlFilePath=[null]
update DEPARTMENT set DEPARTMENT_NO = 1, VERSION = 1 + 1 where DEPARTMENT_ID = 1 and VERSION = 1
DEBUG 2014-02-08 10:52:22,534 [Test worker] 論理的なコネクションを閉じました。tx=[FormatId=4360, GlobalId=1391824339450/53, BranchId=]
INFO  2014-02-08 10:52:22,534 [Test worker] END   org.seasar.doma.it.dao.DepartmentDaoImpl#update_excludeNull
INFO  2014-02-08 10:52:22,534 [Test worker] START org.seasar.doma.it.dao.DepartmentDaoImpl#selectById
DEBUG 2014-02-08 10:52:22,534 [Test worker] 論理的なコネクションを取得しました。tx=[FormatId=4360, GlobalId=1391824339450/53, BranchId=]
INFO  2014-02-08 10:52:22,534 [Test worker] sqlFilePath=[META-INF/org/seasar/doma/it/dao/DepartmentDao/selectById.sql]
select * from DEPARTMENT where DEPARTMENT_ID = 1
DEBUG 2014-02-08 10:52:22,535 [Test worker] 論理的なコネクションを閉じました。tx=[FormatId=4360, GlobalId=1391824339450/53, BranchId=]
INFO  2014-02-08 10:52:22,535 [Test worker] END   org.seasar.doma.it.dao.DepartmentDaoImpl#selectById
DEBUG 2014-02-08 10:52:22,535 [Test worker] トランザクションをロールバックしました。tx=[FormatId=4360, GlobalId=1391824339450/53, BranchId=]
DEBUG 2014-02-08 10:52:22,539 [Test worker] 物理的なコネクションを閉じました
DEBUG 2014-02-08 10:52:22,540 [Test worker] 環境変数#Envにファイル(env_ut.txt)から値(h2)が設定されました
DEBUG 2014-02-08 10:52:22,540 [Test worker] S2Containerを作成します。path=s2junit4.dicon
DEBUG 2014-02-08 10:52:22,543 [Test worker] S2Containerを作成しました。path=s2junit4.dicon
DEBUG 2014-02-08 10:52:22,544 [Test worker] 設定ファイル(jdbc.dicon)をインクルードします
DEBUG 2014-02-08 10:52:22,544 [Test worker] S2Containerを作成します。path=jdbc.dicon
DEBUG 2014-02-08 10:52:22,545 [Test worker] S2Containerを作成します。path=jta.dicon
DEBUG 2014-02-08 10:52:22,546 [Test worker] S2Containerを作成しました。path=jta.dicon
DEBUG 2014-02-08 10:52:22,546 [Test worker] S2Containerを作成します。path=xadatasource.dicon
DEBUG 2014-02-08 10:52:22,548 [Test worker] S2Containerを作成しました。path=xadatasource.dicon
DEBUG 2014-02-08 10:52:22,549 [Test worker] S2Containerを作成しました。path=jdbc.dicon
DEBUG 2014-02-08 10:52:22,550 [Test worker] トランザクションを開始しました。tx=[FormatId=4360, GlobalId=1391824339450/54, BranchId=]
INFO  2014-02-08 10:52:22,550 [Test worker] START org.seasar.doma.it.dao.DepartmentDaoImpl#selectById
DEBUG 2014-02-08 10:52:22,582 [Test worker] 物理的なコネクションを取得しました
DEBUG 2014-02-08 10:52:22,582 [Test worker] 論理的なコネクションを取得しました。tx=[FormatId=4360, GlobalId=1391824339450/54, BranchId=]
INFO  2014-02-08 10:52:22,582 [Test worker] sqlFilePath=[META-INF/org/seasar/doma/it/dao/DepartmentDao/selectById.sql]
select * from DEPARTMENT where DEPARTMENT_ID = 1
DEBUG 2014-02-08 10:52:22,582 [Test worker] 論理的なコネクションを閉じました。tx=[FormatId=4360, GlobalId=1391824339450/54, BranchId=]
INFO  2014-02-08 10:52:22,582 [Test worker] END   org.seasar.doma.it.dao.DepartmentDaoImpl#selectById
INFO  2014-02-08 10:52:22,582 [Test worker] START org.seasar.doma.it.dao.DepartmentDaoImpl#update
INFO  2014-02-08 10:52:22,583 [Test worker] SKIPPED(STATE_UNCHANGED) org.seasar.doma.it.dao.DepartmentDaoImpl#update
INFO  2014-02-08 10:52:22,583 [Test worker] END   org.seasar.doma.it.dao.DepartmentDaoImpl#update
DEBUG 2014-02-08 10:52:22,583 [Test worker] トランザクションをロールバックしました。tx=[FormatId=4360, GlobalId=1391824339450/54, BranchId=]
DEBUG 2014-02-08 10:52:22,586 [Test worker] 物理的なコネクションを閉じました
DEBUG 2014-02-08 10:52:22,587 [Test worker] 環境変数#Envにファイル(env_ut.txt)から値(h2)が設定されました
DEBUG 2014-02-08 10:52:22,588 [Test worker] S2Containerを作成します。path=s2junit4.dicon
DEBUG 2014-02-08 10:52:22,591 [Test worker] S2Containerを作成しました。path=s2junit4.dicon
DEBUG 2014-02-08 10:52:22,591 [Test worker] 設定ファイル(jdbc.dicon)をインクルードします
DEBUG 2014-02-08 10:52:22,591 [Test worker] S2Containerを作成します。path=jdbc.dicon
DEBUG 2014-02-08 10:52:22,592 [Test worker] S2Containerを作成します。path=jta.dicon
DEBUG 2014-02-08 10:52:22,594 [Test worker] S2Containerを作成しました。path=jta.dicon
DEBUG 2014-02-08 10:52:22,594 [Test worker] S2Containerを作成します。path=xadatasource.dicon
DEBUG 2014-02-08 10:52:22,595 [Test worker] S2Containerを作成しました。path=xadatasource.dicon
DEBUG 2014-02-08 10:52:22,596 [Test worker] S2Containerを作成しました。path=jdbc.dicon
DEBUG 2014-02-08 10:52:22,597 [Test worker] トランザクションを開始しました。tx=[FormatId=4360, GlobalId=1391824339450/55, BranchId=]
INFO  2014-02-08 10:52:22,597 [Test worker] START org.seasar.doma.it.dao.DeptDaoImpl#selectById
DEBUG 2014-02-08 10:52:22,628 [Test worker] 物理的なコネクションを取得しました
DEBUG 2014-02-08 10:52:22,628 [Test worker] 論理的なコネクションを取得しました。tx=[FormatId=4360, GlobalId=1391824339450/55, BranchId=]
INFO  2014-02-08 10:52:22,629 [Test worker] sqlFilePath=[META-INF/org/seasar/doma/it/dao/DeptDao/selectById.sql]
select * from DEPARTMENT where DEPARTMENT_ID = 1
DEBUG 2014-02-08 10:52:22,629 [Test worker] 論理的なコネクションを閉じました。tx=[FormatId=4360, GlobalId=1391824339450/55, BranchId=]
INFO  2014-02-08 10:52:22,629 [Test worker] END   org.seasar.doma.it.dao.DeptDaoImpl#selectById
INFO  2014-02-08 10:52:22,629 [Test worker] START org.seasar.doma.it.dao.DeptDaoImpl#update
DEBUG 2014-02-08 10:52:22,629 [Test worker] 論理的なコネクションを取得しました。tx=[FormatId=4360, GlobalId=1391824339450/55, BranchId=]
INFO  2014-02-08 10:52:22,629 [Test worker] sqlFilePath=[null]
update DEPARTMENT set DEPARTMENT_NO = 1, DEPARTMENT_NAME = 'hoge_preU', LOCATION = 'NEW YORK', VERSION = 1 + 1 where DEPARTMENT_ID = 1 and VERSION = 1
DEBUG 2014-02-08 10:52:22,629 [Test worker] 論理的なコネクションを閉じました。tx=[FormatId=4360, GlobalId=1391824339450/55, BranchId=]
INFO  2014-02-08 10:52:22,629 [Test worker] END   org.seasar.doma.it.dao.DeptDaoImpl#update
INFO  2014-02-08 10:52:22,629 [Test worker] START org.seasar.doma.it.dao.DeptDaoImpl#selectById
DEBUG 2014-02-08 10:52:22,630 [Test worker] 論理的なコネクションを取得しました。tx=[FormatId=4360, GlobalId=1391824339450/55, BranchId=]
INFO  2014-02-08 10:52:22,630 [Test worker] sqlFilePath=[META-INF/org/seasar/doma/it/dao/DeptDao/selectById.sql]
select * from DEPARTMENT where DEPARTMENT_ID = 1
DEBUG 2014-02-08 10:52:22,630 [Test worker] 論理的なコネクションを閉じました。tx=[FormatId=4360, GlobalId=1391824339450/55, BranchId=]
INFO  2014-02-08 10:52:22,630 [Test worker] END   org.seasar.doma.it.dao.DeptDaoImpl#selectById
DEBUG 2014-02-08 10:52:22,630 [Test worker] トランザクションをロールバックしました。tx=[FormatId=4360, GlobalId=1391824339450/55, BranchId=]
DEBUG 2014-02-08 10:52:22,633 [Test worker] 物理的なコネクションを閉じました
DEBUG 2014-02-08 10:52:22,634 [Test worker] 環境変数#Envにファイル(env_ut.txt)から値(h2)が設定されました
DEBUG 2014-02-08 10:52:22,635 [Test worker] S2Containerを作成します。path=s2junit4.dicon
DEBUG 2014-02-08 10:52:22,637 [Test worker] S2Containerを作成しました。path=s2junit4.dicon
DEBUG 2014-02-08 10:52:22,637 [Test worker] 設定ファイル(jdbc.dicon)をインクルードします
DEBUG 2014-02-08 10:52:22,637 [Test worker] S2Containerを作成します。path=jdbc.dicon
DEBUG 2014-02-08 10:52:22,638 [Test worker] S2Containerを作成します。path=jta.dicon
DEBUG 2014-02-08 10:52:22,639 [Test worker] S2Containerを作成しました。path=jta.dicon
DEBUG 2014-02-08 10:52:22,639 [Test worker] S2Containerを作成します。path=xadatasource.dicon
DEBUG 2014-02-08 10:52:22,640 [Test worker] S2Containerを作成しました。path=xadatasource.dicon
DEBUG 2014-02-08 10:52:22,641 [Test worker] S2Containerを作成しました。path=jdbc.dicon
DEBUG 2014-02-08 10:52:22,642 [Test worker] トランザクションを開始しました。tx=[FormatId=4360, GlobalId=1391824339450/56, BranchId=]
INFO  2014-02-08 10:52:22,642 [Test worker] START org.seasar.doma.it.dao.DepartmentDaoImpl#selectById
DEBUG 2014-02-08 10:52:22,672 [Test worker] 物理的なコネクションを取得しました
DEBUG 2014-02-08 10:52:22,673 [Test worker] 論理的なコネクションを取得しました。tx=[FormatId=4360, GlobalId=1391824339450/56, BranchId=]
INFO  2014-02-08 10:52:22,673 [Test worker] sqlFilePath=[META-INF/org/seasar/doma/it/dao/DepartmentDao/selectById.sql]
select * from DEPARTMENT where DEPARTMENT_ID = 1
DEBUG 2014-02-08 10:52:22,673 [Test worker] 論理的なコネクションを閉じました。tx=[FormatId=4360, GlobalId=1391824339450/56, BranchId=]
INFO  2014-02-08 10:52:22,673 [Test worker] END   org.seasar.doma.it.dao.DepartmentDaoImpl#selectById
INFO  2014-02-08 10:52:22,673 [Test worker] START org.seasar.doma.it.dao.DepartmentDaoImpl#update_ignoreVersion
DEBUG 2014-02-08 10:52:22,673 [Test worker] 論理的なコネクションを取得しました。tx=[FormatId=4360, GlobalId=1391824339450/56, BranchId=]
INFO  2014-02-08 10:52:22,673 [Test worker] sqlFilePath=[null]
update DEPARTMENT set DEPARTMENT_NO = 1, DEPARTMENT_NAME = 'hoge', VERSION = 100 where DEPARTMENT_ID = 1
DEBUG 2014-02-08 10:52:22,673 [Test worker] 論理的なコネクションを閉じました。tx=[FormatId=4360, GlobalId=1391824339450/56, BranchId=]
INFO  2014-02-08 10:52:22,674 [Test worker] END   org.seasar.doma.it.dao.DepartmentDaoImpl#update_ignoreVersion
INFO  2014-02-08 10:52:22,674 [Test worker] START org.seasar.doma.it.dao.DepartmentDaoImpl#selectById
DEBUG 2014-02-08 10:52:22,674 [Test worker] 論理的なコネクションを取得しました。tx=[FormatId=4360, GlobalId=1391824339450/56, BranchId=]
INFO  2014-02-08 10:52:22,674 [Test worker] sqlFilePath=[META-INF/org/seasar/doma/it/dao/DepartmentDao/selectById.sql]
select * from DEPARTMENT where DEPARTMENT_ID = 1
DEBUG 2014-02-08 10:52:22,674 [Test worker] 論理的なコネクションを閉じました。tx=[FormatId=4360, GlobalId=1391824339450/56, BranchId=]
INFO  2014-02-08 10:52:22,674 [Test worker] END   org.seasar.doma.it.dao.DepartmentDaoImpl#selectById
DEBUG 2014-02-08 10:52:22,674 [Test worker] トランザクションをロールバックしました。tx=[FormatId=4360, GlobalId=1391824339450/56, BranchId=]
DEBUG 2014-02-08 10:52:22,677 [Test worker] 物理的なコネクションを閉じました
DEBUG 2014-02-08 10:52:22,679 [Test worker] 環境変数#Envにファイル(env_ut.txt)から値(h2)が設定されました
DEBUG 2014-02-08 10:52:22,679 [Test worker] S2Containerを作成します。path=s2junit4.dicon
DEBUG 2014-02-08 10:52:22,682 [Test worker] S2Containerを作成しました。path=s2junit4.dicon
DEBUG 2014-02-08 10:52:22,682 [Test worker] 設定ファイル(jdbc.dicon)をインクルードします
DEBUG 2014-02-08 10:52:22,682 [Test worker] S2Containerを作成します。path=jdbc.dicon
DEBUG 2014-02-08 10:52:22,683 [Test worker] S2Containerを作成します。path=jta.dicon
DEBUG 2014-02-08 10:52:22,685 [Test worker] S2Containerを作成しました。path=jta.dicon
DEBUG 2014-02-08 10:52:22,685 [Test worker] S2Containerを作成します。path=xadatasource.dicon
DEBUG 2014-02-08 10:52:22,687 [Test worker] S2Containerを作成しました。path=xadatasource.dicon
DEBUG 2014-02-08 10:52:22,688 [Test worker] S2Containerを作成しました。path=jdbc.dicon
DEBUG 2014-02-08 10:52:22,689 [Test worker] トランザクションを開始しました。tx=[FormatId=4360, GlobalId=1391824339450/57, BranchId=]
INFO  2014-02-08 10:52:22,689 [Test worker] START org.seasar.doma.it.dao.CompKeyDepartmentDaoImpl#selectById
DEBUG 2014-02-08 10:52:22,720 [Test worker] 物理的なコネクションを取得しました
DEBUG 2014-02-08 10:52:22,720 [Test worker] 論理的なコネクションを取得しました。tx=[FormatId=4360, GlobalId=1391824339450/57, BranchId=]
INFO  2014-02-08 10:52:22,721 [Test worker] sqlFilePath=[META-INF/org/seasar/doma/it/dao/CompKeyDepartmentDao/selectById.sql]
select * from COMP_KEY_DEPARTMENT where DEPARTMENT_ID1 = 1 and DEPARTMENT_ID2 = 1
DEBUG 2014-02-08 10:52:22,721 [Test worker] 論理的なコネクションを閉じました。tx=[FormatId=4360, GlobalId=1391824339450/57, BranchId=]
INFO  2014-02-08 10:52:22,721 [Test worker] END   org.seasar.doma.it.dao.CompKeyDepartmentDaoImpl#selectById
INFO  2014-02-08 10:52:22,721 [Test worker] START org.seasar.doma.it.dao.CompKeyDepartmentDaoImpl#update
DEBUG 2014-02-08 10:52:22,721 [Test worker] 論理的なコネクションを取得しました。tx=[FormatId=4360, GlobalId=1391824339450/57, BranchId=]
INFO  2014-02-08 10:52:22,721 [Test worker] sqlFilePath=[null]
update COMP_KEY_DEPARTMENT set DEPARTMENT_NO = 1, DEPARTMENT_NAME = 'hoge', VERSION = 1 + 1 where DEPARTMENT_ID1 = 1 and DEPARTMENT_ID2 = 1 and VERSION = 1
DEBUG 2014-02-08 10:52:22,722 [Test worker] 論理的なコネクションを閉じました。tx=[FormatId=4360, GlobalId=1391824339450/57, BranchId=]
INFO  2014-02-08 10:52:22,722 [Test worker] END   org.seasar.doma.it.dao.CompKeyDepartmentDaoImpl#update
INFO  2014-02-08 10:52:22,722 [Test worker] START org.seasar.doma.it.dao.CompKeyDepartmentDaoImpl#selectById
DEBUG 2014-02-08 10:52:22,722 [Test worker] 論理的なコネクションを取得しました。tx=[FormatId=4360, GlobalId=1391824339450/57, BranchId=]
INFO  2014-02-08 10:52:22,722 [Test worker] sqlFilePath=[META-INF/org/seasar/doma/it/dao/CompKeyDepartmentDao/selectById.sql]
select * from COMP_KEY_DEPARTMENT where DEPARTMENT_ID1 = 1 and DEPARTMENT_ID2 = 1
DEBUG 2014-02-08 10:52:22,722 [Test worker] 論理的なコネクションを閉じました。tx=[FormatId=4360, GlobalId=1391824339450/57, BranchId=]
INFO  2014-02-08 10:52:22,722 [Test worker] END   org.seasar.doma.it.dao.CompKeyDepartmentDaoImpl#selectById
DEBUG 2014-02-08 10:52:22,722 [Test worker] トランザクションをロールバックしました。tx=[FormatId=4360, GlobalId=1391824339450/57, BranchId=]
DEBUG 2014-02-08 10:52:22,725 [Test worker] 物理的なコネクションを閉じました
DEBUG 2014-02-08 10:52:22,727 [Test worker] 環境変数#Envにファイル(env_ut.txt)から値(h2)が設定されました
DEBUG 2014-02-08 10:52:22,727 [Test worker] S2Containerを作成します。path=s2junit4.dicon
DEBUG 2014-02-08 10:52:22,729 [Test worker] S2Containerを作成しました。path=s2junit4.dicon
DEBUG 2014-02-08 10:52:22,730 [Test worker] 設定ファイル(jdbc.dicon)をインクルードします
DEBUG 2014-02-08 10:52:22,730 [Test worker] S2Containerを作成します。path=jdbc.dicon
DEBUG 2014-02-08 10:52:22,730 [Test worker] S2Containerを作成します。path=jta.dicon
DEBUG 2014-02-08 10:52:22,732 [Test worker] S2Containerを作成しました。path=jta.dicon
DEBUG 2014-02-08 10:52:22,732 [Test worker] S2Containerを作成します。path=xadatasource.dicon
DEBUG 2014-02-08 10:52:22,733 [Test worker] S2Containerを作成しました。path=xadatasource.dicon
DEBUG 2014-02-08 10:52:22,734 [Test worker] S2Containerを作成しました。path=jdbc.dicon
DEBUG 2014-02-08 10:52:22,735 [Test worker] トランザクションを開始しました。tx=[FormatId=4360, GlobalId=1391824339450/58, BranchId=]
INFO  2014-02-08 10:52:22,735 [Test worker] START org.seasar.doma.it.dao.NoIdDaoImpl#update
INFO  2014-02-08 10:52:22,735 [Test worker] END   org.seasar.doma.it.dao.NoIdDaoImpl#update RuntimeException: org.seasar.doma.jdbc.JdbcException: [DOMA2022] IDプロパティのないエンティティ[NoId]の更新や削除はできません。
DEBUG 2014-02-08 10:52:22,735 [Test worker] トランザクションをロールバックしました。tx=[FormatId=4360, GlobalId=1391824339450/58, BranchId=]
DEBUG 2014-02-08 10:52:22,737 [Test worker] 環境変数#Envにファイル(env_ut.txt)から値(h2)が設定されました
DEBUG 2014-02-08 10:52:22,737 [Test worker] S2Containerを作成します。path=s2junit4.dicon
DEBUG 2014-02-08 10:52:22,739 [Test worker] S2Containerを作成しました。path=s2junit4.dicon
DEBUG 2014-02-08 10:52:22,739 [Test worker] 設定ファイル(jdbc.dicon)をインクルードします
DEBUG 2014-02-08 10:52:22,739 [Test worker] S2Containerを作成します。path=jdbc.dicon
DEBUG 2014-02-08 10:52:22,740 [Test worker] S2Containerを作成します。path=jta.dicon
DEBUG 2014-02-08 10:52:22,741 [Test worker] S2Containerを作成しました。path=jta.dicon
DEBUG 2014-02-08 10:52:22,741 [Test worker] S2Containerを作成します。path=xadatasource.dicon
DEBUG 2014-02-08 10:52:22,743 [Test worker] S2Containerを作成しました。path=xadatasource.dicon
DEBUG 2014-02-08 10:52:22,743 [Test worker] S2Containerを作成しました。path=jdbc.dicon
DEBUG 2014-02-08 10:52:22,744 [Test worker] トランザクションを開始しました。tx=[FormatId=4360, GlobalId=1391824339450/59, BranchId=]
INFO  2014-02-08 10:52:22,744 [Test worker] START org.seasar.doma.it.dao.DepartmentDaoImpl#selectById
DEBUG 2014-02-08 10:52:22,776 [Test worker] 物理的なコネクションを取得しました
DEBUG 2014-02-08 10:52:22,776 [Test worker] 論理的なコネクションを取得しました。tx=[FormatId=4360, GlobalId=1391824339450/59, BranchId=]
INFO  2014-02-08 10:52:22,777 [Test worker] sqlFilePath=[META-INF/org/seasar/doma/it/dao/DepartmentDao/selectById.sql]
select * from DEPARTMENT where DEPARTMENT_ID = 1
DEBUG 2014-02-08 10:52:22,777 [Test worker] 論理的なコネクションを閉じました。tx=[FormatId=4360, GlobalId=1391824339450/59, BranchId=]
INFO  2014-02-08 10:52:22,777 [Test worker] END   org.seasar.doma.it.dao.DepartmentDaoImpl#selectById
INFO  2014-02-08 10:52:22,777 [Test worker] START org.seasar.doma.it.dao.DepartmentDaoImpl#selectById
DEBUG 2014-02-08 10:52:22,777 [Test worker] 論理的なコネクションを取得しました。tx=[FormatId=4360, GlobalId=1391824339450/59, BranchId=]
INFO  2014-02-08 10:52:22,777 [Test worker] sqlFilePath=[META-INF/org/seasar/doma/it/dao/DepartmentDao/selectById.sql]
select * from DEPARTMENT where DEPARTMENT_ID = 1
DEBUG 2014-02-08 10:52:22,777 [Test worker] 論理的なコネクションを閉じました。tx=[FormatId=4360, GlobalId=1391824339450/59, BranchId=]
INFO  2014-02-08 10:52:22,777 [Test worker] END   org.seasar.doma.it.dao.DepartmentDaoImpl#selectById
INFO  2014-02-08 10:52:22,777 [Test worker] START org.seasar.doma.it.dao.DepartmentDaoImpl#update
DEBUG 2014-02-08 10:52:22,777 [Test worker] 論理的なコネクションを取得しました。tx=[FormatId=4360, GlobalId=1391824339450/59, BranchId=]
INFO  2014-02-08 10:52:22,778 [Test worker] sqlFilePath=[null]
update DEPARTMENT set DEPARTMENT_NAME = 'hoge', VERSION = 1 + 1 where DEPARTMENT_ID = 1 and VERSION = 1
DEBUG 2014-02-08 10:52:22,778 [Test worker] 論理的なコネクションを閉じました。tx=[FormatId=4360, GlobalId=1391824339450/59, BranchId=]
INFO  2014-02-08 10:52:22,778 [Test worker] END   org.seasar.doma.it.dao.DepartmentDaoImpl#update
INFO  2014-02-08 10:52:22,778 [Test worker] START org.seasar.doma.it.dao.DepartmentDaoImpl#update
DEBUG 2014-02-08 10:52:22,778 [Test worker] 論理的なコネクションを取得しました。tx=[FormatId=4360, GlobalId=1391824339450/59, BranchId=]
INFO  2014-02-08 10:52:22,778 [Test worker] sqlFilePath=[null]
update DEPARTMENT set DEPARTMENT_NAME = 'foo', VERSION = 1 + 1 where DEPARTMENT_ID = 1 and VERSION = 1
DEBUG 2014-02-08 10:52:22,778 [Test worker] 論理的なコネクションを閉じました。tx=[FormatId=4360, GlobalId=1391824339450/59, BranchId=]
INFO  2014-02-08 10:52:22,778 [Test worker] END   org.seasar.doma.it.dao.DepartmentDaoImpl#update RuntimeException: org.seasar.doma.jdbc.OptimisticLockException: [DOMA2003] 楽観的排他制御により更新処理が失敗しました。
SQLファイルパス=[null]。
ログ用SQL=[update DEPARTMENT set DEPARTMENT_NAME = 'foo', VERSION = 1 + 1 where DEPARTMENT_ID = 1 and VERSION = 1]。
DEBUG 2014-02-08 10:52:22,778 [Test worker] トランザクションをロールバックしました。tx=[FormatId=4360, GlobalId=1391824339450/59, BranchId=]
DEBUG 2014-02-08 10:52:22,781 [Test worker] 物理的なコネクションを閉じました
DEBUG 2014-02-08 10:52:22,783 [Test worker] 環境変数#Envにファイル(env_ut.txt)から値(h2)が設定されました
DEBUG 2014-02-08 10:52:22,783 [Test worker] S2Containerを作成します。path=s2junit4.dicon
DEBUG 2014-02-08 10:52:22,785 [Test worker] S2Containerを作成しました。path=s2junit4.dicon
DEBUG 2014-02-08 10:52:22,785 [Test worker] 設定ファイル(jdbc.dicon)をインクルードします
DEBUG 2014-02-08 10:52:22,785 [Test worker] S2Containerを作成します。path=jdbc.dicon
DEBUG 2014-02-08 10:52:22,786 [Test worker] S2Containerを作成します。path=jta.dicon
DEBUG 2014-02-08 10:52:22,787 [Test worker] S2Containerを作成しました。path=jta.dicon
DEBUG 2014-02-08 10:52:22,787 [Test worker] S2Containerを作成します。path=xadatasource.dicon
DEBUG 2014-02-08 10:52:22,789 [Test worker] S2Containerを作成しました。path=xadatasource.dicon
DEBUG 2014-02-08 10:52:22,789 [Test worker] S2Containerを作成しました。path=jdbc.dicon
DEBUG 2014-02-08 10:52:22,790 [Test worker] トランザクションを開始しました。tx=[FormatId=4360, GlobalId=1391824339450/60, BranchId=]
INFO  2014-02-08 10:52:22,790 [Test worker] START org.seasar.doma.it.dao.DepartmentDaoImpl#selectById
DEBUG 2014-02-08 10:52:22,823 [Test worker] 物理的なコネクションを取得しました
DEBUG 2014-02-08 10:52:22,823 [Test worker] 論理的なコネクションを取得しました。tx=[FormatId=4360, GlobalId=1391824339450/60, BranchId=]
INFO  2014-02-08 10:52:22,823 [Test worker] sqlFilePath=[META-INF/org/seasar/doma/it/dao/DepartmentDao/selectById.sql]
select * from DEPARTMENT where DEPARTMENT_ID = 1
DEBUG 2014-02-08 10:52:22,823 [Test worker] 論理的なコネクションを閉じました。tx=[FormatId=4360, GlobalId=1391824339450/60, BranchId=]
INFO  2014-02-08 10:52:22,823 [Test worker] END   org.seasar.doma.it.dao.DepartmentDaoImpl#selectById
INFO  2014-02-08 10:52:22,823 [Test worker] START org.seasar.doma.it.dao.DepartmentDaoImpl#selectById
DEBUG 2014-02-08 10:52:22,823 [Test worker] 論理的なコネクションを取得しました。tx=[FormatId=4360, GlobalId=1391824339450/60, BranchId=]
INFO  2014-02-08 10:52:22,823 [Test worker] sqlFilePath=[META-INF/org/seasar/doma/it/dao/DepartmentDao/selectById.sql]
select * from DEPARTMENT where DEPARTMENT_ID = 1
DEBUG 2014-02-08 10:52:22,823 [Test worker] 論理的なコネクションを閉じました。tx=[FormatId=4360, GlobalId=1391824339450/60, BranchId=]
INFO  2014-02-08 10:52:22,824 [Test worker] END   org.seasar.doma.it.dao.DepartmentDaoImpl#selectById
INFO  2014-02-08 10:52:22,824 [Test worker] START org.seasar.doma.it.dao.DepartmentDaoImpl#update
DEBUG 2014-02-08 10:52:22,824 [Test worker] 論理的なコネクションを取得しました。tx=[FormatId=4360, GlobalId=1391824339450/60, BranchId=]
INFO  2014-02-08 10:52:22,824 [Test worker] sqlFilePath=[null]
update DEPARTMENT set DEPARTMENT_NAME = 'hoge', VERSION = 1 + 1 where DEPARTMENT_ID = 1 and VERSION = 1
DEBUG 2014-02-08 10:52:22,824 [Test worker] 論理的なコネクションを閉じました。tx=[FormatId=4360, GlobalId=1391824339450/60, BranchId=]
INFO  2014-02-08 10:52:22,824 [Test worker] END   org.seasar.doma.it.dao.DepartmentDaoImpl#update
INFO  2014-02-08 10:52:22,824 [Test worker] START org.seasar.doma.it.dao.DepartmentDaoImpl#update_suppressOptimisticLockException
DEBUG 2014-02-08 10:52:22,824 [Test worker] 論理的なコネクションを取得しました。tx=[FormatId=4360, GlobalId=1391824339450/60, BranchId=]
INFO  2014-02-08 10:52:22,824 [Test worker] sqlFilePath=[null]
update DEPARTMENT set DEPARTMENT_NAME = 'foo', VERSION = 1 + 1 where DEPARTMENT_ID = 1 and VERSION = 1
DEBUG 2014-02-08 10:52:22,824 [Test worker] 論理的なコネクションを閉じました。tx=[FormatId=4360, GlobalId=1391824339450/60, BranchId=]
INFO  2014-02-08 10:52:22,824 [Test worker] END   org.seasar.doma.it.dao.DepartmentDaoImpl#update_suppressOptimisticLockException
DEBUG 2014-02-08 10:52:22,825 [Test worker] トランザクションをロールバックしました。tx=[FormatId=4360, GlobalId=1391824339450/60, BranchId=]
DEBUG 2014-02-08 10:52:22,828 [Test worker] 物理的なコネクションを閉じました
DEBUG 2014-02-08 10:52:22,829 [Test worker] 環境変数#Envにファイル(env_ut.txt)から値(h2)が設定されました
DEBUG 2014-02-08 10:52:22,830 [Test worker] S2Containerを作成します。path=s2junit4.dicon
DEBUG 2014-02-08 10:52:22,832 [Test worker] S2Containerを作成しました。path=s2junit4.dicon
DEBUG 2014-02-08 10:52:22,832 [Test worker] 設定ファイル(jdbc.dicon)をインクルードします
DEBUG 2014-02-08 10:52:22,832 [Test worker] S2Containerを作成します。path=jdbc.dicon
DEBUG 2014-02-08 10:52:22,833 [Test worker] S2Containerを作成します。path=jta.dicon
DEBUG 2014-02-08 10:52:22,834 [Test worker] S2Containerを作成しました。path=jta.dicon
DEBUG 2014-02-08 10:52:22,834 [Test worker] S2Containerを作成します。path=xadatasource.dicon
DEBUG 2014-02-08 10:52:22,836 [Test worker] S2Containerを作成しました。path=xadatasource.dicon
DEBUG 2014-02-08 10:52:22,836 [Test worker] S2Containerを作成しました。path=jdbc.dicon
DEBUG 2014-02-08 10:52:22,837 [Test worker] トランザクションを開始しました。tx=[FormatId=4360, GlobalId=1391824339450/61, BranchId=]
INFO  2014-02-08 10:52:22,837 [Test worker] START org.seasar.doma.it.dao.WorkerDaoImpl#selectById
DEBUG 2014-02-08 10:52:26,039 [Test worker] 物理的なコネクションを取得しました
DEBUG 2014-02-08 10:52:26,040 [Test worker] 論理的なコネクションを取得しました。tx=[FormatId=4360, GlobalId=1391824339450/61, BranchId=]
INFO  2014-02-08 10:52:26,040 [Test worker] sqlFilePath=[META-INF/org/seasar/doma/it/dao/WorkerDao/selectById.sql]
select * from EMPLOYEE where EMPLOYEE_ID = 1
DEBUG 2014-02-08 10:52:26,040 [Test worker] 論理的なコネクションを閉じました。tx=[FormatId=4360, GlobalId=1391824339450/61, BranchId=]
INFO  2014-02-08 10:52:26,040 [Test worker] END   org.seasar.doma.it.dao.WorkerDaoImpl#selectById
INFO  2014-02-08 10:52:26,040 [Test worker] START org.seasar.doma.it.dao.WorkerDaoImpl#update
DEBUG 2014-02-08 10:52:26,041 [Test worker] 論理的なコネクションを取得しました。tx=[FormatId=4360, GlobalId=1391824339450/61, BranchId=]
INFO  2014-02-08 10:52:26,041 [Test worker] sqlFilePath=[null]
update EMPLOYEE set EMPLOYEE_NO = 7369, EMPLOYEE_NAME = 'hoge', MANAGER_ID = 13, HIREDATE = '1980-12-17', SALARY = 800.00, DEPARTMENT_ID = 2, ADDRESS_ID = 1, VERSION = 1 + 1 where EMPLOYEE_ID = 1 and VERSION = 1
DEBUG 2014-02-08 10:52:26,041 [Test worker] 論理的なコネクションを閉じました。tx=[FormatId=4360, GlobalId=1391824339450/61, BranchId=]
INFO  2014-02-08 10:52:26,041 [Test worker] END   org.seasar.doma.it.dao.WorkerDaoImpl#update
INFO  2014-02-08 10:52:26,041 [Test worker] START org.seasar.doma.it.dao.WorkerDaoImpl#selectById
DEBUG 2014-02-08 10:52:26,042 [Test worker] 論理的なコネクションを取得しました。tx=[FormatId=4360, GlobalId=1391824339450/61, BranchId=]
INFO  2014-02-08 10:52:26,042 [Test worker] sqlFilePath=[META-INF/org/seasar/doma/it/dao/WorkerDao/selectById.sql]
select * from EMPLOYEE where EMPLOYEE_ID = 1
DEBUG 2014-02-08 10:52:26,042 [Test worker] 論理的なコネクションを閉じました。tx=[FormatId=4360, GlobalId=1391824339450/61, BranchId=]
INFO  2014-02-08 10:52:26,042 [Test worker] END   org.seasar.doma.it.dao.WorkerDaoImpl#selectById
DEBUG 2014-02-08 10:52:26,042 [Test worker] トランザクションをロールバックしました。tx=[FormatId=4360, GlobalId=1391824339450/61, BranchId=]
DEBUG 2014-02-08 10:52:26,045 [Test worker] 物理的なコネクションを閉じました
]]></system-out>
  <system-err><![CDATA[]]></system-err>
</testsuite>
