<?xml version="1.1" encoding="UTF-8"?>
<testsuite name="org.seasar.doma.it.sqlfile.SqlFileBatchDeleteTest" tests="2" failures="0" errors="0" timestamp="2014-02-08T01:52:31" hostname="nakamura-to-MacBook.local" time="0.092">
  <properties/>
  <testcase name="test" classname="org.seasar.doma.it.sqlfile.SqlFileBatchDeleteTest" time="0.047"/>
  <testcase name="testImmutable" classname="org.seasar.doma.it.sqlfile.SqlFileBatchDeleteTest" time="0.044"/>
  <system-out><![CDATA[DEBUG 2014-02-08 10:52:31,360 [Test worker] 環境変数#Envにファイル(env_ut.txt)から値(h2)が設定されました
DEBUG 2014-02-08 10:52:31,360 [Test worker] S2Containerを作成します。path=s2junit4.dicon
DEBUG 2014-02-08 10:52:31,362 [Test worker] S2Containerを作成しました。path=s2junit4.dicon
DEBUG 2014-02-08 10:52:31,362 [Test worker] 設定ファイル(jdbc.dicon)をインクルードします
DEBUG 2014-02-08 10:52:31,362 [Test worker] S2Containerを作成します。path=jdbc.dicon
DEBUG 2014-02-08 10:52:31,363 [Test worker] S2Containerを作成します。path=jta.dicon
DEBUG 2014-02-08 10:52:31,364 [Test worker] S2Containerを作成しました。path=jta.dicon
DEBUG 2014-02-08 10:52:31,364 [Test worker] S2Containerを作成します。path=xadatasource.dicon
DEBUG 2014-02-08 10:52:31,365 [Test worker] S2Containerを作成しました。path=xadatasource.dicon
DEBUG 2014-02-08 10:52:31,366 [Test worker] S2Containerを作成しました。path=jdbc.dicon
DEBUG 2014-02-08 10:52:31,366 [Test worker] トランザクションを開始しました。tx=[FormatId=4360, GlobalId=1391824339450/95, BranchId=]
INFO  2014-02-08 10:52:31,366 [Test worker] START org.seasar.doma.it.dao.EmployeeDaoImpl#deleteBySqlFile
DEBUG 2014-02-08 10:52:31,401 [Test worker] 物理的なコネクションを取得しました
DEBUG 2014-02-08 10:52:31,402 [Test worker] 論理的なコネクションを取得しました。tx=[FormatId=4360, GlobalId=1391824339450/95, BranchId=]
INFO  2014-02-08 10:52:31,402 [Test worker] sqlFilePath=[META-INF/org/seasar/doma/it/dao/EmployeeDao/deleteBySqlFile.sql]
delete from EMPLOYEE where EMPLOYEE_ID = 1
INFO  2014-02-08 10:52:31,402 [Test worker] sqlFilePath=[META-INF/org/seasar/doma/it/dao/EmployeeDao/deleteBySqlFile.sql]
delete from EMPLOYEE where EMPLOYEE_ID = 2
DEBUG 2014-02-08 10:52:31,402 [Test worker] 論理的なコネクションを閉じました。tx=[FormatId=4360, GlobalId=1391824339450/95, BranchId=]
INFO  2014-02-08 10:52:31,403 [Test worker] END   org.seasar.doma.it.dao.EmployeeDaoImpl#deleteBySqlFile
INFO  2014-02-08 10:52:31,403 [Test worker] START org.seasar.doma.it.dao.EmployeeDaoImpl#selectById
DEBUG 2014-02-08 10:52:31,403 [Test worker] 論理的なコネクションを取得しました。tx=[FormatId=4360, GlobalId=1391824339450/95, BranchId=]
INFO  2014-02-08 10:52:31,403 [Test worker] sqlFilePath=[META-INF/org/seasar/doma/it/dao/EmployeeDao/selectById.sql]
select * from EMPLOYEE where EMPLOYEE_ID = 1
DEBUG 2014-02-08 10:52:31,403 [Test worker] 論理的なコネクションを閉じました。tx=[FormatId=4360, GlobalId=1391824339450/95, BranchId=]
INFO  2014-02-08 10:52:31,403 [Test worker] END   org.seasar.doma.it.dao.EmployeeDaoImpl#selectById
INFO  2014-02-08 10:52:31,403 [Test worker] START org.seasar.doma.it.dao.EmployeeDaoImpl#selectById
DEBUG 2014-02-08 10:52:31,403 [Test worker] 論理的なコネクションを取得しました。tx=[FormatId=4360, GlobalId=1391824339450/95, BranchId=]
INFO  2014-02-08 10:52:31,403 [Test worker] sqlFilePath=[META-INF/org/seasar/doma/it/dao/EmployeeDao/selectById.sql]
select * from EMPLOYEE where EMPLOYEE_ID = 2
DEBUG 2014-02-08 10:52:31,403 [Test worker] 論理的なコネクションを閉じました。tx=[FormatId=4360, GlobalId=1391824339450/95, BranchId=]
INFO  2014-02-08 10:52:31,403 [Test worker] END   org.seasar.doma.it.dao.EmployeeDaoImpl#selectById
DEBUG 2014-02-08 10:52:31,404 [Test worker] トランザクションをロールバックしました。tx=[FormatId=4360, GlobalId=1391824339450/95, BranchId=]
DEBUG 2014-02-08 10:52:31,407 [Test worker] 物理的なコネクションを閉じました
DEBUG 2014-02-08 10:52:31,408 [Test worker] 環境変数#Envにファイル(env_ut.txt)から値(h2)が設定されました
DEBUG 2014-02-08 10:52:31,408 [Test worker] S2Containerを作成します。path=s2junit4.dicon
DEBUG 2014-02-08 10:52:31,410 [Test worker] S2Containerを作成しました。path=s2junit4.dicon
DEBUG 2014-02-08 10:52:31,410 [Test worker] 設定ファイル(jdbc.dicon)をインクルードします
DEBUG 2014-02-08 10:52:31,410 [Test worker] S2Containerを作成します。path=jdbc.dicon
DEBUG 2014-02-08 10:52:31,411 [Test worker] S2Containerを作成します。path=jta.dicon
DEBUG 2014-02-08 10:52:31,412 [Test worker] S2Containerを作成しました。path=jta.dicon
DEBUG 2014-02-08 10:52:31,413 [Test worker] S2Containerを作成します。path=xadatasource.dicon
DEBUG 2014-02-08 10:52:31,414 [Test worker] S2Containerを作成しました。path=xadatasource.dicon
DEBUG 2014-02-08 10:52:31,414 [Test worker] S2Containerを作成しました。path=jdbc.dicon
DEBUG 2014-02-08 10:52:31,415 [Test worker] トランザクションを開始しました。tx=[FormatId=4360, GlobalId=1391824339450/96, BranchId=]
INFO  2014-02-08 10:52:31,415 [Test worker] START org.seasar.doma.it.dao.PersonDaoImpl#deleteBySqlFile
DEBUG 2014-02-08 10:52:31,447 [Test worker] 物理的なコネクションを取得しました
DEBUG 2014-02-08 10:52:31,447 [Test worker] 論理的なコネクションを取得しました。tx=[FormatId=4360, GlobalId=1391824339450/96, BranchId=]
INFO  2014-02-08 10:52:31,447 [Test worker] sqlFilePath=[META-INF/org/seasar/doma/it/dao/PersonDao/deleteBySqlFile.sql]
delete from EMPLOYEE where EMPLOYEE_ID = 1
INFO  2014-02-08 10:52:31,448 [Test worker] sqlFilePath=[META-INF/org/seasar/doma/it/dao/PersonDao/deleteBySqlFile.sql]
delete from EMPLOYEE where EMPLOYEE_ID = 2
DEBUG 2014-02-08 10:52:31,448 [Test worker] 論理的なコネクションを閉じました。tx=[FormatId=4360, GlobalId=1391824339450/96, BranchId=]
INFO  2014-02-08 10:52:31,448 [Test worker] END   org.seasar.doma.it.dao.PersonDaoImpl#deleteBySqlFile
INFO  2014-02-08 10:52:31,448 [Test worker] START org.seasar.doma.it.dao.PersonDaoImpl#selectById
DEBUG 2014-02-08 10:52:31,448 [Test worker] 論理的なコネクションを取得しました。tx=[FormatId=4360, GlobalId=1391824339450/96, BranchId=]
INFO  2014-02-08 10:52:31,448 [Test worker] sqlFilePath=[META-INF/org/seasar/doma/it/dao/PersonDao/selectById.sql]
select * from EMPLOYEE where EMPLOYEE_ID = 1
DEBUG 2014-02-08 10:52:31,448 [Test worker] 論理的なコネクションを閉じました。tx=[FormatId=4360, GlobalId=1391824339450/96, BranchId=]
INFO  2014-02-08 10:52:31,448 [Test worker] END   org.seasar.doma.it.dao.PersonDaoImpl#selectById
INFO  2014-02-08 10:52:31,448 [Test worker] START org.seasar.doma.it.dao.PersonDaoImpl#selectById
DEBUG 2014-02-08 10:52:31,448 [Test worker] 論理的なコネクションを取得しました。tx=[FormatId=4360, GlobalId=1391824339450/96, BranchId=]
INFO  2014-02-08 10:52:31,448 [Test worker] sqlFilePath=[META-INF/org/seasar/doma/it/dao/PersonDao/selectById.sql]
select * from EMPLOYEE where EMPLOYEE_ID = 2
DEBUG 2014-02-08 10:52:31,448 [Test worker] 論理的なコネクションを閉じました。tx=[FormatId=4360, GlobalId=1391824339450/96, BranchId=]
INFO  2014-02-08 10:52:31,448 [Test worker] END   org.seasar.doma.it.dao.PersonDaoImpl#selectById
DEBUG 2014-02-08 10:52:31,449 [Test worker] トランザクションをロールバックしました。tx=[FormatId=4360, GlobalId=1391824339450/96, BranchId=]
DEBUG 2014-02-08 10:52:31,452 [Test worker] 物理的なコネクションを閉じました
]]></system-out>
  <system-err><![CDATA[]]></system-err>
</testsuite>
