<?xml version="1.1" encoding="UTF-8"?>
<testsuite name="org.seasar.doma.it.sqlfile.SqlFileSelectForUpdateTest" tests="8" failures="0" errors="0" timestamp="2014-02-08T01:52:35" hostname="nakamura-to-MacBook.local" time="0.048">
  <properties/>
  <ignored-testcase name="testUnsupported" classname="org.seasar.doma.it.sqlfile.SqlFileSelectForUpdateTest" time="0.0"/>
  <testcase name="testForUpdate" classname="org.seasar.doma.it.sqlfile.SqlFileSelectForUpdateTest" time="0.044"/>
  <ignored-testcase name="testForUpdateWithColumns" classname="org.seasar.doma.it.sqlfile.SqlFileSelectForUpdateTest" time="0.0"/>
  <ignored-testcase name="testForUpdateWithTables" classname="org.seasar.doma.it.sqlfile.SqlFileSelectForUpdateTest" time="0.0"/>
  <ignored-testcase name="testForUpdateNowait" classname="org.seasar.doma.it.sqlfile.SqlFileSelectForUpdateTest" time="0.0"/>
  <ignored-testcase name="testForUpdateNowaitWithColumns" classname="org.seasar.doma.it.sqlfile.SqlFileSelectForUpdateTest" time="0.0"/>
  <ignored-testcase name="testForUpdateWait" classname="org.seasar.doma.it.sqlfile.SqlFileSelectForUpdateTest" time="0.0"/>
  <ignored-testcase name="testForUpdateWaitWithColumns" classname="org.seasar.doma.it.sqlfile.SqlFileSelectForUpdateTest" time="0.0"/>
  <system-out><![CDATA[DEBUG 2014-02-08 10:52:35,460 [Test worker] 環境変数#Envにファイル(env_ut.txt)から値(h2)が設定されました
DEBUG 2014-02-08 10:52:35,461 [Test worker] 環境変数#Envにファイル(env_ut.txt)から値(h2)が設定されました
DEBUG 2014-02-08 10:52:35,461 [Test worker] S2Containerを作成します。path=s2junit4.dicon
DEBUG 2014-02-08 10:52:35,463 [Test worker] S2Containerを作成しました。path=s2junit4.dicon
DEBUG 2014-02-08 10:52:35,464 [Test worker] 設定ファイル(jdbc.dicon)をインクルードします
DEBUG 2014-02-08 10:52:35,464 [Test worker] S2Containerを作成します。path=jdbc.dicon
DEBUG 2014-02-08 10:52:35,465 [Test worker] S2Containerを作成します。path=jta.dicon
DEBUG 2014-02-08 10:52:35,466 [Test worker] S2Containerを作成しました。path=jta.dicon
DEBUG 2014-02-08 10:52:35,466 [Test worker] S2Containerを作成します。path=xadatasource.dicon
DEBUG 2014-02-08 10:52:35,468 [Test worker] S2Containerを作成しました。path=xadatasource.dicon
DEBUG 2014-02-08 10:52:35,469 [Test worker] S2Containerを作成しました。path=jdbc.dicon
DEBUG 2014-02-08 10:52:35,470 [Test worker] トランザクションを開始しました。tx=[FormatId=4360, GlobalId=1391824339450/111, BranchId=]
INFO  2014-02-08 10:52:35,470 [Test worker] START org.seasar.doma.it.dao.EmployeeDaoImpl#selectById
DEBUG 2014-02-08 10:52:35,502 [Test worker] 物理的なコネクションを取得しました
DEBUG 2014-02-08 10:52:35,502 [Test worker] 論理的なコネクションを取得しました。tx=[FormatId=4360, GlobalId=1391824339450/111, BranchId=]
INFO  2014-02-08 10:52:35,502 [Test worker] sqlFilePath=[META-INF/org/seasar/doma/it/dao/EmployeeDao/selectById.sql]
select * from EMPLOYEE where EMPLOYEE_ID = 1 for update
DEBUG 2014-02-08 10:52:35,503 [Test worker] 論理的なコネクションを閉じました。tx=[FormatId=4360, GlobalId=1391824339450/111, BranchId=]
INFO  2014-02-08 10:52:35,503 [Test worker] END   org.seasar.doma.it.dao.EmployeeDaoImpl#selectById
DEBUG 2014-02-08 10:52:35,503 [Test worker] トランザクションをロールバックしました。tx=[FormatId=4360, GlobalId=1391824339450/111, BranchId=]
DEBUG 2014-02-08 10:52:35,505 [Test worker] 物理的なコネクションを閉じました
DEBUG 2014-02-08 10:52:35,506 [Test worker] 環境変数#Envにファイル(env_ut.txt)から値(h2)が設定されました
DEBUG 2014-02-08 10:52:35,506 [Test worker] 環境変数#Envにファイル(env_ut.txt)から値(h2)が設定されました
DEBUG 2014-02-08 10:52:35,507 [Test worker] 環境変数#Envにファイル(env_ut.txt)から値(h2)が設定されました
DEBUG 2014-02-08 10:52:35,507 [Test worker] 環境変数#Envにファイル(env_ut.txt)から値(h2)が設定されました
DEBUG 2014-02-08 10:52:35,507 [Test worker] 環境変数#Envにファイル(env_ut.txt)から値(h2)が設定されました
DEBUG 2014-02-08 10:52:35,508 [Test worker] 環境変数#Envにファイル(env_ut.txt)から値(h2)が設定されました
]]></system-out>
  <system-err><![CDATA[]]></system-err>
</testsuite>
