<?xml version="1.1" encoding="UTF-8"?>
<testsuite name="org.seasar.doma.it.other.ConnectionTest" tests="1" failures="0" errors="0" timestamp="2014-02-08T01:52:31" hostname="nakamura-to-MacBook.local" time="0.044">
  <properties/>
  <testcase name="test" classname="org.seasar.doma.it.other.ConnectionTest" time="0.044"/>
  <system-out><![CDATA[DEBUG 2014-02-08 10:52:31,267 [Test worker] 環境変数#Envにファイル(env_ut.txt)から値(h2)が設定されました
DEBUG 2014-02-08 10:52:31,267 [Test worker] S2Containerを作成します。path=s2junit4.dicon
DEBUG 2014-02-08 10:52:31,269 [Test worker] S2Containerを作成しました。path=s2junit4.dicon
DEBUG 2014-02-08 10:52:31,269 [Test worker] 設定ファイル(jdbc.dicon)をインクルードします
DEBUG 2014-02-08 10:52:31,269 [Test worker] S2Containerを作成します。path=jdbc.dicon
DEBUG 2014-02-08 10:52:31,270 [Test worker] S2Containerを作成します。path=jta.dicon
DEBUG 2014-02-08 10:52:31,271 [Test worker] S2Containerを作成しました。path=jta.dicon
DEBUG 2014-02-08 10:52:31,271 [Test worker] S2Containerを作成します。path=xadatasource.dicon
DEBUG 2014-02-08 10:52:31,272 [Test worker] S2Containerを作成しました。path=xadatasource.dicon
DEBUG 2014-02-08 10:52:31,273 [Test worker] S2Containerを作成しました。path=jdbc.dicon
DEBUG 2014-02-08 10:52:31,273 [Test worker] トランザクションを開始しました。tx=[FormatId=4360, GlobalId=1391824339450/93, BranchId=]
DEBUG 2014-02-08 10:52:31,304 [Test worker] 物理的なコネクションを取得しました
DEBUG 2014-02-08 10:52:31,304 [Test worker] 論理的なコネクションを取得しました。tx=[FormatId=4360, GlobalId=1391824339450/93, BranchId=]
INFO  2014-02-08 10:52:31,306 [Test worker] START org.seasar.doma.it.dao.EmployeeDaoImpl#selectAll
INFO  2014-02-08 10:52:31,307 [Test worker] sqlFilePath=[META-INF/org/seasar/doma/it/dao/EmployeeDao/selectAll.sql]
select * from EMPLOYEE order by EMPLOYEE_ID
INFO  2014-02-08 10:52:31,308 [Test worker] END   org.seasar.doma.it.dao.EmployeeDaoImpl#selectAll
INFO  2014-02-08 10:52:31,308 [Test worker] START org.seasar.doma.it.dao.EmployeeDaoImpl#selectAll
INFO  2014-02-08 10:52:31,308 [Test worker] sqlFilePath=[META-INF/org/seasar/doma/it/dao/EmployeeDao/selectAll.sql]
select * from EMPLOYEE order by EMPLOYEE_ID
INFO  2014-02-08 10:52:31,309 [Test worker] END   org.seasar.doma.it.dao.EmployeeDaoImpl#selectAll
DEBUG 2014-02-08 10:52:31,309 [Test worker] 論理的なコネクションを閉じました。tx=[FormatId=4360, GlobalId=1391824339450/93, BranchId=]
DEBUG 2014-02-08 10:52:31,309 [Test worker] トランザクションをロールバックしました。tx=[FormatId=4360, GlobalId=1391824339450/93, BranchId=]
DEBUG 2014-02-08 10:52:31,311 [Test worker] 物理的なコネクションを閉じました
]]></system-out>
  <system-err><![CDATA[]]></system-err>
</testsuite>
