<?xml version="1.1" encoding="UTF-8"?>
<testsuite name="org.seasar.doma.it.other.ArrayTest" tests="6" failures="0" errors="0" timestamp="2014-02-08T01:52:31" hostname="nakamura-to-MacBook.local" time="0.001">
  <properties/>
  <ignored-testcase name="testSelect" classname="org.seasar.doma.it.other.ArrayTest" time="0.0"/>
  <ignored-testcase name="testSelect_2DimesionalArray" classname="org.seasar.doma.it.other.ArrayTest" time="0.0"/>
  <ignored-testcase name="testInsert" classname="org.seasar.doma.it.other.ArrayTest" time="0.0"/>
  <ignored-testcase name="testInsert_2DimesionalArray" classname="org.seasar.doma.it.other.ArrayTest" time="0.0"/>
  <ignored-testcase name="testUpdate" classname="org.seasar.doma.it.other.ArrayTest" time="0.0"/>
  <ignored-testcase name="testUpdate_2DimesionalArray" classname="org.seasar.doma.it.other.ArrayTest" time="0.0"/>
  <system-out><![CDATA[DEBUG 2014-02-08 10:52:31,265 [Test worker] 環境変数#Envにファイル(env_ut.txt)から値(h2)が設定されました
DEBUG 2014-02-08 10:52:31,265 [Test worker] 環境変数#Envにファイル(env_ut.txt)から値(h2)が設定されました
DEBUG 2014-02-08 10:52:31,265 [Test worker] 環境変数#Envにファイル(env_ut.txt)から値(h2)が設定されました
DEBUG 2014-02-08 10:52:31,266 [Test worker] 環境変数#Envにファイル(env_ut.txt)から値(h2)が設定されました
DEBUG 2014-02-08 10:52:31,266 [Test worker] 環境変数#Envにファイル(env_ut.txt)から値(h2)が設定されました
DEBUG 2014-02-08 10:52:31,266 [Test worker] 環境変数#Envにファイル(env_ut.txt)から値(h2)が設定されました
]]></system-out>
  <system-err><![CDATA[]]></system-err>
</testsuite>
