<?xml version="1.1" encoding="UTF-8"?>
<testsuite name="org.seasar.doma.it.domain.PrimitiveHeightTest" tests="2" failures="0" errors="0" timestamp="2014-02-08T01:52:31" hostname="nakamura-to-MacBook.local" time="0.002">
  <properties/>
  <testcase name="testDefaultValue" classname="org.seasar.doma.it.domain.PrimitiveHeightTest" time="0.001"/>
  <testcase name="testDefaultValue_Optional" classname="org.seasar.doma.it.domain.PrimitiveHeightTest" time="0.001"/>
  <system-out><![CDATA[]]></system-out>
  <system-err><![CDATA[]]></system-err>
</testsuite>
