<?xml version="1.1" encoding="UTF-8"?>
<testsuite name="org.seasar.doma.it.sqlfile.SqlFileSelectPagingTest" tests="6" failures="0" errors="0" timestamp="2014-02-08T01:52:35" hostname="nakamura-to-MacBook.local" time="3.445">
  <properties/>
  <testcase name="testLimitOnly" classname="org.seasar.doma.it.sqlfile.SqlFileSelectPagingTest" time="0.041"/>
  <testcase name="testNoPaging" classname="org.seasar.doma.it.sqlfile.SqlFileSelectPagingTest" time="3.231"/>
  <testcase name="testLimitOffset_offsetIsZero" classname="org.seasar.doma.it.sqlfile.SqlFileSelectPagingTest" time="0.043"/>
  <testcase name="testLimitOffset_limitIsZero" classname="org.seasar.doma.it.sqlfile.SqlFileSelectPagingTest" time="0.043"/>
  <testcase name="testOffsetOnly" classname="org.seasar.doma.it.sqlfile.SqlFileSelectPagingTest" time="0.042"/>
  <testcase name="testLimitOffset" classname="org.seasar.doma.it.sqlfile.SqlFileSelectPagingTest" time="0.04"/>
  <system-out><![CDATA[DEBUG 2014-02-08 10:52:35,770 [Test worker] 環境変数#Envにファイル(env_ut.txt)から値(h2)が設定されました
DEBUG 2014-02-08 10:52:35,770 [Test worker] S2Containerを作成します。path=s2junit4.dicon
DEBUG 2014-02-08 10:52:35,772 [Test worker] S2Containerを作成しました。path=s2junit4.dicon
DEBUG 2014-02-08 10:52:35,772 [Test worker] 設定ファイル(jdbc.dicon)をインクルードします
DEBUG 2014-02-08 10:52:35,772 [Test worker] S2Containerを作成します。path=jdbc.dicon
DEBUG 2014-02-08 10:52:35,773 [Test worker] S2Containerを作成します。path=jta.dicon
DEBUG 2014-02-08 10:52:35,774 [Test worker] S2Containerを作成しました。path=jta.dicon
DEBUG 2014-02-08 10:52:35,774 [Test worker] S2Containerを作成します。path=xadatasource.dicon
DEBUG 2014-02-08 10:52:35,775 [Test worker] S2Containerを作成しました。path=xadatasource.dicon
DEBUG 2014-02-08 10:52:35,776 [Test worker] S2Containerを作成しました。path=jdbc.dicon
DEBUG 2014-02-08 10:52:35,777 [Test worker] トランザクションを開始しました。tx=[FormatId=4360, GlobalId=1391824339450/118, BranchId=]
INFO  2014-02-08 10:52:35,777 [Test worker] START org.seasar.doma.it.dao.EmployeeDaoImpl#selectAll
DEBUG 2014-02-08 10:52:35,807 [Test worker] 物理的なコネクションを取得しました
DEBUG 2014-02-08 10:52:35,807 [Test worker] 論理的なコネクションを取得しました。tx=[FormatId=4360, GlobalId=1391824339450/118, BranchId=]
INFO  2014-02-08 10:52:35,807 [Test worker] sqlFilePath=[META-INF/org/seasar/doma/it/dao/EmployeeDao/selectAll.sql]
select * from EMPLOYEE order by EMPLOYEE_ID limit 5
DEBUG 2014-02-08 10:52:35,808 [Test worker] 論理的なコネクションを閉じました。tx=[FormatId=4360, GlobalId=1391824339450/118, BranchId=]
INFO  2014-02-08 10:52:35,808 [Test worker] END   org.seasar.doma.it.dao.EmployeeDaoImpl#selectAll
DEBUG 2014-02-08 10:52:35,808 [Test worker] トランザクションをロールバックしました。tx=[FormatId=4360, GlobalId=1391824339450/118, BranchId=]
DEBUG 2014-02-08 10:52:35,811 [Test worker] 物理的なコネクションを閉じました
DEBUG 2014-02-08 10:52:35,812 [Test worker] 環境変数#Envにファイル(env_ut.txt)から値(h2)が設定されました
DEBUG 2014-02-08 10:52:35,812 [Test worker] S2Containerを作成します。path=s2junit4.dicon
DEBUG 2014-02-08 10:52:35,815 [Test worker] S2Containerを作成しました。path=s2junit4.dicon
DEBUG 2014-02-08 10:52:35,815 [Test worker] 設定ファイル(jdbc.dicon)をインクルードします
DEBUG 2014-02-08 10:52:35,815 [Test worker] S2Containerを作成します。path=jdbc.dicon
DEBUG 2014-02-08 10:52:35,816 [Test worker] S2Containerを作成します。path=jta.dicon
DEBUG 2014-02-08 10:52:35,817 [Test worker] S2Containerを作成しました。path=jta.dicon
DEBUG 2014-02-08 10:52:35,817 [Test worker] S2Containerを作成します。path=xadatasource.dicon
DEBUG 2014-02-08 10:52:35,819 [Test worker] S2Containerを作成しました。path=xadatasource.dicon
DEBUG 2014-02-08 10:52:35,819 [Test worker] S2Containerを作成しました。path=jdbc.dicon
DEBUG 2014-02-08 10:52:35,820 [Test worker] トランザクションを開始しました。tx=[FormatId=4360, GlobalId=1391824339450/119, BranchId=]
INFO  2014-02-08 10:52:35,820 [Test worker] START org.seasar.doma.it.dao.EmployeeDaoImpl#selectAll
DEBUG 2014-02-08 10:52:39,039 [Test worker] 物理的なコネクションを取得しました
DEBUG 2014-02-08 10:52:39,039 [Test worker] 論理的なコネクションを取得しました。tx=[FormatId=4360, GlobalId=1391824339450/119, BranchId=]
INFO  2014-02-08 10:52:39,039 [Test worker] sqlFilePath=[META-INF/org/seasar/doma/it/dao/EmployeeDao/selectAll.sql]
select * from EMPLOYEE order by EMPLOYEE_ID
DEBUG 2014-02-08 10:52:39,041 [Test worker] 論理的なコネクションを閉じました。tx=[FormatId=4360, GlobalId=1391824339450/119, BranchId=]
INFO  2014-02-08 10:52:39,041 [Test worker] END   org.seasar.doma.it.dao.EmployeeDaoImpl#selectAll
DEBUG 2014-02-08 10:52:39,041 [Test worker] トランザクションをロールバックしました。tx=[FormatId=4360, GlobalId=1391824339450/119, BranchId=]
DEBUG 2014-02-08 10:52:39,043 [Test worker] 物理的なコネクションを閉じました
DEBUG 2014-02-08 10:52:39,044 [Test worker] 環境変数#Envにファイル(env_ut.txt)から値(h2)が設定されました
DEBUG 2014-02-08 10:52:39,044 [Test worker] S2Containerを作成します。path=s2junit4.dicon
DEBUG 2014-02-08 10:52:39,046 [Test worker] S2Containerを作成しました。path=s2junit4.dicon
DEBUG 2014-02-08 10:52:39,047 [Test worker] 設定ファイル(jdbc.dicon)をインクルードします
DEBUG 2014-02-08 10:52:39,047 [Test worker] S2Containerを作成します。path=jdbc.dicon
DEBUG 2014-02-08 10:52:39,047 [Test worker] S2Containerを作成します。path=jta.dicon
DEBUG 2014-02-08 10:52:39,048 [Test worker] S2Containerを作成しました。path=jta.dicon
DEBUG 2014-02-08 10:52:39,048 [Test worker] S2Containerを作成します。path=xadatasource.dicon
DEBUG 2014-02-08 10:52:39,049 [Test worker] S2Containerを作成しました。path=xadatasource.dicon
DEBUG 2014-02-08 10:52:39,050 [Test worker] S2Containerを作成しました。path=jdbc.dicon
DEBUG 2014-02-08 10:52:39,051 [Test worker] トランザクションを開始しました。tx=[FormatId=4360, GlobalId=1391824339450/120, BranchId=]
INFO  2014-02-08 10:52:39,051 [Test worker] START org.seasar.doma.it.dao.EmployeeDaoImpl#selectAll
DEBUG 2014-02-08 10:52:39,083 [Test worker] 物理的なコネクションを取得しました
DEBUG 2014-02-08 10:52:39,083 [Test worker] 論理的なコネクションを取得しました。tx=[FormatId=4360, GlobalId=1391824339450/120, BranchId=]
INFO  2014-02-08 10:52:39,083 [Test worker] sqlFilePath=[META-INF/org/seasar/doma/it/dao/EmployeeDao/selectAll.sql]
select * from EMPLOYEE order by EMPLOYEE_ID limit 5 offset 0
DEBUG 2014-02-08 10:52:39,084 [Test worker] 論理的なコネクションを閉じました。tx=[FormatId=4360, GlobalId=1391824339450/120, BranchId=]
INFO  2014-02-08 10:52:39,084 [Test worker] END   org.seasar.doma.it.dao.EmployeeDaoImpl#selectAll
DEBUG 2014-02-08 10:52:39,084 [Test worker] トランザクションをロールバックしました。tx=[FormatId=4360, GlobalId=1391824339450/120, BranchId=]
DEBUG 2014-02-08 10:52:39,087 [Test worker] 物理的なコネクションを閉じました
DEBUG 2014-02-08 10:52:39,088 [Test worker] 環境変数#Envにファイル(env_ut.txt)から値(h2)が設定されました
DEBUG 2014-02-08 10:52:39,088 [Test worker] S2Containerを作成します。path=s2junit4.dicon
DEBUG 2014-02-08 10:52:39,090 [Test worker] S2Containerを作成しました。path=s2junit4.dicon
DEBUG 2014-02-08 10:52:39,090 [Test worker] 設定ファイル(jdbc.dicon)をインクルードします
DEBUG 2014-02-08 10:52:39,090 [Test worker] S2Containerを作成します。path=jdbc.dicon
DEBUG 2014-02-08 10:52:39,091 [Test worker] S2Containerを作成します。path=jta.dicon
DEBUG 2014-02-08 10:52:39,092 [Test worker] S2Containerを作成しました。path=jta.dicon
DEBUG 2014-02-08 10:52:39,092 [Test worker] S2Containerを作成します。path=xadatasource.dicon
DEBUG 2014-02-08 10:52:39,095 [Test worker] S2Containerを作成しました。path=xadatasource.dicon
DEBUG 2014-02-08 10:52:39,096 [Test worker] S2Containerを作成しました。path=jdbc.dicon
DEBUG 2014-02-08 10:52:39,096 [Test worker] トランザクションを開始しました。tx=[FormatId=4360, GlobalId=1391824339450/121, BranchId=]
INFO  2014-02-08 10:52:39,096 [Test worker] START org.seasar.doma.it.dao.EmployeeDaoImpl#selectAll
DEBUG 2014-02-08 10:52:39,128 [Test worker] 物理的なコネクションを取得しました
DEBUG 2014-02-08 10:52:39,128 [Test worker] 論理的なコネクションを取得しました。tx=[FormatId=4360, GlobalId=1391824339450/121, BranchId=]
INFO  2014-02-08 10:52:39,128 [Test worker] sqlFilePath=[META-INF/org/seasar/doma/it/dao/EmployeeDao/selectAll.sql]
select * from EMPLOYEE order by EMPLOYEE_ID limit -1 offset 10
DEBUG 2014-02-08 10:52:39,128 [Test worker] 論理的なコネクションを閉じました。tx=[FormatId=4360, GlobalId=1391824339450/121, BranchId=]
INFO  2014-02-08 10:52:39,128 [Test worker] END   org.seasar.doma.it.dao.EmployeeDaoImpl#selectAll
DEBUG 2014-02-08 10:52:39,128 [Test worker] トランザクションをロールバックしました。tx=[FormatId=4360, GlobalId=1391824339450/121, BranchId=]
DEBUG 2014-02-08 10:52:39,131 [Test worker] 物理的なコネクションを閉じました
DEBUG 2014-02-08 10:52:39,132 [Test worker] 環境変数#Envにファイル(env_ut.txt)から値(h2)が設定されました
DEBUG 2014-02-08 10:52:39,133 [Test worker] S2Containerを作成します。path=s2junit4.dicon
DEBUG 2014-02-08 10:52:39,135 [Test worker] S2Containerを作成しました。path=s2junit4.dicon
DEBUG 2014-02-08 10:52:39,135 [Test worker] 設定ファイル(jdbc.dicon)をインクルードします
DEBUG 2014-02-08 10:52:39,135 [Test worker] S2Containerを作成します。path=jdbc.dicon
DEBUG 2014-02-08 10:52:39,136 [Test worker] S2Containerを作成します。path=jta.dicon
DEBUG 2014-02-08 10:52:39,137 [Test worker] S2Containerを作成しました。path=jta.dicon
DEBUG 2014-02-08 10:52:39,137 [Test worker] S2Containerを作成します。path=xadatasource.dicon
DEBUG 2014-02-08 10:52:39,138 [Test worker] S2Containerを作成しました。path=xadatasource.dicon
DEBUG 2014-02-08 10:52:39,138 [Test worker] S2Containerを作成しました。path=jdbc.dicon
DEBUG 2014-02-08 10:52:39,139 [Test worker] トランザクションを開始しました。tx=[FormatId=4360, GlobalId=1391824339450/122, BranchId=]
INFO  2014-02-08 10:52:39,139 [Test worker] START org.seasar.doma.it.dao.EmployeeDaoImpl#selectAll
DEBUG 2014-02-08 10:52:39,170 [Test worker] 物理的なコネクションを取得しました
DEBUG 2014-02-08 10:52:39,170 [Test worker] 論理的なコネクションを取得しました。tx=[FormatId=4360, GlobalId=1391824339450/122, BranchId=]
INFO  2014-02-08 10:52:39,170 [Test worker] sqlFilePath=[META-INF/org/seasar/doma/it/dao/EmployeeDao/selectAll.sql]
select * from EMPLOYEE order by EMPLOYEE_ID limit -1 offset 10
DEBUG 2014-02-08 10:52:39,171 [Test worker] 論理的なコネクションを閉じました。tx=[FormatId=4360, GlobalId=1391824339450/122, BranchId=]
INFO  2014-02-08 10:52:39,171 [Test worker] END   org.seasar.doma.it.dao.EmployeeDaoImpl#selectAll
DEBUG 2014-02-08 10:52:39,171 [Test worker] トランザクションをロールバックしました。tx=[FormatId=4360, GlobalId=1391824339450/122, BranchId=]
DEBUG 2014-02-08 10:52:39,174 [Test worker] 物理的なコネクションを閉じました
DEBUG 2014-02-08 10:52:39,175 [Test worker] 環境変数#Envにファイル(env_ut.txt)から値(h2)が設定されました
DEBUG 2014-02-08 10:52:39,175 [Test worker] S2Containerを作成します。path=s2junit4.dicon
DEBUG 2014-02-08 10:52:39,177 [Test worker] S2Containerを作成しました。path=s2junit4.dicon
DEBUG 2014-02-08 10:52:39,177 [Test worker] 設定ファイル(jdbc.dicon)をインクルードします
DEBUG 2014-02-08 10:52:39,177 [Test worker] S2Containerを作成します。path=jdbc.dicon
DEBUG 2014-02-08 10:52:39,178 [Test worker] S2Containerを作成します。path=jta.dicon
DEBUG 2014-02-08 10:52:39,179 [Test worker] S2Containerを作成しました。path=jta.dicon
DEBUG 2014-02-08 10:52:39,179 [Test worker] S2Containerを作成します。path=xadatasource.dicon
DEBUG 2014-02-08 10:52:39,180 [Test worker] S2Containerを作成しました。path=xadatasource.dicon
DEBUG 2014-02-08 10:52:39,181 [Test worker] S2Containerを作成しました。path=jdbc.dicon
DEBUG 2014-02-08 10:52:39,181 [Test worker] トランザクションを開始しました。tx=[FormatId=4360, GlobalId=1391824339450/123, BranchId=]
INFO  2014-02-08 10:52:39,181 [Test worker] START org.seasar.doma.it.dao.EmployeeDaoImpl#selectAll
DEBUG 2014-02-08 10:52:39,212 [Test worker] 物理的なコネクションを取得しました
DEBUG 2014-02-08 10:52:39,212 [Test worker] 論理的なコネクションを取得しました。tx=[FormatId=4360, GlobalId=1391824339450/123, BranchId=]
INFO  2014-02-08 10:52:39,212 [Test worker] sqlFilePath=[META-INF/org/seasar/doma/it/dao/EmployeeDao/selectAll.sql]
select * from EMPLOYEE order by EMPLOYEE_ID limit 5 offset 3
DEBUG 2014-02-08 10:52:39,212 [Test worker] 論理的なコネクションを閉じました。tx=[FormatId=4360, GlobalId=1391824339450/123, BranchId=]
INFO  2014-02-08 10:52:39,212 [Test worker] END   org.seasar.doma.it.dao.EmployeeDaoImpl#selectAll
DEBUG 2014-02-08 10:52:39,212 [Test worker] トランザクションをロールバックしました。tx=[FormatId=4360, GlobalId=1391824339450/123, BranchId=]
DEBUG 2014-02-08 10:52:39,215 [Test worker] 物理的なコネクションを閉じました
]]></system-out>
  <system-err><![CDATA[]]></system-err>
</testsuite>
