<?xml version="1.1" encoding="UTF-8"?>
<testsuite name="org.seasar.doma.it.sqlfile.SqlFileSelectTest" tests="11" failures="0" errors="0" timestamp="2014-02-08T01:52:39" hostname="nakamura-to-MacBook.local" time="3.917">
  <properties/>
  <testcase name="testOptional" classname="org.seasar.doma.it.sqlfile.SqlFileSelectTest" time="0.042"/>
  <testcase name="testPrefixSearch" classname="org.seasar.doma.it.sqlfile.SqlFileSelectTest" time="0.043"/>
  <testcase name="testInsideSearch" classname="org.seasar.doma.it.sqlfile.SqlFileSelectTest" time="0.044"/>
  <testcase name="testEmbeddedVariable" classname="org.seasar.doma.it.sqlfile.SqlFileSelectTest" time="0.043"/>
  <testcase name="testNull" classname="org.seasar.doma.it.sqlfile.SqlFileSelectTest" time="0.043"/>
  <testcase name="testSuffixSearch" classname="org.seasar.doma.it.sqlfile.SqlFileSelectTest" time="0.043"/>
  <testcase name="testMapList" classname="org.seasar.doma.it.sqlfile.SqlFileSelectTest" time="3.469"/>
  <testcase name="testEnsureResultMappping_false" classname="org.seasar.doma.it.sqlfile.SqlFileSelectTest" time="0.042"/>
  <testcase name="testEnsureResultMappping_true" classname="org.seasar.doma.it.sqlfile.SqlFileSelectTest" time="0.042"/>
  <testcase name="testOptional_expression" classname="org.seasar.doma.it.sqlfile.SqlFileSelectTest" time="0.048"/>
  <testcase name="testMap" classname="org.seasar.doma.it.sqlfile.SqlFileSelectTest" time="0.044"/>
  <system-out><![CDATA[DEBUG 2014-02-08 10:52:39,309 [Test worker] 環境変数#Envにファイル(env_ut.txt)から値(h2)が設定されました
DEBUG 2014-02-08 10:52:39,310 [Test worker] S2Containerを作成します。path=s2junit4.dicon
DEBUG 2014-02-08 10:52:39,311 [Test worker] S2Containerを作成しました。path=s2junit4.dicon
DEBUG 2014-02-08 10:52:39,312 [Test worker] 設定ファイル(jdbc.dicon)をインクルードします
DEBUG 2014-02-08 10:52:39,312 [Test worker] S2Containerを作成します。path=jdbc.dicon
DEBUG 2014-02-08 10:52:39,312 [Test worker] S2Containerを作成します。path=jta.dicon
DEBUG 2014-02-08 10:52:39,314 [Test worker] S2Containerを作成しました。path=jta.dicon
DEBUG 2014-02-08 10:52:39,314 [Test worker] S2Containerを作成します。path=xadatasource.dicon
DEBUG 2014-02-08 10:52:39,315 [Test worker] S2Containerを作成しました。path=xadatasource.dicon
DEBUG 2014-02-08 10:52:39,315 [Test worker] S2Containerを作成しました。path=jdbc.dicon
DEBUG 2014-02-08 10:52:39,316 [Test worker] トランザクションを開始しました。tx=[FormatId=4360, GlobalId=1391824339450/126, BranchId=]
INFO  2014-02-08 10:52:39,316 [Test worker] START org.seasar.doma.it.dao.WorkerDaoImpl#selectById
DEBUG 2014-02-08 10:52:39,347 [Test worker] 物理的なコネクションを取得しました
DEBUG 2014-02-08 10:52:39,347 [Test worker] 論理的なコネクションを取得しました。tx=[FormatId=4360, GlobalId=1391824339450/126, BranchId=]
INFO  2014-02-08 10:52:39,347 [Test worker] sqlFilePath=[META-INF/org/seasar/doma/it/dao/WorkerDao/selectById.sql]
select * from EMPLOYEE where EMPLOYEE_ID = 9
DEBUG 2014-02-08 10:52:39,348 [Test worker] 論理的なコネクションを閉じました。tx=[FormatId=4360, GlobalId=1391824339450/126, BranchId=]
INFO  2014-02-08 10:52:39,348 [Test worker] END   org.seasar.doma.it.dao.WorkerDaoImpl#selectById
DEBUG 2014-02-08 10:52:39,348 [Test worker] トランザクションをロールバックしました。tx=[FormatId=4360, GlobalId=1391824339450/126, BranchId=]
DEBUG 2014-02-08 10:52:39,351 [Test worker] 物理的なコネクションを閉じました
DEBUG 2014-02-08 10:52:39,352 [Test worker] 環境変数#Envにファイル(env_ut.txt)から値(h2)が設定されました
DEBUG 2014-02-08 10:52:39,352 [Test worker] S2Containerを作成します。path=s2junit4.dicon
DEBUG 2014-02-08 10:52:39,354 [Test worker] S2Containerを作成しました。path=s2junit4.dicon
DEBUG 2014-02-08 10:52:39,354 [Test worker] 設定ファイル(jdbc.dicon)をインクルードします
DEBUG 2014-02-08 10:52:39,354 [Test worker] S2Containerを作成します。path=jdbc.dicon
DEBUG 2014-02-08 10:52:39,355 [Test worker] S2Containerを作成します。path=jta.dicon
DEBUG 2014-02-08 10:52:39,356 [Test worker] S2Containerを作成しました。path=jta.dicon
DEBUG 2014-02-08 10:52:39,356 [Test worker] S2Containerを作成します。path=xadatasource.dicon
DEBUG 2014-02-08 10:52:39,357 [Test worker] S2Containerを作成しました。path=xadatasource.dicon
DEBUG 2014-02-08 10:52:39,358 [Test worker] S2Containerを作成しました。path=jdbc.dicon
DEBUG 2014-02-08 10:52:39,358 [Test worker] トランザクションを開始しました。tx=[FormatId=4360, GlobalId=1391824339450/127, BranchId=]
INFO  2014-02-08 10:52:39,358 [Test worker] START org.seasar.doma.it.dao.EmployeeDaoImpl#selectByNamePrefix
DEBUG 2014-02-08 10:52:39,391 [Test worker] 物理的なコネクションを取得しました
DEBUG 2014-02-08 10:52:39,391 [Test worker] 論理的なコネクションを取得しました。tx=[FormatId=4360, GlobalId=1391824339450/127, BranchId=]
INFO  2014-02-08 10:52:39,391 [Test worker] sqlFilePath=[META-INF/org/seasar/doma/it/dao/EmployeeDao/selectByNamePrefix.sql]
select * from EMPLOYEE where EMPLOYEE_NAME like 'S%' escape '$'
DEBUG 2014-02-08 10:52:39,392 [Test worker] 論理的なコネクションを閉じました。tx=[FormatId=4360, GlobalId=1391824339450/127, BranchId=]
INFO  2014-02-08 10:52:39,392 [Test worker] END   org.seasar.doma.it.dao.EmployeeDaoImpl#selectByNamePrefix
DEBUG 2014-02-08 10:52:39,392 [Test worker] トランザクションをロールバックしました。tx=[FormatId=4360, GlobalId=1391824339450/127, BranchId=]
DEBUG 2014-02-08 10:52:39,395 [Test worker] 物理的なコネクションを閉じました
DEBUG 2014-02-08 10:52:39,397 [Test worker] 環境変数#Envにファイル(env_ut.txt)から値(h2)が設定されました
DEBUG 2014-02-08 10:52:39,397 [Test worker] S2Containerを作成します。path=s2junit4.dicon
DEBUG 2014-02-08 10:52:39,399 [Test worker] S2Containerを作成しました。path=s2junit4.dicon
DEBUG 2014-02-08 10:52:39,399 [Test worker] 設定ファイル(jdbc.dicon)をインクルードします
DEBUG 2014-02-08 10:52:39,399 [Test worker] S2Containerを作成します。path=jdbc.dicon
DEBUG 2014-02-08 10:52:39,400 [Test worker] S2Containerを作成します。path=jta.dicon
DEBUG 2014-02-08 10:52:39,401 [Test worker] S2Containerを作成しました。path=jta.dicon
DEBUG 2014-02-08 10:52:39,401 [Test worker] S2Containerを作成します。path=xadatasource.dicon
DEBUG 2014-02-08 10:52:39,403 [Test worker] S2Containerを作成しました。path=xadatasource.dicon
DEBUG 2014-02-08 10:52:39,404 [Test worker] S2Containerを作成しました。path=jdbc.dicon
DEBUG 2014-02-08 10:52:39,405 [Test worker] トランザクションを開始しました。tx=[FormatId=4360, GlobalId=1391824339450/128, BranchId=]
INFO  2014-02-08 10:52:39,405 [Test worker] START org.seasar.doma.it.dao.EmployeeDaoImpl#selectByNameInfix
DEBUG 2014-02-08 10:52:39,438 [Test worker] 物理的なコネクションを取得しました
DEBUG 2014-02-08 10:52:39,438 [Test worker] 論理的なコネクションを取得しました。tx=[FormatId=4360, GlobalId=1391824339450/128, BranchId=]
INFO  2014-02-08 10:52:39,438 [Test worker] sqlFilePath=[META-INF/org/seasar/doma/it/dao/EmployeeDao/selectByNameInfix.sql]
select * from EMPLOYEE where EMPLOYEE_NAME like '%S%' escape '$'
DEBUG 2014-02-08 10:52:39,439 [Test worker] 論理的なコネクションを閉じました。tx=[FormatId=4360, GlobalId=1391824339450/128, BranchId=]
INFO  2014-02-08 10:52:39,439 [Test worker] END   org.seasar.doma.it.dao.EmployeeDaoImpl#selectByNameInfix
DEBUG 2014-02-08 10:52:39,439 [Test worker] トランザクションをロールバックしました。tx=[FormatId=4360, GlobalId=1391824339450/128, BranchId=]
DEBUG 2014-02-08 10:52:39,441 [Test worker] 物理的なコネクションを閉じました
DEBUG 2014-02-08 10:52:39,442 [Test worker] 環境変数#Envにファイル(env_ut.txt)から値(h2)が設定されました
DEBUG 2014-02-08 10:52:39,443 [Test worker] S2Containerを作成します。path=s2junit4.dicon
DEBUG 2014-02-08 10:52:39,444 [Test worker] S2Containerを作成しました。path=s2junit4.dicon
DEBUG 2014-02-08 10:52:39,445 [Test worker] 設定ファイル(jdbc.dicon)をインクルードします
DEBUG 2014-02-08 10:52:39,445 [Test worker] S2Containerを作成します。path=jdbc.dicon
DEBUG 2014-02-08 10:52:39,445 [Test worker] S2Containerを作成します。path=jta.dicon
DEBUG 2014-02-08 10:52:39,446 [Test worker] S2Containerを作成しました。path=jta.dicon
DEBUG 2014-02-08 10:52:39,447 [Test worker] S2Containerを作成します。path=xadatasource.dicon
DEBUG 2014-02-08 10:52:39,448 [Test worker] S2Containerを作成しました。path=xadatasource.dicon
DEBUG 2014-02-08 10:52:39,448 [Test worker] S2Containerを作成しました。path=jdbc.dicon
DEBUG 2014-02-08 10:52:39,449 [Test worker] トランザクションを開始しました。tx=[FormatId=4360, GlobalId=1391824339450/129, BranchId=]
INFO  2014-02-08 10:52:39,449 [Test worker] START org.seasar.doma.it.dao.EmployeeDaoImpl#selectWithOptionalOrderBy
DEBUG 2014-02-08 10:52:39,480 [Test worker] 物理的なコネクションを取得しました
DEBUG 2014-02-08 10:52:39,480 [Test worker] 論理的なコネクションを取得しました。tx=[FormatId=4360, GlobalId=1391824339450/129, BranchId=]
INFO  2014-02-08 10:52:39,481 [Test worker] sqlFilePath=[META-INF/org/seasar/doma/it/dao/EmployeeDao/selectWithOptionalOrderBy.sql]
select * from EMPLOYEE where EMPLOYEE_NAME like 'S%' escape '$' order by EMPLOYEE_ID
DEBUG 2014-02-08 10:52:39,481 [Test worker] 論理的なコネクションを閉じました。tx=[FormatId=4360, GlobalId=1391824339450/129, BranchId=]
INFO  2014-02-08 10:52:39,481 [Test worker] END   org.seasar.doma.it.dao.EmployeeDaoImpl#selectWithOptionalOrderBy
INFO  2014-02-08 10:52:39,481 [Test worker] START org.seasar.doma.it.dao.EmployeeDaoImpl#selectWithOptionalOrderBy
DEBUG 2014-02-08 10:52:39,481 [Test worker] 論理的なコネクションを取得しました。tx=[FormatId=4360, GlobalId=1391824339450/129, BranchId=]
INFO  2014-02-08 10:52:39,482 [Test worker] sqlFilePath=[META-INF/org/seasar/doma/it/dao/EmployeeDao/selectWithOptionalOrderBy.sql]
select * from EMPLOYEE where EMPLOYEE_NAME like 'S%' escape '$' order by EMPLOYEE_ID desc
DEBUG 2014-02-08 10:52:39,482 [Test worker] 論理的なコネクションを閉じました。tx=[FormatId=4360, GlobalId=1391824339450/129, BranchId=]
INFO  2014-02-08 10:52:39,482 [Test worker] END   org.seasar.doma.it.dao.EmployeeDaoImpl#selectWithOptionalOrderBy
DEBUG 2014-02-08 10:52:39,482 [Test worker] トランザクションをロールバックしました。tx=[FormatId=4360, GlobalId=1391824339450/129, BranchId=]
DEBUG 2014-02-08 10:52:39,485 [Test worker] 物理的なコネクションを閉じました
DEBUG 2014-02-08 10:52:39,487 [Test worker] 環境変数#Envにファイル(env_ut.txt)から値(h2)が設定されました
DEBUG 2014-02-08 10:52:39,487 [Test worker] S2Containerを作成します。path=s2junit4.dicon
DEBUG 2014-02-08 10:52:39,489 [Test worker] S2Containerを作成しました。path=s2junit4.dicon
DEBUG 2014-02-08 10:52:39,490 [Test worker] 設定ファイル(jdbc.dicon)をインクルードします
DEBUG 2014-02-08 10:52:39,490 [Test worker] S2Containerを作成します。path=jdbc.dicon
DEBUG 2014-02-08 10:52:39,491 [Test worker] S2Containerを作成します。path=jta.dicon
DEBUG 2014-02-08 10:52:39,492 [Test worker] S2Containerを作成しました。path=jta.dicon
DEBUG 2014-02-08 10:52:39,492 [Test worker] S2Containerを作成します。path=xadatasource.dicon
DEBUG 2014-02-08 10:52:39,494 [Test worker] S2Containerを作成しました。path=xadatasource.dicon
DEBUG 2014-02-08 10:52:39,495 [Test worker] S2Containerを作成しました。path=jdbc.dicon
DEBUG 2014-02-08 10:52:39,495 [Test worker] トランザクションを開始しました。tx=[FormatId=4360, GlobalId=1391824339450/130, BranchId=]
INFO  2014-02-08 10:52:39,495 [Test worker] START org.seasar.doma.it.dao.EmployeeDaoImpl#selectById
DEBUG 2014-02-08 10:52:39,526 [Test worker] 物理的なコネクションを取得しました
DEBUG 2014-02-08 10:52:39,526 [Test worker] 論理的なコネクションを取得しました。tx=[FormatId=4360, GlobalId=1391824339450/130, BranchId=]
INFO  2014-02-08 10:52:39,526 [Test worker] sqlFilePath=[META-INF/org/seasar/doma/it/dao/EmployeeDao/selectById.sql]
select * from EMPLOYEE where EMPLOYEE_ID = 9
DEBUG 2014-02-08 10:52:39,526 [Test worker] 論理的なコネクションを閉じました。tx=[FormatId=4360, GlobalId=1391824339450/130, BranchId=]
INFO  2014-02-08 10:52:39,526 [Test worker] END   org.seasar.doma.it.dao.EmployeeDaoImpl#selectById
DEBUG 2014-02-08 10:52:39,526 [Test worker] トランザクションをロールバックしました。tx=[FormatId=4360, GlobalId=1391824339450/130, BranchId=]
DEBUG 2014-02-08 10:52:39,529 [Test worker] 物理的なコネクションを閉じました
DEBUG 2014-02-08 10:52:39,531 [Test worker] 環境変数#Envにファイル(env_ut.txt)から値(h2)が設定されました
DEBUG 2014-02-08 10:52:39,531 [Test worker] S2Containerを作成します。path=s2junit4.dicon
DEBUG 2014-02-08 10:52:39,534 [Test worker] S2Containerを作成しました。path=s2junit4.dicon
DEBUG 2014-02-08 10:52:39,534 [Test worker] 設定ファイル(jdbc.dicon)をインクルードします
DEBUG 2014-02-08 10:52:39,534 [Test worker] S2Containerを作成します。path=jdbc.dicon
DEBUG 2014-02-08 10:52:39,535 [Test worker] S2Containerを作成します。path=jta.dicon
DEBUG 2014-02-08 10:52:39,537 [Test worker] S2Containerを作成しました。path=jta.dicon
DEBUG 2014-02-08 10:52:39,537 [Test worker] S2Containerを作成します。path=xadatasource.dicon
DEBUG 2014-02-08 10:52:39,538 [Test worker] S2Containerを作成しました。path=xadatasource.dicon
DEBUG 2014-02-08 10:52:39,539 [Test worker] S2Containerを作成しました。path=jdbc.dicon
DEBUG 2014-02-08 10:52:39,539 [Test worker] トランザクションを開始しました。tx=[FormatId=4360, GlobalId=1391824339450/131, BranchId=]
INFO  2014-02-08 10:52:39,539 [Test worker] START org.seasar.doma.it.dao.EmployeeDaoImpl#selectByNameSuffix
DEBUG 2014-02-08 10:52:39,570 [Test worker] 物理的なコネクションを取得しました
DEBUG 2014-02-08 10:52:39,570 [Test worker] 論理的なコネクションを取得しました。tx=[FormatId=4360, GlobalId=1391824339450/131, BranchId=]
INFO  2014-02-08 10:52:39,571 [Test worker] sqlFilePath=[META-INF/org/seasar/doma/it/dao/EmployeeDao/selectByNameSuffix.sql]
select * from EMPLOYEE where EMPLOYEE_NAME like '%S' escape '$'
DEBUG 2014-02-08 10:52:39,571 [Test worker] 論理的なコネクションを閉じました。tx=[FormatId=4360, GlobalId=1391824339450/131, BranchId=]
INFO  2014-02-08 10:52:39,571 [Test worker] END   org.seasar.doma.it.dao.EmployeeDaoImpl#selectByNameSuffix
DEBUG 2014-02-08 10:52:39,571 [Test worker] トランザクションをロールバックしました。tx=[FormatId=4360, GlobalId=1391824339450/131, BranchId=]
DEBUG 2014-02-08 10:52:39,574 [Test worker] 物理的なコネクションを閉じました
DEBUG 2014-02-08 10:52:39,575 [Test worker] 環境変数#Envにファイル(env_ut.txt)から値(h2)が設定されました
DEBUG 2014-02-08 10:52:39,575 [Test worker] S2Containerを作成します。path=s2junit4.dicon
DEBUG 2014-02-08 10:52:39,576 [Test worker] S2Containerを作成しました。path=s2junit4.dicon
DEBUG 2014-02-08 10:52:39,577 [Test worker] 設定ファイル(jdbc.dicon)をインクルードします
DEBUG 2014-02-08 10:52:39,577 [Test worker] S2Containerを作成します。path=jdbc.dicon
DEBUG 2014-02-08 10:52:39,577 [Test worker] S2Containerを作成します。path=jta.dicon
DEBUG 2014-02-08 10:52:39,578 [Test worker] S2Containerを作成しました。path=jta.dicon
DEBUG 2014-02-08 10:52:39,578 [Test worker] S2Containerを作成します。path=xadatasource.dicon
DEBUG 2014-02-08 10:52:39,579 [Test worker] S2Containerを作成しました。path=xadatasource.dicon
DEBUG 2014-02-08 10:52:39,580 [Test worker] S2Containerを作成しました。path=jdbc.dicon
DEBUG 2014-02-08 10:52:39,580 [Test worker] トランザクションを開始しました。tx=[FormatId=4360, GlobalId=1391824339450/132, BranchId=]
INFO  2014-02-08 10:52:39,580 [Test worker] START org.seasar.doma.it.dao.EmployeeDaoImpl#selectAllAsMapList
DEBUG 2014-02-08 10:52:43,039 [Test worker] 物理的なコネクションを取得しました
DEBUG 2014-02-08 10:52:43,039 [Test worker] 論理的なコネクションを取得しました。tx=[FormatId=4360, GlobalId=1391824339450/132, BranchId=]
INFO  2014-02-08 10:52:43,039 [Test worker] sqlFilePath=[META-INF/org/seasar/doma/it/dao/EmployeeDao/selectAllAsMapList.sql]
select EMPLOYEE_ID, EMPLOYEE_NAME, HIREDATE from EMPLOYEE order by EMPLOYEE_ID
DEBUG 2014-02-08 10:52:43,040 [Test worker] 論理的なコネクションを閉じました。tx=[FormatId=4360, GlobalId=1391824339450/132, BranchId=]
INFO  2014-02-08 10:52:43,040 [Test worker] END   org.seasar.doma.it.dao.EmployeeDaoImpl#selectAllAsMapList
DEBUG 2014-02-08 10:52:43,040 [Test worker] トランザクションをロールバックしました。tx=[FormatId=4360, GlobalId=1391824339450/132, BranchId=]
DEBUG 2014-02-08 10:52:43,044 [Test worker] 物理的なコネクションを閉じました
DEBUG 2014-02-08 10:52:43,046 [Test worker] 環境変数#Envにファイル(env_ut.txt)から値(h2)が設定されました
DEBUG 2014-02-08 10:52:43,046 [Test worker] S2Containerを作成します。path=s2junit4.dicon
DEBUG 2014-02-08 10:52:43,048 [Test worker] S2Containerを作成しました。path=s2junit4.dicon
DEBUG 2014-02-08 10:52:43,048 [Test worker] 設定ファイル(jdbc.dicon)をインクルードします
DEBUG 2014-02-08 10:52:43,048 [Test worker] S2Containerを作成します。path=jdbc.dicon
DEBUG 2014-02-08 10:52:43,049 [Test worker] S2Containerを作成します。path=jta.dicon
DEBUG 2014-02-08 10:52:43,050 [Test worker] S2Containerを作成しました。path=jta.dicon
DEBUG 2014-02-08 10:52:43,050 [Test worker] S2Containerを作成します。path=xadatasource.dicon
DEBUG 2014-02-08 10:52:43,051 [Test worker] S2Containerを作成しました。path=xadatasource.dicon
DEBUG 2014-02-08 10:52:43,052 [Test worker] S2Containerを作成しました。path=jdbc.dicon
DEBUG 2014-02-08 10:52:43,052 [Test worker] トランザクションを開始しました。tx=[FormatId=4360, GlobalId=1391824339450/133, BranchId=]
INFO  2014-02-08 10:52:43,052 [Test worker] START org.seasar.doma.it.dao.EmployeeDaoImpl#selectOnlyNameWithoutMappingCheck
DEBUG 2014-02-08 10:52:43,084 [Test worker] 物理的なコネクションを取得しました
DEBUG 2014-02-08 10:52:43,084 [Test worker] 論理的なコネクションを取得しました。tx=[FormatId=4360, GlobalId=1391824339450/133, BranchId=]
INFO  2014-02-08 10:52:43,084 [Test worker] sqlFilePath=[META-INF/org/seasar/doma/it/dao/EmployeeDao/selectOnlyNameWithoutMappingCheck.sql]
select EMPLOYEE_NAME from EMPLOYEE
DEBUG 2014-02-08 10:52:43,085 [Test worker] 論理的なコネクションを閉じました。tx=[FormatId=4360, GlobalId=1391824339450/133, BranchId=]
INFO  2014-02-08 10:52:43,085 [Test worker] END   org.seasar.doma.it.dao.EmployeeDaoImpl#selectOnlyNameWithoutMappingCheck
DEBUG 2014-02-08 10:52:43,085 [Test worker] トランザクションをロールバックしました。tx=[FormatId=4360, GlobalId=1391824339450/133, BranchId=]
DEBUG 2014-02-08 10:52:43,088 [Test worker] 物理的なコネクションを閉じました
DEBUG 2014-02-08 10:52:43,089 [Test worker] 環境変数#Envにファイル(env_ut.txt)から値(h2)が設定されました
DEBUG 2014-02-08 10:52:43,090 [Test worker] S2Containerを作成します。path=s2junit4.dicon
DEBUG 2014-02-08 10:52:43,092 [Test worker] S2Containerを作成しました。path=s2junit4.dicon
DEBUG 2014-02-08 10:52:43,092 [Test worker] 設定ファイル(jdbc.dicon)をインクルードします
DEBUG 2014-02-08 10:52:43,092 [Test worker] S2Containerを作成します。path=jdbc.dicon
DEBUG 2014-02-08 10:52:43,093 [Test worker] S2Containerを作成します。path=jta.dicon
DEBUG 2014-02-08 10:52:43,094 [Test worker] S2Containerを作成しました。path=jta.dicon
DEBUG 2014-02-08 10:52:43,094 [Test worker] S2Containerを作成します。path=xadatasource.dicon
DEBUG 2014-02-08 10:52:43,096 [Test worker] S2Containerを作成しました。path=xadatasource.dicon
DEBUG 2014-02-08 10:52:43,097 [Test worker] S2Containerを作成しました。path=jdbc.dicon
DEBUG 2014-02-08 10:52:43,097 [Test worker] トランザクションを開始しました。tx=[FormatId=4360, GlobalId=1391824339450/134, BranchId=]
INFO  2014-02-08 10:52:43,097 [Test worker] START org.seasar.doma.it.dao.EmployeeDaoImpl#selectOnlyNameWithMappingCheck
DEBUG 2014-02-08 10:52:43,128 [Test worker] 物理的なコネクションを取得しました
DEBUG 2014-02-08 10:52:43,128 [Test worker] 論理的なコネクションを取得しました。tx=[FormatId=4360, GlobalId=1391824339450/134, BranchId=]
INFO  2014-02-08 10:52:43,128 [Test worker] sqlFilePath=[META-INF/org/seasar/doma/it/dao/EmployeeDao/selectOnlyNameWithMappingCheck.sql]
select EMPLOYEE_NAME from EMPLOYEE
DEBUG 2014-02-08 10:52:43,129 [Test worker] 論理的なコネクションを閉じました。tx=[FormatId=4360, GlobalId=1391824339450/134, BranchId=]
INFO  2014-02-08 10:52:43,129 [Test worker] END   org.seasar.doma.it.dao.EmployeeDaoImpl#selectOnlyNameWithMappingCheck RuntimeException: org.seasar.doma.jdbc.ResultMappingException: [DOMA2216] エンティティクラス[org.seasar.doma.it.entity.Employee]のプロパティ[departmentId, salary, managerId, employeeNo, addressId, hiredate, version, employeeId]に結果セットのカラムの値がマッピングされませんでした。完全なマッピングには結果セットがカラム[DEPARTMENT_ID, SALARY, MANAGER_ID, EMPLOYEE_NO, ADDRESS_ID, HIREDATE, VERSION, EMPLOYEE_ID]を含んでいる必要があります。SQLが正しいことを確認してください。このエラーを無視するには、@Selectや@Functionや@ResultSetのensureResultMapping要素にfalseを設定してください。
SQLファイルパス=[META-INF/org/seasar/doma/it/dao/EmployeeDao/selectOnlyNameWithMappingCheck.sql]。
ログ用SQL=[select EMPLOYEE_NAME from EMPLOYEE]
DEBUG 2014-02-08 10:52:43,129 [Test worker] トランザクションをロールバックしました。tx=[FormatId=4360, GlobalId=1391824339450/134, BranchId=]
DEBUG 2014-02-08 10:52:43,132 [Test worker] 物理的なコネクションを閉じました
DEBUG 2014-02-08 10:52:43,133 [Test worker] 環境変数#Envにファイル(env_ut.txt)から値(h2)が設定されました
DEBUG 2014-02-08 10:52:43,133 [Test worker] S2Containerを作成します。path=s2junit4.dicon
DEBUG 2014-02-08 10:52:43,135 [Test worker] S2Containerを作成しました。path=s2junit4.dicon
DEBUG 2014-02-08 10:52:43,135 [Test worker] 設定ファイル(jdbc.dicon)をインクルードします
DEBUG 2014-02-08 10:52:43,135 [Test worker] S2Containerを作成します。path=jdbc.dicon
DEBUG 2014-02-08 10:52:43,136 [Test worker] S2Containerを作成します。path=jta.dicon
DEBUG 2014-02-08 10:52:43,137 [Test worker] S2Containerを作成しました。path=jta.dicon
DEBUG 2014-02-08 10:52:43,137 [Test worker] S2Containerを作成します。path=xadatasource.dicon
DEBUG 2014-02-08 10:52:43,138 [Test worker] S2Containerを作成しました。path=xadatasource.dicon
DEBUG 2014-02-08 10:52:43,139 [Test worker] S2Containerを作成しました。path=jdbc.dicon
DEBUG 2014-02-08 10:52:43,140 [Test worker] トランザクションを開始しました。tx=[FormatId=4360, GlobalId=1391824339450/135, BranchId=]
INFO  2014-02-08 10:52:43,140 [Test worker] START org.seasar.doma.it.dao.WorkerDaoImpl#selectByExample
DEBUG 2014-02-08 10:52:43,174 [Test worker] 物理的なコネクションを取得しました
DEBUG 2014-02-08 10:52:43,174 [Test worker] 論理的なコネクションを取得しました。tx=[FormatId=4360, GlobalId=1391824339450/135, BranchId=]
INFO  2014-02-08 10:52:43,175 [Test worker] sqlFilePath=[META-INF/org/seasar/doma/it/dao/WorkerDao/selectByExample.sql]
select * from EMPLOYEE
DEBUG 2014-02-08 10:52:43,176 [Test worker] 論理的なコネクションを閉じました。tx=[FormatId=4360, GlobalId=1391824339450/135, BranchId=]
INFO  2014-02-08 10:52:43,176 [Test worker] END   org.seasar.doma.it.dao.WorkerDaoImpl#selectByExample
INFO  2014-02-08 10:52:43,176 [Test worker] START org.seasar.doma.it.dao.WorkerDaoImpl#selectByExample
DEBUG 2014-02-08 10:52:43,176 [Test worker] 論理的なコネクションを取得しました。tx=[FormatId=4360, GlobalId=1391824339450/135, BranchId=]
INFO  2014-02-08 10:52:43,176 [Test worker] sqlFilePath=[META-INF/org/seasar/doma/it/dao/WorkerDao/selectByExample.sql]
select * from EMPLOYEE where 

  
    salary >= 3000
DEBUG 2014-02-08 10:52:43,176 [Test worker] 論理的なコネクションを閉じました。tx=[FormatId=4360, GlobalId=1391824339450/135, BranchId=]
INFO  2014-02-08 10:52:43,176 [Test worker] END   org.seasar.doma.it.dao.WorkerDaoImpl#selectByExample
DEBUG 2014-02-08 10:52:43,177 [Test worker] トランザクションをロールバックしました。tx=[FormatId=4360, GlobalId=1391824339450/135, BranchId=]
DEBUG 2014-02-08 10:52:43,179 [Test worker] 物理的なコネクションを閉じました
DEBUG 2014-02-08 10:52:43,182 [Test worker] 環境変数#Envにファイル(env_ut.txt)から値(h2)が設定されました
DEBUG 2014-02-08 10:52:43,183 [Test worker] S2Containerを作成します。path=s2junit4.dicon
DEBUG 2014-02-08 10:52:43,185 [Test worker] S2Containerを作成しました。path=s2junit4.dicon
DEBUG 2014-02-08 10:52:43,185 [Test worker] 設定ファイル(jdbc.dicon)をインクルードします
DEBUG 2014-02-08 10:52:43,185 [Test worker] S2Containerを作成します。path=jdbc.dicon
DEBUG 2014-02-08 10:52:43,186 [Test worker] S2Containerを作成します。path=jta.dicon
DEBUG 2014-02-08 10:52:43,187 [Test worker] S2Containerを作成しました。path=jta.dicon
DEBUG 2014-02-08 10:52:43,187 [Test worker] S2Containerを作成します。path=xadatasource.dicon
DEBUG 2014-02-08 10:52:43,188 [Test worker] S2Containerを作成しました。path=xadatasource.dicon
DEBUG 2014-02-08 10:52:43,189 [Test worker] S2Containerを作成しました。path=jdbc.dicon
DEBUG 2014-02-08 10:52:43,190 [Test worker] トランザクションを開始しました。tx=[FormatId=4360, GlobalId=1391824339450/136, BranchId=]
INFO  2014-02-08 10:52:43,190 [Test worker] START org.seasar.doma.it.dao.EmployeeDaoImpl#selectByIdAsMap
DEBUG 2014-02-08 10:52:43,222 [Test worker] 物理的なコネクションを取得しました
DEBUG 2014-02-08 10:52:43,222 [Test worker] 論理的なコネクションを取得しました。tx=[FormatId=4360, GlobalId=1391824339450/136, BranchId=]
INFO  2014-02-08 10:52:43,222 [Test worker] sqlFilePath=[META-INF/org/seasar/doma/it/dao/EmployeeDao/selectByIdAsMap.sql]
select EMPLOYEE_ID, EMPLOYEE_NAME, HIREDATE from EMPLOYEE where EMPLOYEE_ID = 1
DEBUG 2014-02-08 10:52:43,222 [Test worker] 論理的なコネクションを閉じました。tx=[FormatId=4360, GlobalId=1391824339450/136, BranchId=]
INFO  2014-02-08 10:52:43,222 [Test worker] END   org.seasar.doma.it.dao.EmployeeDaoImpl#selectByIdAsMap
DEBUG 2014-02-08 10:52:43,222 [Test worker] トランザクションをロールバックしました。tx=[FormatId=4360, GlobalId=1391824339450/136, BranchId=]
DEBUG 2014-02-08 10:52:43,226 [Test worker] 物理的なコネクションを閉じました
]]></system-out>
  <system-err><![CDATA[ログ用SQL=[select EMPLOYEE_NAME from EMPLOYEE]]]></system-err>
</testsuite>
