<?xml version="1.1" encoding="UTF-8"?>
<testsuite name="org.seasar.doma.it.auto.AutoBatchDeleteTest" tests="8" failures="0" errors="0" timestamp="2014-02-08T01:52:19" hostname="nakamura-to-MacBook.local" time="0.995">
  <properties/>
  <testcase name="test" classname="org.seasar.doma.it.auto.AutoBatchDeleteTest" time="0.516"/>
  <testcase name="testImmutable" classname="org.seasar.doma.it.auto.AutoBatchDeleteTest" time="0.079"/>
  <testcase name="testIgnoreVersion" classname="org.seasar.doma.it.auto.AutoBatchDeleteTest" time="0.07"/>
  <testcase name="testCompositeKey" classname="org.seasar.doma.it.auto.AutoBatchDeleteTest" time="0.079"/>
  <testcase name="testNoId" classname="org.seasar.doma.it.auto.AutoBatchDeleteTest" time="0.033"/>
  <testcase name="testOptimisticLockException" classname="org.seasar.doma.it.auto.AutoBatchDeleteTest" time="0.074"/>
  <testcase name="testSuppressOptimisticLockException" classname="org.seasar.doma.it.auto.AutoBatchDeleteTest" time="0.061"/>
  <testcase name="testOptional" classname="org.seasar.doma.it.auto.AutoBatchDeleteTest" time="0.07"/>
  <system-out><![CDATA[DEBUG 2014-02-08 10:52:19,219 [Test worker] 環境変数#Envにファイル(env_ut.txt)から値(h2)が設定されました
DEBUG 2014-02-08 10:52:19,273 [Test worker] S2Containerを作成します。path=s2junit4.dicon
DEBUG 2014-02-08 10:52:19,371 [Test worker] S2Containerを作成しました。path=s2junit4.dicon
DEBUG 2014-02-08 10:52:19,396 [Test worker] 設定ファイル(jdbc.dicon)をインクルードします
DEBUG 2014-02-08 10:52:19,396 [Test worker] S2Containerを作成します。path=jdbc.dicon
DEBUG 2014-02-08 10:52:19,399 [Test worker] S2Containerを作成します。path=jta.dicon
DEBUG 2014-02-08 10:52:19,408 [Test worker] S2Containerを作成しました。path=jta.dicon
DEBUG 2014-02-08 10:52:19,409 [Test worker] S2Containerを作成します。path=xadatasource.dicon
DEBUG 2014-02-08 10:52:19,425 [Test worker] S2Containerを作成しました。path=xadatasource.dicon
DEBUG 2014-02-08 10:52:19,434 [Test worker] S2Containerを作成しました。path=jdbc.dicon
DEBUG 2014-02-08 10:52:19,450 [Test worker] トランザクションを開始しました。tx=[FormatId=4360, GlobalId=1391824339450/0, BranchId=]
INFO  2014-02-08 10:52:19,460 [Test worker] START org.seasar.doma.it.dao.EmployeeDaoImpl#delete
DEBUG 2014-02-08 10:52:19,698 [Test worker] 物理的なコネクションを取得しました
DEBUG 2014-02-08 10:52:19,699 [Test worker] 論理的なコネクションを取得しました。tx=[FormatId=4360, GlobalId=1391824339450/0, BranchId=]
INFO  2014-02-08 10:52:19,701 [Test worker] sqlFilePath=[null]
delete from EMPLOYEE where EMPLOYEE_ID = 1 and VERSION = 1
INFO  2014-02-08 10:52:19,705 [Test worker] sqlFilePath=[null]
delete from EMPLOYEE where EMPLOYEE_ID = 2 and VERSION = 1
DEBUG 2014-02-08 10:52:19,705 [Test worker] 論理的なコネクションを閉じました。tx=[FormatId=4360, GlobalId=1391824339450/0, BranchId=]
INFO  2014-02-08 10:52:19,706 [Test worker] END   org.seasar.doma.it.dao.EmployeeDaoImpl#delete
INFO  2014-02-08 10:52:19,707 [Test worker] START org.seasar.doma.it.dao.EmployeeDaoImpl#selectById
DEBUG 2014-02-08 10:52:19,736 [Test worker] 論理的なコネクションを取得しました。tx=[FormatId=4360, GlobalId=1391824339450/0, BranchId=]
INFO  2014-02-08 10:52:19,736 [Test worker] sqlFilePath=[META-INF/org/seasar/doma/it/dao/EmployeeDao/selectById.sql]
select * from EMPLOYEE where EMPLOYEE_ID = 1
DEBUG 2014-02-08 10:52:19,738 [Test worker] 論理的なコネクションを閉じました。tx=[FormatId=4360, GlobalId=1391824339450/0, BranchId=]
INFO  2014-02-08 10:52:19,738 [Test worker] END   org.seasar.doma.it.dao.EmployeeDaoImpl#selectById
INFO  2014-02-08 10:52:19,738 [Test worker] START org.seasar.doma.it.dao.EmployeeDaoImpl#selectById
DEBUG 2014-02-08 10:52:19,738 [Test worker] 論理的なコネクションを取得しました。tx=[FormatId=4360, GlobalId=1391824339450/0, BranchId=]
INFO  2014-02-08 10:52:19,738 [Test worker] sqlFilePath=[META-INF/org/seasar/doma/it/dao/EmployeeDao/selectById.sql]
select * from EMPLOYEE where EMPLOYEE_ID = 2
DEBUG 2014-02-08 10:52:19,739 [Test worker] 論理的なコネクションを閉じました。tx=[FormatId=4360, GlobalId=1391824339450/0, BranchId=]
INFO  2014-02-08 10:52:19,739 [Test worker] END   org.seasar.doma.it.dao.EmployeeDaoImpl#selectById
DEBUG 2014-02-08 10:52:19,740 [Test worker] トランザクションをロールバックしました。tx=[FormatId=4360, GlobalId=1391824339450/0, BranchId=]
DEBUG 2014-02-08 10:52:19,752 [Test worker] 物理的なコネクションを閉じました
DEBUG 2014-02-08 10:52:19,756 [Test worker] 環境変数#Envにファイル(env_ut.txt)から値(h2)が設定されました
DEBUG 2014-02-08 10:52:19,757 [Test worker] S2Containerを作成します。path=s2junit4.dicon
DEBUG 2014-02-08 10:52:19,763 [Test worker] S2Containerを作成しました。path=s2junit4.dicon
DEBUG 2014-02-08 10:52:19,764 [Test worker] 設定ファイル(jdbc.dicon)をインクルードします
DEBUG 2014-02-08 10:52:19,764 [Test worker] S2Containerを作成します。path=jdbc.dicon
DEBUG 2014-02-08 10:52:19,766 [Test worker] S2Containerを作成します。path=jta.dicon
DEBUG 2014-02-08 10:52:19,769 [Test worker] S2Containerを作成しました。path=jta.dicon
DEBUG 2014-02-08 10:52:19,769 [Test worker] S2Containerを作成します。path=xadatasource.dicon
DEBUG 2014-02-08 10:52:19,773 [Test worker] S2Containerを作成しました。path=xadatasource.dicon
DEBUG 2014-02-08 10:52:19,775 [Test worker] S2Containerを作成しました。path=jdbc.dicon
DEBUG 2014-02-08 10:52:19,777 [Test worker] トランザクションを開始しました。tx=[FormatId=4360, GlobalId=1391824339450/1, BranchId=]
INFO  2014-02-08 10:52:19,778 [Test worker] START org.seasar.doma.it.dao.PersonDaoImpl#delete
DEBUG 2014-02-08 10:52:19,825 [Test worker] 物理的なコネクションを取得しました
DEBUG 2014-02-08 10:52:19,825 [Test worker] 論理的なコネクションを取得しました。tx=[FormatId=4360, GlobalId=1391824339450/1, BranchId=]
INFO  2014-02-08 10:52:19,825 [Test worker] sqlFilePath=[null]
delete from EMPLOYEE where EMPLOYEE_ID = 1 and VERSION = 1
INFO  2014-02-08 10:52:19,826 [Test worker] sqlFilePath=[null]
delete from EMPLOYEE where EMPLOYEE_ID = 2 and VERSION = 1
DEBUG 2014-02-08 10:52:19,826 [Test worker] 論理的なコネクションを閉じました。tx=[FormatId=4360, GlobalId=1391824339450/1, BranchId=]
INFO  2014-02-08 10:52:19,826 [Test worker] END   org.seasar.doma.it.dao.PersonDaoImpl#delete
INFO  2014-02-08 10:52:19,826 [Test worker] START org.seasar.doma.it.dao.PersonDaoImpl#selectById
DEBUG 2014-02-08 10:52:19,827 [Test worker] 論理的なコネクションを取得しました。tx=[FormatId=4360, GlobalId=1391824339450/1, BranchId=]
INFO  2014-02-08 10:52:19,827 [Test worker] sqlFilePath=[META-INF/org/seasar/doma/it/dao/PersonDao/selectById.sql]
select * from EMPLOYEE where EMPLOYEE_ID = 1
DEBUG 2014-02-08 10:52:19,827 [Test worker] 論理的なコネクションを閉じました。tx=[FormatId=4360, GlobalId=1391824339450/1, BranchId=]
INFO  2014-02-08 10:52:19,828 [Test worker] END   org.seasar.doma.it.dao.PersonDaoImpl#selectById
INFO  2014-02-08 10:52:19,828 [Test worker] START org.seasar.doma.it.dao.PersonDaoImpl#selectById
DEBUG 2014-02-08 10:52:19,828 [Test worker] 論理的なコネクションを取得しました。tx=[FormatId=4360, GlobalId=1391824339450/1, BranchId=]
INFO  2014-02-08 10:52:19,828 [Test worker] sqlFilePath=[META-INF/org/seasar/doma/it/dao/PersonDao/selectById.sql]
select * from EMPLOYEE where EMPLOYEE_ID = 2
DEBUG 2014-02-08 10:52:19,828 [Test worker] 論理的なコネクションを閉じました。tx=[FormatId=4360, GlobalId=1391824339450/1, BranchId=]
INFO  2014-02-08 10:52:19,828 [Test worker] END   org.seasar.doma.it.dao.PersonDaoImpl#selectById
DEBUG 2014-02-08 10:52:19,829 [Test worker] トランザクションをロールバックしました。tx=[FormatId=4360, GlobalId=1391824339450/1, BranchId=]
DEBUG 2014-02-08 10:52:19,834 [Test worker] 物理的なコネクションを閉じました
DEBUG 2014-02-08 10:52:19,836 [Test worker] 環境変数#Envにファイル(env_ut.txt)から値(h2)が設定されました
DEBUG 2014-02-08 10:52:19,837 [Test worker] S2Containerを作成します。path=s2junit4.dicon
DEBUG 2014-02-08 10:52:19,842 [Test worker] S2Containerを作成しました。path=s2junit4.dicon
DEBUG 2014-02-08 10:52:19,843 [Test worker] 設定ファイル(jdbc.dicon)をインクルードします
DEBUG 2014-02-08 10:52:19,843 [Test worker] S2Containerを作成します。path=jdbc.dicon
DEBUG 2014-02-08 10:52:19,844 [Test worker] S2Containerを作成します。path=jta.dicon
DEBUG 2014-02-08 10:52:19,848 [Test worker] S2Containerを作成しました。path=jta.dicon
DEBUG 2014-02-08 10:52:19,848 [Test worker] S2Containerを作成します。path=xadatasource.dicon
DEBUG 2014-02-08 10:52:19,852 [Test worker] S2Containerを作成しました。path=xadatasource.dicon
DEBUG 2014-02-08 10:52:19,854 [Test worker] S2Containerを作成しました。path=jdbc.dicon
DEBUG 2014-02-08 10:52:19,856 [Test worker] トランザクションを開始しました。tx=[FormatId=4360, GlobalId=1391824339450/2, BranchId=]
INFO  2014-02-08 10:52:19,856 [Test worker] START org.seasar.doma.it.dao.EmployeeDaoImpl#delete_ignoreVersion
DEBUG 2014-02-08 10:52:19,895 [Test worker] 物理的なコネクションを取得しました
DEBUG 2014-02-08 10:52:19,895 [Test worker] 論理的なコネクションを取得しました。tx=[FormatId=4360, GlobalId=1391824339450/2, BranchId=]
INFO  2014-02-08 10:52:19,896 [Test worker] sqlFilePath=[null]
delete from EMPLOYEE where EMPLOYEE_ID = 1
INFO  2014-02-08 10:52:19,896 [Test worker] sqlFilePath=[null]
delete from EMPLOYEE where EMPLOYEE_ID = 2
DEBUG 2014-02-08 10:52:19,897 [Test worker] 論理的なコネクションを閉じました。tx=[FormatId=4360, GlobalId=1391824339450/2, BranchId=]
INFO  2014-02-08 10:52:19,897 [Test worker] END   org.seasar.doma.it.dao.EmployeeDaoImpl#delete_ignoreVersion
INFO  2014-02-08 10:52:19,897 [Test worker] START org.seasar.doma.it.dao.EmployeeDaoImpl#selectById
DEBUG 2014-02-08 10:52:19,897 [Test worker] 論理的なコネクションを取得しました。tx=[FormatId=4360, GlobalId=1391824339450/2, BranchId=]
INFO  2014-02-08 10:52:19,897 [Test worker] sqlFilePath=[META-INF/org/seasar/doma/it/dao/EmployeeDao/selectById.sql]
select * from EMPLOYEE where EMPLOYEE_ID = 1
DEBUG 2014-02-08 10:52:19,898 [Test worker] 論理的なコネクションを閉じました。tx=[FormatId=4360, GlobalId=1391824339450/2, BranchId=]
INFO  2014-02-08 10:52:19,898 [Test worker] END   org.seasar.doma.it.dao.EmployeeDaoImpl#selectById
INFO  2014-02-08 10:52:19,898 [Test worker] START org.seasar.doma.it.dao.EmployeeDaoImpl#selectById
DEBUG 2014-02-08 10:52:19,898 [Test worker] 論理的なコネクションを取得しました。tx=[FormatId=4360, GlobalId=1391824339450/2, BranchId=]
INFO  2014-02-08 10:52:19,898 [Test worker] sqlFilePath=[META-INF/org/seasar/doma/it/dao/EmployeeDao/selectById.sql]
select * from EMPLOYEE where EMPLOYEE_ID = 2
DEBUG 2014-02-08 10:52:19,898 [Test worker] 論理的なコネクションを閉じました。tx=[FormatId=4360, GlobalId=1391824339450/2, BranchId=]
INFO  2014-02-08 10:52:19,898 [Test worker] END   org.seasar.doma.it.dao.EmployeeDaoImpl#selectById
DEBUG 2014-02-08 10:52:19,899 [Test worker] トランザクションをロールバックしました。tx=[FormatId=4360, GlobalId=1391824339450/2, BranchId=]
DEBUG 2014-02-08 10:52:19,906 [Test worker] 物理的なコネクションを閉じました
DEBUG 2014-02-08 10:52:19,908 [Test worker] 環境変数#Envにファイル(env_ut.txt)から値(h2)が設定されました
DEBUG 2014-02-08 10:52:19,908 [Test worker] S2Containerを作成します。path=s2junit4.dicon
DEBUG 2014-02-08 10:52:19,913 [Test worker] S2Containerを作成しました。path=s2junit4.dicon
DEBUG 2014-02-08 10:52:19,914 [Test worker] 設定ファイル(jdbc.dicon)をインクルードします
DEBUG 2014-02-08 10:52:19,914 [Test worker] S2Containerを作成します。path=jdbc.dicon
DEBUG 2014-02-08 10:52:19,916 [Test worker] S2Containerを作成します。path=jta.dicon
DEBUG 2014-02-08 10:52:19,920 [Test worker] S2Containerを作成しました。path=jta.dicon
DEBUG 2014-02-08 10:52:19,920 [Test worker] S2Containerを作成します。path=xadatasource.dicon
DEBUG 2014-02-08 10:52:19,925 [Test worker] S2Containerを作成しました。path=xadatasource.dicon
DEBUG 2014-02-08 10:52:19,927 [Test worker] S2Containerを作成しました。path=jdbc.dicon
DEBUG 2014-02-08 10:52:19,928 [Test worker] トランザクションを開始しました。tx=[FormatId=4360, GlobalId=1391824339450/3, BranchId=]
INFO  2014-02-08 10:52:19,930 [Test worker] START org.seasar.doma.it.dao.CompKeyEmployeeDaoImpl#delete
DEBUG 2014-02-08 10:52:19,973 [Test worker] 物理的なコネクションを取得しました
DEBUG 2014-02-08 10:52:19,974 [Test worker] 論理的なコネクションを取得しました。tx=[FormatId=4360, GlobalId=1391824339450/3, BranchId=]
INFO  2014-02-08 10:52:19,974 [Test worker] sqlFilePath=[null]
delete from COMP_KEY_EMPLOYEE where EMPLOYEE_ID1 = 1 and EMPLOYEE_ID2 = 1 and VERSION = 1
INFO  2014-02-08 10:52:19,976 [Test worker] sqlFilePath=[null]
delete from COMP_KEY_EMPLOYEE where EMPLOYEE_ID1 = 2 and EMPLOYEE_ID2 = 2 and VERSION = 1
DEBUG 2014-02-08 10:52:19,976 [Test worker] 論理的なコネクションを閉じました。tx=[FormatId=4360, GlobalId=1391824339450/3, BranchId=]
INFO  2014-02-08 10:52:19,976 [Test worker] END   org.seasar.doma.it.dao.CompKeyEmployeeDaoImpl#delete
INFO  2014-02-08 10:52:19,976 [Test worker] START org.seasar.doma.it.dao.CompKeyEmployeeDaoImpl#selectById
DEBUG 2014-02-08 10:52:19,978 [Test worker] 論理的なコネクションを取得しました。tx=[FormatId=4360, GlobalId=1391824339450/3, BranchId=]
INFO  2014-02-08 10:52:19,978 [Test worker] sqlFilePath=[META-INF/org/seasar/doma/it/dao/CompKeyEmployeeDao/selectById.sql]
select * from COMP_KEY_EMPLOYEE where EMPLOYEE_ID1 = 1 and EMPLOYEE_ID2 = 1
DEBUG 2014-02-08 10:52:19,979 [Test worker] 論理的なコネクションを閉じました。tx=[FormatId=4360, GlobalId=1391824339450/3, BranchId=]
INFO  2014-02-08 10:52:19,979 [Test worker] END   org.seasar.doma.it.dao.CompKeyEmployeeDaoImpl#selectById
INFO  2014-02-08 10:52:19,979 [Test worker] START org.seasar.doma.it.dao.CompKeyEmployeeDaoImpl#selectById
DEBUG 2014-02-08 10:52:19,979 [Test worker] 論理的なコネクションを取得しました。tx=[FormatId=4360, GlobalId=1391824339450/3, BranchId=]
INFO  2014-02-08 10:52:19,979 [Test worker] sqlFilePath=[META-INF/org/seasar/doma/it/dao/CompKeyEmployeeDao/selectById.sql]
select * from COMP_KEY_EMPLOYEE where EMPLOYEE_ID1 = 2 and EMPLOYEE_ID2 = 2
DEBUG 2014-02-08 10:52:19,979 [Test worker] 論理的なコネクションを閉じました。tx=[FormatId=4360, GlobalId=1391824339450/3, BranchId=]
INFO  2014-02-08 10:52:19,979 [Test worker] END   org.seasar.doma.it.dao.CompKeyEmployeeDaoImpl#selectById
DEBUG 2014-02-08 10:52:19,980 [Test worker] トランザクションをロールバックしました。tx=[FormatId=4360, GlobalId=1391824339450/3, BranchId=]
DEBUG 2014-02-08 10:52:19,986 [Test worker] 物理的なコネクションを閉じました
DEBUG 2014-02-08 10:52:19,989 [Test worker] 環境変数#Envにファイル(env_ut.txt)から値(h2)が設定されました
DEBUG 2014-02-08 10:52:19,990 [Test worker] S2Containerを作成します。path=s2junit4.dicon
DEBUG 2014-02-08 10:52:19,996 [Test worker] S2Containerを作成しました。path=s2junit4.dicon
DEBUG 2014-02-08 10:52:19,996 [Test worker] 設定ファイル(jdbc.dicon)をインクルードします
DEBUG 2014-02-08 10:52:19,997 [Test worker] S2Containerを作成します。path=jdbc.dicon
DEBUG 2014-02-08 10:52:19,999 [Test worker] S2Containerを作成します。path=jta.dicon
DEBUG 2014-02-08 10:52:20,003 [Test worker] S2Containerを作成しました。path=jta.dicon
DEBUG 2014-02-08 10:52:20,003 [Test worker] S2Containerを作成します。path=xadatasource.dicon
DEBUG 2014-02-08 10:52:20,006 [Test worker] S2Containerを作成しました。path=xadatasource.dicon
DEBUG 2014-02-08 10:52:20,008 [Test worker] S2Containerを作成しました。path=jdbc.dicon
DEBUG 2014-02-08 10:52:20,009 [Test worker] トランザクションを開始しました。tx=[FormatId=4360, GlobalId=1391824339450/4, BranchId=]
INFO  2014-02-08 10:52:20,010 [Test worker] START org.seasar.doma.it.dao.NoIdDaoImpl#delete
INFO  2014-02-08 10:52:20,019 [Test worker] END   org.seasar.doma.it.dao.NoIdDaoImpl#delete RuntimeException: org.seasar.doma.jdbc.JdbcException: [DOMA2022] IDプロパティのないエンティティ[NoId]の更新や削除はできません。
DEBUG 2014-02-08 10:52:20,019 [Test worker] トランザクションをロールバックしました。tx=[FormatId=4360, GlobalId=1391824339450/4, BranchId=]
DEBUG 2014-02-08 10:52:20,024 [Test worker] 環境変数#Envにファイル(env_ut.txt)から値(h2)が設定されました
DEBUG 2014-02-08 10:52:20,024 [Test worker] S2Containerを作成します。path=s2junit4.dicon
DEBUG 2014-02-08 10:52:20,028 [Test worker] S2Containerを作成しました。path=s2junit4.dicon
DEBUG 2014-02-08 10:52:20,028 [Test worker] 設定ファイル(jdbc.dicon)をインクルードします
DEBUG 2014-02-08 10:52:20,029 [Test worker] S2Containerを作成します。path=jdbc.dicon
DEBUG 2014-02-08 10:52:20,031 [Test worker] S2Containerを作成します。path=jta.dicon
DEBUG 2014-02-08 10:52:20,035 [Test worker] S2Containerを作成しました。path=jta.dicon
DEBUG 2014-02-08 10:52:20,035 [Test worker] S2Containerを作成します。path=xadatasource.dicon
DEBUG 2014-02-08 10:52:20,039 [Test worker] S2Containerを作成しました。path=xadatasource.dicon
DEBUG 2014-02-08 10:52:20,040 [Test worker] S2Containerを作成しました。path=jdbc.dicon
DEBUG 2014-02-08 10:52:20,042 [Test worker] トランザクションを開始しました。tx=[FormatId=4360, GlobalId=1391824339450/5, BranchId=]
INFO  2014-02-08 10:52:20,042 [Test worker] START org.seasar.doma.it.dao.EmployeeDaoImpl#selectById
DEBUG 2014-02-08 10:52:20,081 [Test worker] 物理的なコネクションを取得しました
DEBUG 2014-02-08 10:52:20,081 [Test worker] 論理的なコネクションを取得しました。tx=[FormatId=4360, GlobalId=1391824339450/5, BranchId=]
INFO  2014-02-08 10:52:20,081 [Test worker] sqlFilePath=[META-INF/org/seasar/doma/it/dao/EmployeeDao/selectById.sql]
select * from EMPLOYEE where EMPLOYEE_ID = 1
DEBUG 2014-02-08 10:52:20,084 [Test worker] 論理的なコネクションを閉じました。tx=[FormatId=4360, GlobalId=1391824339450/5, BranchId=]
INFO  2014-02-08 10:52:20,084 [Test worker] END   org.seasar.doma.it.dao.EmployeeDaoImpl#selectById
INFO  2014-02-08 10:52:20,084 [Test worker] START org.seasar.doma.it.dao.EmployeeDaoImpl#selectById
DEBUG 2014-02-08 10:52:20,084 [Test worker] 論理的なコネクションを取得しました。tx=[FormatId=4360, GlobalId=1391824339450/5, BranchId=]
INFO  2014-02-08 10:52:20,084 [Test worker] sqlFilePath=[META-INF/org/seasar/doma/it/dao/EmployeeDao/selectById.sql]
select * from EMPLOYEE where EMPLOYEE_ID = 2
DEBUG 2014-02-08 10:52:20,085 [Test worker] 論理的なコネクションを閉じました。tx=[FormatId=4360, GlobalId=1391824339450/5, BranchId=]
INFO  2014-02-08 10:52:20,085 [Test worker] END   org.seasar.doma.it.dao.EmployeeDaoImpl#selectById
INFO  2014-02-08 10:52:20,085 [Test worker] START org.seasar.doma.it.dao.EmployeeDaoImpl#selectById
DEBUG 2014-02-08 10:52:20,085 [Test worker] 論理的なコネクションを取得しました。tx=[FormatId=4360, GlobalId=1391824339450/5, BranchId=]
INFO  2014-02-08 10:52:20,085 [Test worker] sqlFilePath=[META-INF/org/seasar/doma/it/dao/EmployeeDao/selectById.sql]
select * from EMPLOYEE where EMPLOYEE_ID = 1
DEBUG 2014-02-08 10:52:20,086 [Test worker] 論理的なコネクションを閉じました。tx=[FormatId=4360, GlobalId=1391824339450/5, BranchId=]
INFO  2014-02-08 10:52:20,086 [Test worker] END   org.seasar.doma.it.dao.EmployeeDaoImpl#selectById
INFO  2014-02-08 10:52:20,086 [Test worker] START org.seasar.doma.it.dao.EmployeeDaoImpl#delete
DEBUG 2014-02-08 10:52:20,089 [Test worker] 論理的なコネクションを取得しました。tx=[FormatId=4360, GlobalId=1391824339450/5, BranchId=]
INFO  2014-02-08 10:52:20,089 [Test worker] sqlFilePath=[null]
delete from EMPLOYEE where EMPLOYEE_ID = 1 and VERSION = 1
DEBUG 2014-02-08 10:52:20,090 [Test worker] 論理的なコネクションを閉じました。tx=[FormatId=4360, GlobalId=1391824339450/5, BranchId=]
INFO  2014-02-08 10:52:20,090 [Test worker] END   org.seasar.doma.it.dao.EmployeeDaoImpl#delete
INFO  2014-02-08 10:52:20,090 [Test worker] START org.seasar.doma.it.dao.EmployeeDaoImpl#delete
DEBUG 2014-02-08 10:52:20,090 [Test worker] 論理的なコネクションを取得しました。tx=[FormatId=4360, GlobalId=1391824339450/5, BranchId=]
INFO  2014-02-08 10:52:20,091 [Test worker] sqlFilePath=[null]
delete from EMPLOYEE where EMPLOYEE_ID = 2 and VERSION = 1
INFO  2014-02-08 10:52:20,091 [Test worker] sqlFilePath=[null]
delete from EMPLOYEE where EMPLOYEE_ID = 1 and VERSION = 1
DEBUG 2014-02-08 10:52:20,092 [Test worker] 論理的なコネクションを閉じました。tx=[FormatId=4360, GlobalId=1391824339450/5, BranchId=]
INFO  2014-02-08 10:52:20,092 [Test worker] END   org.seasar.doma.it.dao.EmployeeDaoImpl#delete RuntimeException: org.seasar.doma.jdbc.BatchOptimisticLockException: [DOMA2028] 楽観的排他制御によりバッチ更新処理が失敗しました。
SQLファイルパス=[null]。
実際のSQL=[delete from EMPLOYEE where EMPLOYEE_ID = ? and VERSION = ?]。
DEBUG 2014-02-08 10:52:20,093 [Test worker] トランザクションをロールバックしました。tx=[FormatId=4360, GlobalId=1391824339450/5, BranchId=]
DEBUG 2014-02-08 10:52:20,097 [Test worker] 物理的なコネクションを閉じました
DEBUG 2014-02-08 10:52:20,099 [Test worker] 環境変数#Envにファイル(env_ut.txt)から値(h2)が設定されました
DEBUG 2014-02-08 10:52:20,099 [Test worker] S2Containerを作成します。path=s2junit4.dicon
DEBUG 2014-02-08 10:52:20,103 [Test worker] S2Containerを作成しました。path=s2junit4.dicon
DEBUG 2014-02-08 10:52:20,103 [Test worker] 設定ファイル(jdbc.dicon)をインクルードします
DEBUG 2014-02-08 10:52:20,103 [Test worker] S2Containerを作成します。path=jdbc.dicon
DEBUG 2014-02-08 10:52:20,105 [Test worker] S2Containerを作成します。path=jta.dicon
DEBUG 2014-02-08 10:52:20,108 [Test worker] S2Containerを作成しました。path=jta.dicon
DEBUG 2014-02-08 10:52:20,108 [Test worker] S2Containerを作成します。path=xadatasource.dicon
DEBUG 2014-02-08 10:52:20,111 [Test worker] S2Containerを作成しました。path=xadatasource.dicon
DEBUG 2014-02-08 10:52:20,112 [Test worker] S2Containerを作成しました。path=jdbc.dicon
DEBUG 2014-02-08 10:52:20,113 [Test worker] トランザクションを開始しました。tx=[FormatId=4360, GlobalId=1391824339450/6, BranchId=]
INFO  2014-02-08 10:52:20,113 [Test worker] START org.seasar.doma.it.dao.EmployeeDaoImpl#selectById
DEBUG 2014-02-08 10:52:20,149 [Test worker] 物理的なコネクションを取得しました
DEBUG 2014-02-08 10:52:20,149 [Test worker] 論理的なコネクションを取得しました。tx=[FormatId=4360, GlobalId=1391824339450/6, BranchId=]
INFO  2014-02-08 10:52:20,149 [Test worker] sqlFilePath=[META-INF/org/seasar/doma/it/dao/EmployeeDao/selectById.sql]
select * from EMPLOYEE where EMPLOYEE_ID = 1
DEBUG 2014-02-08 10:52:20,150 [Test worker] 論理的なコネクションを閉じました。tx=[FormatId=4360, GlobalId=1391824339450/6, BranchId=]
INFO  2014-02-08 10:52:20,150 [Test worker] END   org.seasar.doma.it.dao.EmployeeDaoImpl#selectById
INFO  2014-02-08 10:52:20,150 [Test worker] START org.seasar.doma.it.dao.EmployeeDaoImpl#selectById
DEBUG 2014-02-08 10:52:20,151 [Test worker] 論理的なコネクションを取得しました。tx=[FormatId=4360, GlobalId=1391824339450/6, BranchId=]
INFO  2014-02-08 10:52:20,151 [Test worker] sqlFilePath=[META-INF/org/seasar/doma/it/dao/EmployeeDao/selectById.sql]
select * from EMPLOYEE where EMPLOYEE_ID = 2
DEBUG 2014-02-08 10:52:20,151 [Test worker] 論理的なコネクションを閉じました。tx=[FormatId=4360, GlobalId=1391824339450/6, BranchId=]
INFO  2014-02-08 10:52:20,151 [Test worker] END   org.seasar.doma.it.dao.EmployeeDaoImpl#selectById
INFO  2014-02-08 10:52:20,151 [Test worker] START org.seasar.doma.it.dao.EmployeeDaoImpl#selectById
DEBUG 2014-02-08 10:52:20,151 [Test worker] 論理的なコネクションを取得しました。tx=[FormatId=4360, GlobalId=1391824339450/6, BranchId=]
INFO  2014-02-08 10:52:20,151 [Test worker] sqlFilePath=[META-INF/org/seasar/doma/it/dao/EmployeeDao/selectById.sql]
select * from EMPLOYEE where EMPLOYEE_ID = 1
DEBUG 2014-02-08 10:52:20,152 [Test worker] 論理的なコネクションを閉じました。tx=[FormatId=4360, GlobalId=1391824339450/6, BranchId=]
INFO  2014-02-08 10:52:20,152 [Test worker] END   org.seasar.doma.it.dao.EmployeeDaoImpl#selectById
INFO  2014-02-08 10:52:20,152 [Test worker] START org.seasar.doma.it.dao.EmployeeDaoImpl#delete
DEBUG 2014-02-08 10:52:20,152 [Test worker] 論理的なコネクションを取得しました。tx=[FormatId=4360, GlobalId=1391824339450/6, BranchId=]
INFO  2014-02-08 10:52:20,152 [Test worker] sqlFilePath=[null]
delete from EMPLOYEE where EMPLOYEE_ID = 1 and VERSION = 1
DEBUG 2014-02-08 10:52:20,153 [Test worker] 論理的なコネクションを閉じました。tx=[FormatId=4360, GlobalId=1391824339450/6, BranchId=]
INFO  2014-02-08 10:52:20,153 [Test worker] END   org.seasar.doma.it.dao.EmployeeDaoImpl#delete
INFO  2014-02-08 10:52:20,153 [Test worker] START org.seasar.doma.it.dao.EmployeeDaoImpl#delete_suppressOptimisticLockException
DEBUG 2014-02-08 10:52:20,153 [Test worker] 論理的なコネクションを取得しました。tx=[FormatId=4360, GlobalId=1391824339450/6, BranchId=]
INFO  2014-02-08 10:52:20,153 [Test worker] sqlFilePath=[null]
delete from EMPLOYEE where EMPLOYEE_ID = 2 and VERSION = 1
INFO  2014-02-08 10:52:20,154 [Test worker] sqlFilePath=[null]
delete from EMPLOYEE where EMPLOYEE_ID = 1 and VERSION = 1
DEBUG 2014-02-08 10:52:20,154 [Test worker] 論理的なコネクションを閉じました。tx=[FormatId=4360, GlobalId=1391824339450/6, BranchId=]
INFO  2014-02-08 10:52:20,154 [Test worker] END   org.seasar.doma.it.dao.EmployeeDaoImpl#delete_suppressOptimisticLockException
DEBUG 2014-02-08 10:52:20,155 [Test worker] トランザクションをロールバックしました。tx=[FormatId=4360, GlobalId=1391824339450/6, BranchId=]
DEBUG 2014-02-08 10:52:20,159 [Test worker] 物理的なコネクションを閉じました
DEBUG 2014-02-08 10:52:20,162 [Test worker] 環境変数#Envにファイル(env_ut.txt)から値(h2)が設定されました
DEBUG 2014-02-08 10:52:20,163 [Test worker] S2Containerを作成します。path=s2junit4.dicon
DEBUG 2014-02-08 10:52:20,168 [Test worker] S2Containerを作成しました。path=s2junit4.dicon
DEBUG 2014-02-08 10:52:20,168 [Test worker] 設定ファイル(jdbc.dicon)をインクルードします
DEBUG 2014-02-08 10:52:20,168 [Test worker] S2Containerを作成します。path=jdbc.dicon
DEBUG 2014-02-08 10:52:20,170 [Test worker] S2Containerを作成します。path=jta.dicon
DEBUG 2014-02-08 10:52:20,173 [Test worker] S2Containerを作成しました。path=jta.dicon
DEBUG 2014-02-08 10:52:20,173 [Test worker] S2Containerを作成します。path=xadatasource.dicon
DEBUG 2014-02-08 10:52:20,176 [Test worker] S2Containerを作成しました。path=xadatasource.dicon
DEBUG 2014-02-08 10:52:20,178 [Test worker] S2Containerを作成しました。path=jdbc.dicon
DEBUG 2014-02-08 10:52:20,180 [Test worker] トランザクションを開始しました。tx=[FormatId=4360, GlobalId=1391824339450/7, BranchId=]
INFO  2014-02-08 10:52:20,181 [Test worker] START org.seasar.doma.it.dao.WorkerDaoImpl#delete
DEBUG 2014-02-08 10:52:20,221 [Test worker] 物理的なコネクションを取得しました
DEBUG 2014-02-08 10:52:20,221 [Test worker] 論理的なコネクションを取得しました。tx=[FormatId=4360, GlobalId=1391824339450/7, BranchId=]
INFO  2014-02-08 10:52:20,221 [Test worker] sqlFilePath=[null]
delete from EMPLOYEE where EMPLOYEE_ID = 1 and VERSION = 1
INFO  2014-02-08 10:52:20,221 [Test worker] sqlFilePath=[null]
delete from EMPLOYEE where EMPLOYEE_ID = 2 and VERSION = 1
DEBUG 2014-02-08 10:52:20,222 [Test worker] 論理的なコネクションを閉じました。tx=[FormatId=4360, GlobalId=1391824339450/7, BranchId=]
INFO  2014-02-08 10:52:20,222 [Test worker] END   org.seasar.doma.it.dao.WorkerDaoImpl#delete
INFO  2014-02-08 10:52:20,222 [Test worker] START org.seasar.doma.it.dao.WorkerDaoImpl#selectById
DEBUG 2014-02-08 10:52:20,223 [Test worker] 論理的なコネクションを取得しました。tx=[FormatId=4360, GlobalId=1391824339450/7, BranchId=]
INFO  2014-02-08 10:52:20,223 [Test worker] sqlFilePath=[META-INF/org/seasar/doma/it/dao/WorkerDao/selectById.sql]
select * from EMPLOYEE where EMPLOYEE_ID = 1
DEBUG 2014-02-08 10:52:20,223 [Test worker] 論理的なコネクションを閉じました。tx=[FormatId=4360, GlobalId=1391824339450/7, BranchId=]
INFO  2014-02-08 10:52:20,224 [Test worker] END   org.seasar.doma.it.dao.WorkerDaoImpl#selectById
INFO  2014-02-08 10:52:20,224 [Test worker] START org.seasar.doma.it.dao.WorkerDaoImpl#selectById
DEBUG 2014-02-08 10:52:20,224 [Test worker] 論理的なコネクションを取得しました。tx=[FormatId=4360, GlobalId=1391824339450/7, BranchId=]
INFO  2014-02-08 10:52:20,224 [Test worker] sqlFilePath=[META-INF/org/seasar/doma/it/dao/WorkerDao/selectById.sql]
select * from EMPLOYEE where EMPLOYEE_ID = 2
DEBUG 2014-02-08 10:52:20,224 [Test worker] 論理的なコネクションを閉じました。tx=[FormatId=4360, GlobalId=1391824339450/7, BranchId=]
INFO  2014-02-08 10:52:20,224 [Test worker] END   org.seasar.doma.it.dao.WorkerDaoImpl#selectById
DEBUG 2014-02-08 10:52:20,225 [Test worker] トランザクションをロールバックしました。tx=[FormatId=4360, GlobalId=1391824339450/7, BranchId=]
DEBUG 2014-02-08 10:52:20,231 [Test worker] 物理的なコネクションを閉じました
]]></system-out>
  <system-err><![CDATA[]]></system-err>
</testsuite>
