<?xml version="1.1" encoding="UTF-8"?>
<testsuite name="org.seasar.doma.it.auto.AutoProcedureTest" tests="14" failures="0" errors="0" timestamp="2014-02-08T01:52:22" hostname="nakamura-to-MacBook.local" time="0.005">
  <properties/>
  <ignored-testcase name="testIn_InOut_Out" classname="org.seasar.doma.it.auto.AutoProcedureTest" time="0.0"/>
  <ignored-testcase name="testIn_InOut_Out_time" classname="org.seasar.doma.it.auto.AutoProcedureTest" time="0.0"/>
  <ignored-testcase name="testResultSet_Out" classname="org.seasar.doma.it.auto.AutoProcedureTest" time="0.0"/>
  <ignored-testcase name="testResultSets" classname="org.seasar.doma.it.auto.AutoProcedureTest" time="0.0"/>
  <ignored-testcase name="testResultSetAndUpdate_Out" classname="org.seasar.doma.it.auto.AutoProcedureTest" time="0.001"/>
  <ignored-testcase name="testNoParam" classname="org.seasar.doma.it.auto.AutoProcedureTest" time="0.0"/>
  <ignored-testcase name="testOneParam" classname="org.seasar.doma.it.auto.AutoProcedureTest" time="0.0"/>
  <ignored-testcase name="testOneParam_time" classname="org.seasar.doma.it.auto.AutoProcedureTest" time="0.0"/>
  <ignored-testcase name="testResultSet" classname="org.seasar.doma.it.auto.AutoProcedureTest" time="0.0"/>
  <ignored-testcase name="testResultSet_check" classname="org.seasar.doma.it.auto.AutoProcedureTest" time="0.0"/>
  <ignored-testcase name="testResultSet_nocheck" classname="org.seasar.doma.it.auto.AutoProcedureTest" time="0.0"/>
  <ignored-testcase name="testResultSet_map" classname="org.seasar.doma.it.auto.AutoProcedureTest" time="0.0"/>
  <ignored-testcase name="testResultSetAndUpdate" classname="org.seasar.doma.it.auto.AutoProcedureTest" time="0.0"/>
  <ignored-testcase name="testResultSetAndUpdate2" classname="org.seasar.doma.it.auto.AutoProcedureTest" time="0.0"/>
  <system-out><![CDATA[DEBUG 2014-02-08 10:52:22,433 [Test worker] 環境変数#Envにファイル(env_ut.txt)から値(h2)が設定されました
DEBUG 2014-02-08 10:52:22,434 [Test worker] 環境変数#Envにファイル(env_ut.txt)から値(h2)が設定されました
DEBUG 2014-02-08 10:52:22,434 [Test worker] 環境変数#Envにファイル(env_ut.txt)から値(h2)が設定されました
DEBUG 2014-02-08 10:52:22,435 [Test worker] 環境変数#Envにファイル(env_ut.txt)から値(h2)が設定されました
DEBUG 2014-02-08 10:52:22,435 [Test worker] 環境変数#Envにファイル(env_ut.txt)から値(h2)が設定されました
DEBUG 2014-02-08 10:52:22,436 [Test worker] 環境変数#Envにファイル(env_ut.txt)から値(h2)が設定されました
DEBUG 2014-02-08 10:52:22,436 [Test worker] 環境変数#Envにファイル(env_ut.txt)から値(h2)が設定されました
DEBUG 2014-02-08 10:52:22,437 [Test worker] 環境変数#Envにファイル(env_ut.txt)から値(h2)が設定されました
DEBUG 2014-02-08 10:52:22,437 [Test worker] 環境変数#Envにファイル(env_ut.txt)から値(h2)が設定されました
DEBUG 2014-02-08 10:52:22,438 [Test worker] 環境変数#Envにファイル(env_ut.txt)から値(h2)が設定されました
DEBUG 2014-02-08 10:52:22,438 [Test worker] 環境変数#Envにファイル(env_ut.txt)から値(h2)が設定されました
DEBUG 2014-02-08 10:52:22,438 [Test worker] 環境変数#Envにファイル(env_ut.txt)から値(h2)が設定されました
DEBUG 2014-02-08 10:52:22,439 [Test worker] 環境変数#Envにファイル(env_ut.txt)から値(h2)が設定されました
DEBUG 2014-02-08 10:52:22,439 [Test worker] 環境変数#Envにファイル(env_ut.txt)から値(h2)が設定されました
]]></system-out>
  <system-err><![CDATA[]]></system-err>
</testsuite>
