<?xml version="1.1" encoding="UTF-8"?>
<testsuite name="org.seasar.doma.it.sqlfile.SqlFileUpdateTest" tests="4" failures="0" errors="0" timestamp="2014-02-08T01:52:43" hostname="nakamura-to-MacBook.local" time="0.175">
  <properties/>
  <testcase name="test" classname="org.seasar.doma.it.sqlfile.SqlFileUpdateTest" time="0.043"/>
  <testcase name="testImmutable" classname="org.seasar.doma.it.sqlfile.SqlFileUpdateTest" time="0.041"/>
  <testcase name="testOptimisticLockException" classname="org.seasar.doma.it.sqlfile.SqlFileUpdateTest" time="0.046"/>
  <testcase name="testSuppressOptimisticLockException" classname="org.seasar.doma.it.sqlfile.SqlFileUpdateTest" time="0.042"/>
  <system-out><![CDATA[DEBUG 2014-02-08 10:52:43,229 [Test worker] 環境変数#Envにファイル(env_ut.txt)から値(h2)が設定されました
DEBUG 2014-02-08 10:52:43,229 [Test worker] S2Containerを作成します。path=s2junit4.dicon
DEBUG 2014-02-08 10:52:43,231 [Test worker] S2Containerを作成しました。path=s2junit4.dicon
DEBUG 2014-02-08 10:52:43,231 [Test worker] 設定ファイル(jdbc.dicon)をインクルードします
DEBUG 2014-02-08 10:52:43,231 [Test worker] S2Containerを作成します。path=jdbc.dicon
DEBUG 2014-02-08 10:52:43,232 [Test worker] S2Containerを作成します。path=jta.dicon
DEBUG 2014-02-08 10:52:43,233 [Test worker] S2Containerを作成しました。path=jta.dicon
DEBUG 2014-02-08 10:52:43,233 [Test worker] S2Containerを作成します。path=xadatasource.dicon
DEBUG 2014-02-08 10:52:43,234 [Test worker] S2Containerを作成しました。path=xadatasource.dicon
DEBUG 2014-02-08 10:52:43,235 [Test worker] S2Containerを作成しました。path=jdbc.dicon
DEBUG 2014-02-08 10:52:43,235 [Test worker] トランザクションを開始しました。tx=[FormatId=4360, GlobalId=1391824339450/137, BranchId=]
INFO  2014-02-08 10:52:43,235 [Test worker] START org.seasar.doma.it.dao.DepartmentDaoImpl#updateBySqlFile
DEBUG 2014-02-08 10:52:43,268 [Test worker] 物理的なコネクションを取得しました
DEBUG 2014-02-08 10:52:43,268 [Test worker] 論理的なコネクションを取得しました。tx=[FormatId=4360, GlobalId=1391824339450/137, BranchId=]
INFO  2014-02-08 10:52:43,268 [Test worker] sqlFilePath=[META-INF/org/seasar/doma/it/dao/DepartmentDao/updateBySqlFile.sql]
update DEPARTMENT set DEPARTMENT_NAME = 'hoge', VERSION = 1 + 1 where DEPARTMENT_ID = 1 and VERSION = 1
DEBUG 2014-02-08 10:52:43,268 [Test worker] 論理的なコネクションを閉じました。tx=[FormatId=4360, GlobalId=1391824339450/137, BranchId=]
INFO  2014-02-08 10:52:43,268 [Test worker] END   org.seasar.doma.it.dao.DepartmentDaoImpl#updateBySqlFile
INFO  2014-02-08 10:52:43,268 [Test worker] START org.seasar.doma.it.dao.DepartmentDaoImpl#selectById
DEBUG 2014-02-08 10:52:43,269 [Test worker] 論理的なコネクションを取得しました。tx=[FormatId=4360, GlobalId=1391824339450/137, BranchId=]
INFO  2014-02-08 10:52:43,269 [Test worker] sqlFilePath=[META-INF/org/seasar/doma/it/dao/DepartmentDao/selectById.sql]
select * from DEPARTMENT where DEPARTMENT_ID = 1
DEBUG 2014-02-08 10:52:43,269 [Test worker] 論理的なコネクションを閉じました。tx=[FormatId=4360, GlobalId=1391824339450/137, BranchId=]
INFO  2014-02-08 10:52:43,269 [Test worker] END   org.seasar.doma.it.dao.DepartmentDaoImpl#selectById
DEBUG 2014-02-08 10:52:43,269 [Test worker] トランザクションをロールバックしました。tx=[FormatId=4360, GlobalId=1391824339450/137, BranchId=]
DEBUG 2014-02-08 10:52:43,272 [Test worker] 物理的なコネクションを閉じました
DEBUG 2014-02-08 10:52:43,273 [Test worker] 環境変数#Envにファイル(env_ut.txt)から値(h2)が設定されました
DEBUG 2014-02-08 10:52:43,273 [Test worker] S2Containerを作成します。path=s2junit4.dicon
DEBUG 2014-02-08 10:52:43,275 [Test worker] S2Containerを作成しました。path=s2junit4.dicon
DEBUG 2014-02-08 10:52:43,275 [Test worker] 設定ファイル(jdbc.dicon)をインクルードします
DEBUG 2014-02-08 10:52:43,275 [Test worker] S2Containerを作成します。path=jdbc.dicon
DEBUG 2014-02-08 10:52:43,276 [Test worker] S2Containerを作成します。path=jta.dicon
DEBUG 2014-02-08 10:52:43,277 [Test worker] S2Containerを作成しました。path=jta.dicon
DEBUG 2014-02-08 10:52:43,277 [Test worker] S2Containerを作成します。path=xadatasource.dicon
DEBUG 2014-02-08 10:52:43,278 [Test worker] S2Containerを作成しました。path=xadatasource.dicon
DEBUG 2014-02-08 10:52:43,278 [Test worker] S2Containerを作成しました。path=jdbc.dicon
DEBUG 2014-02-08 10:52:43,279 [Test worker] トランザクションを開始しました。tx=[FormatId=4360, GlobalId=1391824339450/138, BranchId=]
INFO  2014-02-08 10:52:43,279 [Test worker] START org.seasar.doma.it.dao.DeptDaoImpl#updateBySqlFile
DEBUG 2014-02-08 10:52:43,310 [Test worker] 物理的なコネクションを取得しました
DEBUG 2014-02-08 10:52:43,310 [Test worker] 論理的なコネクションを取得しました。tx=[FormatId=4360, GlobalId=1391824339450/138, BranchId=]
INFO  2014-02-08 10:52:43,310 [Test worker] sqlFilePath=[META-INF/org/seasar/doma/it/dao/DeptDao/updateBySqlFile.sql]
update DEPARTMENT set DEPARTMENT_NAME = 'hoge_preU', VERSION = 1 + 1 where DEPARTMENT_ID = 1 and VERSION = 1
DEBUG 2014-02-08 10:52:43,310 [Test worker] 論理的なコネクションを閉じました。tx=[FormatId=4360, GlobalId=1391824339450/138, BranchId=]
INFO  2014-02-08 10:52:43,310 [Test worker] END   org.seasar.doma.it.dao.DeptDaoImpl#updateBySqlFile
INFO  2014-02-08 10:52:43,311 [Test worker] START org.seasar.doma.it.dao.DeptDaoImpl#selectById
DEBUG 2014-02-08 10:52:43,311 [Test worker] 論理的なコネクションを取得しました。tx=[FormatId=4360, GlobalId=1391824339450/138, BranchId=]
INFO  2014-02-08 10:52:43,311 [Test worker] sqlFilePath=[META-INF/org/seasar/doma/it/dao/DeptDao/selectById.sql]
select * from DEPARTMENT where DEPARTMENT_ID = 1
DEBUG 2014-02-08 10:52:43,311 [Test worker] 論理的なコネクションを閉じました。tx=[FormatId=4360, GlobalId=1391824339450/138, BranchId=]
INFO  2014-02-08 10:52:43,311 [Test worker] END   org.seasar.doma.it.dao.DeptDaoImpl#selectById
DEBUG 2014-02-08 10:52:43,311 [Test worker] トランザクションをロールバックしました。tx=[FormatId=4360, GlobalId=1391824339450/138, BranchId=]
DEBUG 2014-02-08 10:52:43,314 [Test worker] 物理的なコネクションを閉じました
DEBUG 2014-02-08 10:52:43,315 [Test worker] 環境変数#Envにファイル(env_ut.txt)から値(h2)が設定されました
DEBUG 2014-02-08 10:52:43,315 [Test worker] S2Containerを作成します。path=s2junit4.dicon
DEBUG 2014-02-08 10:52:43,317 [Test worker] S2Containerを作成しました。path=s2junit4.dicon
DEBUG 2014-02-08 10:52:43,317 [Test worker] 設定ファイル(jdbc.dicon)をインクルードします
DEBUG 2014-02-08 10:52:43,317 [Test worker] S2Containerを作成します。path=jdbc.dicon
DEBUG 2014-02-08 10:52:43,318 [Test worker] S2Containerを作成します。path=jta.dicon
DEBUG 2014-02-08 10:52:43,320 [Test worker] S2Containerを作成しました。path=jta.dicon
DEBUG 2014-02-08 10:52:43,320 [Test worker] S2Containerを作成します。path=xadatasource.dicon
DEBUG 2014-02-08 10:52:43,322 [Test worker] S2Containerを作成しました。path=xadatasource.dicon
DEBUG 2014-02-08 10:52:43,322 [Test worker] S2Containerを作成しました。path=jdbc.dicon
DEBUG 2014-02-08 10:52:43,323 [Test worker] トランザクションを開始しました。tx=[FormatId=4360, GlobalId=1391824339450/139, BranchId=]
INFO  2014-02-08 10:52:43,323 [Test worker] START org.seasar.doma.it.dao.DepartmentDaoImpl#selectById
DEBUG 2014-02-08 10:52:43,356 [Test worker] 物理的なコネクションを取得しました
DEBUG 2014-02-08 10:52:43,356 [Test worker] 論理的なコネクションを取得しました。tx=[FormatId=4360, GlobalId=1391824339450/139, BranchId=]
INFO  2014-02-08 10:52:43,356 [Test worker] sqlFilePath=[META-INF/org/seasar/doma/it/dao/DepartmentDao/selectById.sql]
select * from DEPARTMENT where DEPARTMENT_ID = 1
DEBUG 2014-02-08 10:52:43,356 [Test worker] 論理的なコネクションを閉じました。tx=[FormatId=4360, GlobalId=1391824339450/139, BranchId=]
INFO  2014-02-08 10:52:43,356 [Test worker] END   org.seasar.doma.it.dao.DepartmentDaoImpl#selectById
INFO  2014-02-08 10:52:43,356 [Test worker] START org.seasar.doma.it.dao.DepartmentDaoImpl#selectById
DEBUG 2014-02-08 10:52:43,356 [Test worker] 論理的なコネクションを取得しました。tx=[FormatId=4360, GlobalId=1391824339450/139, BranchId=]
INFO  2014-02-08 10:52:43,356 [Test worker] sqlFilePath=[META-INF/org/seasar/doma/it/dao/DepartmentDao/selectById.sql]
select * from DEPARTMENT where DEPARTMENT_ID = 1
DEBUG 2014-02-08 10:52:43,356 [Test worker] 論理的なコネクションを閉じました。tx=[FormatId=4360, GlobalId=1391824339450/139, BranchId=]
INFO  2014-02-08 10:52:43,356 [Test worker] END   org.seasar.doma.it.dao.DepartmentDaoImpl#selectById
INFO  2014-02-08 10:52:43,356 [Test worker] START org.seasar.doma.it.dao.DepartmentDaoImpl#updateBySqlFile
DEBUG 2014-02-08 10:52:43,357 [Test worker] 論理的なコネクションを取得しました。tx=[FormatId=4360, GlobalId=1391824339450/139, BranchId=]
INFO  2014-02-08 10:52:43,357 [Test worker] sqlFilePath=[META-INF/org/seasar/doma/it/dao/DepartmentDao/updateBySqlFile.sql]
update DEPARTMENT set DEPARTMENT_NAME = 'hoge', VERSION = 1 + 1 where DEPARTMENT_ID = 1 and VERSION = 1
DEBUG 2014-02-08 10:52:43,357 [Test worker] 論理的なコネクションを閉じました。tx=[FormatId=4360, GlobalId=1391824339450/139, BranchId=]
INFO  2014-02-08 10:52:43,357 [Test worker] END   org.seasar.doma.it.dao.DepartmentDaoImpl#updateBySqlFile
INFO  2014-02-08 10:52:43,357 [Test worker] START org.seasar.doma.it.dao.DepartmentDaoImpl#updateBySqlFile
DEBUG 2014-02-08 10:52:43,358 [Test worker] 論理的なコネクションを取得しました。tx=[FormatId=4360, GlobalId=1391824339450/139, BranchId=]
INFO  2014-02-08 10:52:43,358 [Test worker] sqlFilePath=[META-INF/org/seasar/doma/it/dao/DepartmentDao/updateBySqlFile.sql]
update DEPARTMENT set DEPARTMENT_NAME = 'foo', VERSION = 1 + 1 where DEPARTMENT_ID = 1 and VERSION = 1
DEBUG 2014-02-08 10:52:43,358 [Test worker] 論理的なコネクションを閉じました。tx=[FormatId=4360, GlobalId=1391824339450/139, BranchId=]
INFO  2014-02-08 10:52:43,358 [Test worker] END   org.seasar.doma.it.dao.DepartmentDaoImpl#updateBySqlFile RuntimeException: org.seasar.doma.jdbc.OptimisticLockException: [DOMA2003] 楽観的排他制御により更新処理が失敗しました。
SQLファイルパス=[META-INF/org/seasar/doma/it/dao/DepartmentDao/updateBySqlFile.sql]。
ログ用SQL=[update DEPARTMENT set DEPARTMENT_NAME = 'foo', VERSION = 1 + 1 where DEPARTMENT_ID = 1 and VERSION = 1]。
DEBUG 2014-02-08 10:52:43,358 [Test worker] トランザクションをロールバックしました。tx=[FormatId=4360, GlobalId=1391824339450/139, BranchId=]
DEBUG 2014-02-08 10:52:43,361 [Test worker] 物理的なコネクションを閉じました
DEBUG 2014-02-08 10:52:43,362 [Test worker] 環境変数#Envにファイル(env_ut.txt)から値(h2)が設定されました
DEBUG 2014-02-08 10:52:43,362 [Test worker] S2Containerを作成します。path=s2junit4.dicon
DEBUG 2014-02-08 10:52:43,364 [Test worker] S2Containerを作成しました。path=s2junit4.dicon
DEBUG 2014-02-08 10:52:43,364 [Test worker] 設定ファイル(jdbc.dicon)をインクルードします
DEBUG 2014-02-08 10:52:43,364 [Test worker] S2Containerを作成します。path=jdbc.dicon
DEBUG 2014-02-08 10:52:43,365 [Test worker] S2Containerを作成します。path=jta.dicon
DEBUG 2014-02-08 10:52:43,366 [Test worker] S2Containerを作成しました。path=jta.dicon
DEBUG 2014-02-08 10:52:43,366 [Test worker] S2Containerを作成します。path=xadatasource.dicon
DEBUG 2014-02-08 10:52:43,367 [Test worker] S2Containerを作成しました。path=xadatasource.dicon
DEBUG 2014-02-08 10:52:43,367 [Test worker] S2Containerを作成しました。path=jdbc.dicon
DEBUG 2014-02-08 10:52:43,368 [Test worker] トランザクションを開始しました。tx=[FormatId=4360, GlobalId=1391824339450/140, BranchId=]
INFO  2014-02-08 10:52:43,368 [Test worker] START org.seasar.doma.it.dao.DepartmentDaoImpl#selectById
DEBUG 2014-02-08 10:52:43,400 [Test worker] 物理的なコネクションを取得しました
DEBUG 2014-02-08 10:52:43,400 [Test worker] 論理的なコネクションを取得しました。tx=[FormatId=4360, GlobalId=1391824339450/140, BranchId=]
INFO  2014-02-08 10:52:43,400 [Test worker] sqlFilePath=[META-INF/org/seasar/doma/it/dao/DepartmentDao/selectById.sql]
select * from DEPARTMENT where DEPARTMENT_ID = 1
DEBUG 2014-02-08 10:52:43,400 [Test worker] 論理的なコネクションを閉じました。tx=[FormatId=4360, GlobalId=1391824339450/140, BranchId=]
INFO  2014-02-08 10:52:43,400 [Test worker] END   org.seasar.doma.it.dao.DepartmentDaoImpl#selectById
INFO  2014-02-08 10:52:43,400 [Test worker] START org.seasar.doma.it.dao.DepartmentDaoImpl#selectById
DEBUG 2014-02-08 10:52:43,400 [Test worker] 論理的なコネクションを取得しました。tx=[FormatId=4360, GlobalId=1391824339450/140, BranchId=]
INFO  2014-02-08 10:52:43,400 [Test worker] sqlFilePath=[META-INF/org/seasar/doma/it/dao/DepartmentDao/selectById.sql]
select * from DEPARTMENT where DEPARTMENT_ID = 1
DEBUG 2014-02-08 10:52:43,400 [Test worker] 論理的なコネクションを閉じました。tx=[FormatId=4360, GlobalId=1391824339450/140, BranchId=]
INFO  2014-02-08 10:52:43,400 [Test worker] END   org.seasar.doma.it.dao.DepartmentDaoImpl#selectById
INFO  2014-02-08 10:52:43,400 [Test worker] START org.seasar.doma.it.dao.DepartmentDaoImpl#updateBySqlFile
DEBUG 2014-02-08 10:52:43,401 [Test worker] 論理的なコネクションを取得しました。tx=[FormatId=4360, GlobalId=1391824339450/140, BranchId=]
INFO  2014-02-08 10:52:43,401 [Test worker] sqlFilePath=[META-INF/org/seasar/doma/it/dao/DepartmentDao/updateBySqlFile.sql]
update DEPARTMENT set DEPARTMENT_NAME = 'hoge', VERSION = 1 + 1 where DEPARTMENT_ID = 1 and VERSION = 1
DEBUG 2014-02-08 10:52:43,401 [Test worker] 論理的なコネクションを閉じました。tx=[FormatId=4360, GlobalId=1391824339450/140, BranchId=]
INFO  2014-02-08 10:52:43,401 [Test worker] END   org.seasar.doma.it.dao.DepartmentDaoImpl#updateBySqlFile
INFO  2014-02-08 10:52:43,401 [Test worker] START org.seasar.doma.it.dao.DepartmentDaoImpl#updateBySqlFile_ignoreVersion
DEBUG 2014-02-08 10:52:43,401 [Test worker] 論理的なコネクションを取得しました。tx=[FormatId=4360, GlobalId=1391824339450/140, BranchId=]
INFO  2014-02-08 10:52:43,402 [Test worker] sqlFilePath=[META-INF/org/seasar/doma/it/dao/DepartmentDao/updateBySqlFile_ignoreVersion.sql]
update DEPARTMENT set DEPARTMENT_NAME = 'foo', VERSION = 1 + 1 where DEPARTMENT_ID = 1 and VERSION = 1
DEBUG 2014-02-08 10:52:43,402 [Test worker] 論理的なコネクションを閉じました。tx=[FormatId=4360, GlobalId=1391824339450/140, BranchId=]
INFO  2014-02-08 10:52:43,402 [Test worker] END   org.seasar.doma.it.dao.DepartmentDaoImpl#updateBySqlFile_ignoreVersion
DEBUG 2014-02-08 10:52:43,402 [Test worker] トランザクションをロールバックしました。tx=[FormatId=4360, GlobalId=1391824339450/140, BranchId=]
DEBUG 2014-02-08 10:52:43,404 [Test worker] 物理的なコネクションを閉じました
]]></system-out>
  <system-err><![CDATA[]]></system-err>
</testsuite>
