<?xml version="1.1" encoding="UTF-8"?>
<testsuite name="org.seasar.doma.it.builder.SelectBuilderTest" tests="31" failures="0" errors="0" timestamp="2014-02-08T01:52:26" hostname="nakamura-to-MacBook.local" time="5.199">
  <properties/>
  <testcase name="testGetOptionalEntitySingleResult" classname="org.seasar.doma.it.builder.SelectBuilderTest" time="0.052"/>
  <testcase name="testGetEntitySingleResult_null" classname="org.seasar.doma.it.builder.SelectBuilderTest" time="0.052"/>
  <testcase name="testGetEntitySingleResult" classname="org.seasar.doma.it.builder.SelectBuilderTest" time="0.044"/>
  <testcase name="testGetOptionalScalarResultList" classname="org.seasar.doma.it.builder.SelectBuilderTest" time="0.049"/>
  <testcase name="testGetOptionalMapSingleResult" classname="org.seasar.doma.it.builder.SelectBuilderTest" time="0.051"/>
  <testcase name="testIterateAsOptionalScalar" classname="org.seasar.doma.it.builder.SelectBuilderTest" time="3.738"/>
  <testcase name="testIterateAsOptionalScalar_null" classname="org.seasar.doma.it.builder.SelectBuilderTest" time="0.044"/>
  <testcase name="testGetMapSingleResult_null" classname="org.seasar.doma.it.builder.SelectBuilderTest" time="0.043"/>
  <testcase name="testGetOptionalScalarResultList_null" classname="org.seasar.doma.it.builder.SelectBuilderTest" time="0.049"/>
  <testcase name="testIterateAsMap" classname="org.seasar.doma.it.builder.SelectBuilderTest" time="0.044"/>
  <testcase name="testGetMapResultList" classname="org.seasar.doma.it.builder.SelectBuilderTest" time="0.044"/>
  <testcase name="testIterateAsEntity" classname="org.seasar.doma.it.builder.SelectBuilderTest" time="0.048"/>
  <testcase name="testGetMapSingleResult" classname="org.seasar.doma.it.builder.SelectBuilderTest" time="0.047"/>
  <testcase name="testSelectBuilderInDao" classname="org.seasar.doma.it.builder.SelectBuilderTest" time="0.044"/>
  <testcase name="testStreamEntity" classname="org.seasar.doma.it.builder.SelectBuilderTest" time="0.05"/>
  <testcase name="testStreamOptionalScalar" classname="org.seasar.doma.it.builder.SelectBuilderTest" time="0.046"/>
  <testcase name="testStreamMap" classname="org.seasar.doma.it.builder.SelectBuilderTest" time="0.05"/>
  <testcase name="testStreamScalar_null" classname="org.seasar.doma.it.builder.SelectBuilderTest" time="0.041"/>
  <testcase name="testStreamScalar" classname="org.seasar.doma.it.builder.SelectBuilderTest" time="0.1"/>
  <testcase name="testIterateAsScalar_null" classname="org.seasar.doma.it.builder.SelectBuilderTest" time="0.044"/>
  <testcase name="testGetOptionalEntitySingleResult_null" classname="org.seasar.doma.it.builder.SelectBuilderTest" time="0.042"/>
  <testcase name="testGetEntityResultList" classname="org.seasar.doma.it.builder.SelectBuilderTest" time="0.044"/>
  <testcase name="testGetScalarResultList_null" classname="org.seasar.doma.it.builder.SelectBuilderTest" time="0.044"/>
  <testcase name="testIterateAsScalar" classname="org.seasar.doma.it.builder.SelectBuilderTest" time="0.042"/>
  <testcase name="testGetOptionalMapSingleResult_null" classname="org.seasar.doma.it.builder.SelectBuilderTest" time="0.044"/>
  <testcase name="testGetScalarResultList" classname="org.seasar.doma.it.builder.SelectBuilderTest" time="0.045"/>
  <testcase name="testGetOptionalScalarSingleResult_null" classname="org.seasar.doma.it.builder.SelectBuilderTest" time="0.044"/>
  <testcase name="testGetScalarSingleResult_null" classname="org.seasar.doma.it.builder.SelectBuilderTest" time="0.049"/>
  <testcase name="testGetScalarSingleResult" classname="org.seasar.doma.it.builder.SelectBuilderTest" time="0.043"/>
  <testcase name="testGetOptionalScalarSingleResult" classname="org.seasar.doma.it.builder.SelectBuilderTest" time="0.04"/>
  <testcase name="testStreamOptionalScalar_null" classname="org.seasar.doma.it.builder.SelectBuilderTest" time="0.043"/>
  <system-out><![CDATA[DEBUG 2014-02-08 10:52:26,049 [Test worker] 環境変数#Envにファイル(env_ut.txt)から値(h2)が設定されました
DEBUG 2014-02-08 10:52:26,049 [Test worker] S2Containerを作成します。path=s2junit4.dicon
DEBUG 2014-02-08 10:52:26,051 [Test worker] S2Containerを作成しました。path=s2junit4.dicon
DEBUG 2014-02-08 10:52:26,052 [Test worker] 設定ファイル(jdbc.dicon)をインクルードします
DEBUG 2014-02-08 10:52:26,052 [Test worker] S2Containerを作成します。path=jdbc.dicon
DEBUG 2014-02-08 10:52:26,053 [Test worker] S2Containerを作成します。path=jta.dicon
DEBUG 2014-02-08 10:52:26,054 [Test worker] S2Containerを作成しました。path=jta.dicon
DEBUG 2014-02-08 10:52:26,054 [Test worker] S2Containerを作成します。path=xadatasource.dicon
DEBUG 2014-02-08 10:52:26,056 [Test worker] S2Containerを作成しました。path=xadatasource.dicon
DEBUG 2014-02-08 10:52:26,057 [Test worker] S2Containerを作成しました。path=jdbc.dicon
DEBUG 2014-02-08 10:52:26,059 [Test worker] トランザクションを開始しました。tx=[FormatId=4360, GlobalId=1391824339450/62, BranchId=]
DEBUG 2014-02-08 10:52:26,097 [Test worker] 物理的なコネクションを取得しました
DEBUG 2014-02-08 10:52:26,097 [Test worker] 論理的なコネクションを取得しました。tx=[FormatId=4360, GlobalId=1391824339450/62, BranchId=]
INFO  2014-02-08 10:52:26,097 [Test worker] sqlFilePath=[null]
select EMPLOYEE_ID, EMPLOYEE_NAME, HIREDATE from EMPLOYEE
where
EMPLOYEE_ID = 1
DEBUG 2014-02-08 10:52:26,097 [Test worker] 論理的なコネクションを閉じました。tx=[FormatId=4360, GlobalId=1391824339450/62, BranchId=]
DEBUG 2014-02-08 10:52:26,097 [Test worker] トランザクションをロールバックしました。tx=[FormatId=4360, GlobalId=1391824339450/62, BranchId=]
DEBUG 2014-02-08 10:52:26,101 [Test worker] 物理的なコネクションを閉じました
DEBUG 2014-02-08 10:52:26,103 [Test worker] 環境変数#Envにファイル(env_ut.txt)から値(h2)が設定されました
DEBUG 2014-02-08 10:52:26,103 [Test worker] S2Containerを作成します。path=s2junit4.dicon
DEBUG 2014-02-08 10:52:26,105 [Test worker] S2Containerを作成しました。path=s2junit4.dicon
DEBUG 2014-02-08 10:52:26,106 [Test worker] 設定ファイル(jdbc.dicon)をインクルードします
DEBUG 2014-02-08 10:52:26,106 [Test worker] S2Containerを作成します。path=jdbc.dicon
DEBUG 2014-02-08 10:52:26,107 [Test worker] S2Containerを作成します。path=jta.dicon
DEBUG 2014-02-08 10:52:26,109 [Test worker] S2Containerを作成しました。path=jta.dicon
DEBUG 2014-02-08 10:52:26,109 [Test worker] S2Containerを作成します。path=xadatasource.dicon
DEBUG 2014-02-08 10:52:26,112 [Test worker] S2Containerを作成しました。path=xadatasource.dicon
DEBUG 2014-02-08 10:52:26,112 [Test worker] S2Containerを作成しました。path=jdbc.dicon
DEBUG 2014-02-08 10:52:26,113 [Test worker] トランザクションを開始しました。tx=[FormatId=4360, GlobalId=1391824339450/63, BranchId=]
DEBUG 2014-02-08 10:52:26,149 [Test worker] 物理的なコネクションを取得しました
DEBUG 2014-02-08 10:52:26,150 [Test worker] 論理的なコネクションを取得しました。tx=[FormatId=4360, GlobalId=1391824339450/63, BranchId=]
INFO  2014-02-08 10:52:26,151 [Test worker] sqlFilePath=[null]
select EMPLOYEE_ID, EMPLOYEE_NAME, HIREDATE from EMPLOYEE
where
EMPLOYEE_ID = 99
DEBUG 2014-02-08 10:52:26,151 [Test worker] 論理的なコネクションを閉じました。tx=[FormatId=4360, GlobalId=1391824339450/63, BranchId=]
DEBUG 2014-02-08 10:52:26,151 [Test worker] トランザクションをロールバックしました。tx=[FormatId=4360, GlobalId=1391824339450/63, BranchId=]
DEBUG 2014-02-08 10:52:26,155 [Test worker] 物理的なコネクションを閉じました
DEBUG 2014-02-08 10:52:26,156 [Test worker] 環境変数#Envにファイル(env_ut.txt)から値(h2)が設定されました
DEBUG 2014-02-08 10:52:26,157 [Test worker] S2Containerを作成します。path=s2junit4.dicon
DEBUG 2014-02-08 10:52:26,159 [Test worker] S2Containerを作成しました。path=s2junit4.dicon
DEBUG 2014-02-08 10:52:26,160 [Test worker] 設定ファイル(jdbc.dicon)をインクルードします
DEBUG 2014-02-08 10:52:26,160 [Test worker] S2Containerを作成します。path=jdbc.dicon
DEBUG 2014-02-08 10:52:26,161 [Test worker] S2Containerを作成します。path=jta.dicon
DEBUG 2014-02-08 10:52:26,162 [Test worker] S2Containerを作成しました。path=jta.dicon
DEBUG 2014-02-08 10:52:26,162 [Test worker] S2Containerを作成します。path=xadatasource.dicon
DEBUG 2014-02-08 10:52:26,164 [Test worker] S2Containerを作成しました。path=xadatasource.dicon
DEBUG 2014-02-08 10:52:26,164 [Test worker] S2Containerを作成しました。path=jdbc.dicon
DEBUG 2014-02-08 10:52:26,165 [Test worker] トランザクションを開始しました。tx=[FormatId=4360, GlobalId=1391824339450/64, BranchId=]
DEBUG 2014-02-08 10:52:26,196 [Test worker] 物理的なコネクションを取得しました
DEBUG 2014-02-08 10:52:26,197 [Test worker] 論理的なコネクションを取得しました。tx=[FormatId=4360, GlobalId=1391824339450/64, BranchId=]
INFO  2014-02-08 10:52:26,197 [Test worker] sqlFilePath=[null]
select EMPLOYEE_ID, EMPLOYEE_NAME, HIREDATE from EMPLOYEE
where
EMPLOYEE_ID = 1
DEBUG 2014-02-08 10:52:26,197 [Test worker] 論理的なコネクションを閉じました。tx=[FormatId=4360, GlobalId=1391824339450/64, BranchId=]
DEBUG 2014-02-08 10:52:26,197 [Test worker] トランザクションをロールバックしました。tx=[FormatId=4360, GlobalId=1391824339450/64, BranchId=]
DEBUG 2014-02-08 10:52:26,201 [Test worker] 物理的なコネクションを閉じました
DEBUG 2014-02-08 10:52:26,202 [Test worker] 環境変数#Envにファイル(env_ut.txt)から値(h2)が設定されました
DEBUG 2014-02-08 10:52:26,203 [Test worker] S2Containerを作成します。path=s2junit4.dicon
DEBUG 2014-02-08 10:52:26,205 [Test worker] S2Containerを作成しました。path=s2junit4.dicon
DEBUG 2014-02-08 10:52:26,205 [Test worker] 設定ファイル(jdbc.dicon)をインクルードします
DEBUG 2014-02-08 10:52:26,205 [Test worker] S2Containerを作成します。path=jdbc.dicon
DEBUG 2014-02-08 10:52:26,206 [Test worker] S2Containerを作成します。path=jta.dicon
DEBUG 2014-02-08 10:52:26,207 [Test worker] S2Containerを作成しました。path=jta.dicon
DEBUG 2014-02-08 10:52:26,207 [Test worker] S2Containerを作成します。path=xadatasource.dicon
DEBUG 2014-02-08 10:52:26,209 [Test worker] S2Containerを作成しました。path=xadatasource.dicon
DEBUG 2014-02-08 10:52:26,209 [Test worker] S2Containerを作成しました。path=jdbc.dicon
DEBUG 2014-02-08 10:52:26,210 [Test worker] トランザクションを開始しました。tx=[FormatId=4360, GlobalId=1391824339450/65, BranchId=]
DEBUG 2014-02-08 10:52:26,246 [Test worker] 物理的なコネクションを取得しました
DEBUG 2014-02-08 10:52:26,246 [Test worker] 論理的なコネクションを取得しました。tx=[FormatId=4360, GlobalId=1391824339450/65, BranchId=]
INFO  2014-02-08 10:52:26,246 [Test worker] sqlFilePath=[null]
select EMPLOYEE_NAME from EMPLOYEE
DEBUG 2014-02-08 10:52:26,247 [Test worker] 論理的なコネクションを閉じました。tx=[FormatId=4360, GlobalId=1391824339450/65, BranchId=]
DEBUG 2014-02-08 10:52:26,247 [Test worker] トランザクションをロールバックしました。tx=[FormatId=4360, GlobalId=1391824339450/65, BranchId=]
DEBUG 2014-02-08 10:52:26,251 [Test worker] 物理的なコネクションを閉じました
DEBUG 2014-02-08 10:52:26,252 [Test worker] 環境変数#Envにファイル(env_ut.txt)から値(h2)が設定されました
DEBUG 2014-02-08 10:52:26,253 [Test worker] S2Containerを作成します。path=s2junit4.dicon
DEBUG 2014-02-08 10:52:26,255 [Test worker] S2Containerを作成しました。path=s2junit4.dicon
DEBUG 2014-02-08 10:52:26,255 [Test worker] 設定ファイル(jdbc.dicon)をインクルードします
DEBUG 2014-02-08 10:52:26,255 [Test worker] S2Containerを作成します。path=jdbc.dicon
DEBUG 2014-02-08 10:52:26,256 [Test worker] S2Containerを作成します。path=jta.dicon
DEBUG 2014-02-08 10:52:26,258 [Test worker] S2Containerを作成しました。path=jta.dicon
DEBUG 2014-02-08 10:52:26,258 [Test worker] S2Containerを作成します。path=xadatasource.dicon
DEBUG 2014-02-08 10:52:26,260 [Test worker] S2Containerを作成しました。path=xadatasource.dicon
DEBUG 2014-02-08 10:52:26,261 [Test worker] S2Containerを作成しました。path=jdbc.dicon
DEBUG 2014-02-08 10:52:26,262 [Test worker] トランザクションを開始しました。tx=[FormatId=4360, GlobalId=1391824339450/66, BranchId=]
DEBUG 2014-02-08 10:52:26,297 [Test worker] 物理的なコネクションを取得しました
DEBUG 2014-02-08 10:52:26,297 [Test worker] 論理的なコネクションを取得しました。tx=[FormatId=4360, GlobalId=1391824339450/66, BranchId=]
INFO  2014-02-08 10:52:26,297 [Test worker] sqlFilePath=[null]
select EMPLOYEE_ID, EMPLOYEE_NAME, HIREDATE from EMPLOYEE
where
EMPLOYEE_ID = 1
DEBUG 2014-02-08 10:52:26,299 [Test worker] 論理的なコネクションを閉じました。tx=[FormatId=4360, GlobalId=1391824339450/66, BranchId=]
DEBUG 2014-02-08 10:52:26,299 [Test worker] トランザクションをロールバックしました。tx=[FormatId=4360, GlobalId=1391824339450/66, BranchId=]
DEBUG 2014-02-08 10:52:26,303 [Test worker] 物理的なコネクションを閉じました
DEBUG 2014-02-08 10:52:26,304 [Test worker] 環境変数#Envにファイル(env_ut.txt)から値(h2)が設定されました
DEBUG 2014-02-08 10:52:26,304 [Test worker] S2Containerを作成します。path=s2junit4.dicon
DEBUG 2014-02-08 10:52:26,306 [Test worker] S2Containerを作成しました。path=s2junit4.dicon
DEBUG 2014-02-08 10:52:26,307 [Test worker] 設定ファイル(jdbc.dicon)をインクルードします
DEBUG 2014-02-08 10:52:26,307 [Test worker] S2Containerを作成します。path=jdbc.dicon
DEBUG 2014-02-08 10:52:26,308 [Test worker] S2Containerを作成します。path=jta.dicon
DEBUG 2014-02-08 10:52:26,309 [Test worker] S2Containerを作成しました。path=jta.dicon
DEBUG 2014-02-08 10:52:26,309 [Test worker] S2Containerを作成します。path=xadatasource.dicon
DEBUG 2014-02-08 10:52:26,310 [Test worker] S2Containerを作成しました。path=xadatasource.dicon
DEBUG 2014-02-08 10:52:26,311 [Test worker] S2Containerを作成しました。path=jdbc.dicon
DEBUG 2014-02-08 10:52:26,311 [Test worker] トランザクションを開始しました。tx=[FormatId=4360, GlobalId=1391824339450/67, BranchId=]
DEBUG 2014-02-08 10:52:30,037 [Test worker] 物理的なコネクションを取得しました
DEBUG 2014-02-08 10:52:30,037 [Test worker] 論理的なコネクションを取得しました。tx=[FormatId=4360, GlobalId=1391824339450/67, BranchId=]
INFO  2014-02-08 10:52:30,037 [Test worker] sqlFilePath=[null]
select EMPLOYEE_NAME from EMPLOYEE
where
EMPLOYEE_ID = 1
DEBUG 2014-02-08 10:52:30,037 [Test worker] 論理的なコネクションを閉じました。tx=[FormatId=4360, GlobalId=1391824339450/67, BranchId=]
DEBUG 2014-02-08 10:52:30,037 [Test worker] トランザクションをロールバックしました。tx=[FormatId=4360, GlobalId=1391824339450/67, BranchId=]
DEBUG 2014-02-08 10:52:30,040 [Test worker] 物理的なコネクションを閉じました
DEBUG 2014-02-08 10:52:30,043 [Test worker] 環境変数#Envにファイル(env_ut.txt)から値(h2)が設定されました
DEBUG 2014-02-08 10:52:30,043 [Test worker] S2Containerを作成します。path=s2junit4.dicon
DEBUG 2014-02-08 10:52:30,045 [Test worker] S2Containerを作成しました。path=s2junit4.dicon
DEBUG 2014-02-08 10:52:30,045 [Test worker] 設定ファイル(jdbc.dicon)をインクルードします
DEBUG 2014-02-08 10:52:30,045 [Test worker] S2Containerを作成します。path=jdbc.dicon
DEBUG 2014-02-08 10:52:30,046 [Test worker] S2Containerを作成します。path=jta.dicon
DEBUG 2014-02-08 10:52:30,047 [Test worker] S2Containerを作成しました。path=jta.dicon
DEBUG 2014-02-08 10:52:30,047 [Test worker] S2Containerを作成します。path=xadatasource.dicon
DEBUG 2014-02-08 10:52:30,049 [Test worker] S2Containerを作成しました。path=xadatasource.dicon
DEBUG 2014-02-08 10:52:30,049 [Test worker] S2Containerを作成しました。path=jdbc.dicon
DEBUG 2014-02-08 10:52:30,050 [Test worker] トランザクションを開始しました。tx=[FormatId=4360, GlobalId=1391824339450/68, BranchId=]
DEBUG 2014-02-08 10:52:30,082 [Test worker] 物理的なコネクションを取得しました
DEBUG 2014-02-08 10:52:30,083 [Test worker] 論理的なコネクションを取得しました。tx=[FormatId=4360, GlobalId=1391824339450/68, BranchId=]
INFO  2014-02-08 10:52:30,083 [Test worker] sqlFilePath=[null]
select null from EMPLOYEE
where
EMPLOYEE_ID = 1
DEBUG 2014-02-08 10:52:30,083 [Test worker] 論理的なコネクションを閉じました。tx=[FormatId=4360, GlobalId=1391824339450/68, BranchId=]
DEBUG 2014-02-08 10:52:30,083 [Test worker] トランザクションをロールバックしました。tx=[FormatId=4360, GlobalId=1391824339450/68, BranchId=]
DEBUG 2014-02-08 10:52:30,087 [Test worker] 物理的なコネクションを閉じました
DEBUG 2014-02-08 10:52:30,088 [Test worker] 環境変数#Envにファイル(env_ut.txt)から値(h2)が設定されました
DEBUG 2014-02-08 10:52:30,088 [Test worker] S2Containerを作成します。path=s2junit4.dicon
DEBUG 2014-02-08 10:52:30,090 [Test worker] S2Containerを作成しました。path=s2junit4.dicon
DEBUG 2014-02-08 10:52:30,091 [Test worker] 設定ファイル(jdbc.dicon)をインクルードします
DEBUG 2014-02-08 10:52:30,091 [Test worker] S2Containerを作成します。path=jdbc.dicon
DEBUG 2014-02-08 10:52:30,091 [Test worker] S2Containerを作成します。path=jta.dicon
DEBUG 2014-02-08 10:52:30,093 [Test worker] S2Containerを作成しました。path=jta.dicon
DEBUG 2014-02-08 10:52:30,093 [Test worker] S2Containerを作成します。path=xadatasource.dicon
DEBUG 2014-02-08 10:52:30,094 [Test worker] S2Containerを作成しました。path=xadatasource.dicon
DEBUG 2014-02-08 10:52:30,095 [Test worker] S2Containerを作成しました。path=jdbc.dicon
DEBUG 2014-02-08 10:52:30,096 [Test worker] トランザクションを開始しました。tx=[FormatId=4360, GlobalId=1391824339450/69, BranchId=]
DEBUG 2014-02-08 10:52:30,128 [Test worker] 物理的なコネクションを取得しました
DEBUG 2014-02-08 10:52:30,128 [Test worker] 論理的なコネクションを取得しました。tx=[FormatId=4360, GlobalId=1391824339450/69, BranchId=]
INFO  2014-02-08 10:52:30,128 [Test worker] sqlFilePath=[null]
select EMPLOYEE_ID, EMPLOYEE_NAME, HIREDATE from EMPLOYEE
where
EMPLOYEE_ID = 99
DEBUG 2014-02-08 10:52:30,128 [Test worker] 論理的なコネクションを閉じました。tx=[FormatId=4360, GlobalId=1391824339450/69, BranchId=]
DEBUG 2014-02-08 10:52:30,128 [Test worker] トランザクションをロールバックしました。tx=[FormatId=4360, GlobalId=1391824339450/69, BranchId=]
DEBUG 2014-02-08 10:52:30,131 [Test worker] 物理的なコネクションを閉じました
DEBUG 2014-02-08 10:52:30,135 [Test worker] 環境変数#Envにファイル(env_ut.txt)から値(h2)が設定されました
DEBUG 2014-02-08 10:52:30,135 [Test worker] S2Containerを作成します。path=s2junit4.dicon
DEBUG 2014-02-08 10:52:30,140 [Test worker] S2Containerを作成しました。path=s2junit4.dicon
DEBUG 2014-02-08 10:52:30,141 [Test worker] 設定ファイル(jdbc.dicon)をインクルードします
DEBUG 2014-02-08 10:52:30,141 [Test worker] S2Containerを作成します。path=jdbc.dicon
DEBUG 2014-02-08 10:52:30,142 [Test worker] S2Containerを作成します。path=jta.dicon
DEBUG 2014-02-08 10:52:30,144 [Test worker] S2Containerを作成しました。path=jta.dicon
DEBUG 2014-02-08 10:52:30,144 [Test worker] S2Containerを作成します。path=xadatasource.dicon
DEBUG 2014-02-08 10:52:30,146 [Test worker] S2Containerを作成しました。path=xadatasource.dicon
DEBUG 2014-02-08 10:52:30,147 [Test worker] S2Containerを作成しました。path=jdbc.dicon
DEBUG 2014-02-08 10:52:30,149 [Test worker] トランザクションを開始しました。tx=[FormatId=4360, GlobalId=1391824339450/70, BranchId=]
DEBUG 2014-02-08 10:52:30,180 [Test worker] 物理的なコネクションを取得しました
DEBUG 2014-02-08 10:52:30,180 [Test worker] 論理的なコネクションを取得しました。tx=[FormatId=4360, GlobalId=1391824339450/70, BranchId=]
INFO  2014-02-08 10:52:30,180 [Test worker] sqlFilePath=[null]
select null from EMPLOYEE
DEBUG 2014-02-08 10:52:30,181 [Test worker] 論理的なコネクションを閉じました。tx=[FormatId=4360, GlobalId=1391824339450/70, BranchId=]
DEBUG 2014-02-08 10:52:30,181 [Test worker] トランザクションをロールバックしました。tx=[FormatId=4360, GlobalId=1391824339450/70, BranchId=]
DEBUG 2014-02-08 10:52:30,184 [Test worker] 物理的なコネクションを閉じました
DEBUG 2014-02-08 10:52:30,185 [Test worker] 環境変数#Envにファイル(env_ut.txt)から値(h2)が設定されました
DEBUG 2014-02-08 10:52:30,185 [Test worker] S2Containerを作成します。path=s2junit4.dicon
DEBUG 2014-02-08 10:52:30,187 [Test worker] S2Containerを作成しました。path=s2junit4.dicon
DEBUG 2014-02-08 10:52:30,188 [Test worker] 設定ファイル(jdbc.dicon)をインクルードします
DEBUG 2014-02-08 10:52:30,188 [Test worker] S2Containerを作成します。path=jdbc.dicon
DEBUG 2014-02-08 10:52:30,189 [Test worker] S2Containerを作成します。path=jta.dicon
DEBUG 2014-02-08 10:52:30,190 [Test worker] S2Containerを作成しました。path=jta.dicon
DEBUG 2014-02-08 10:52:30,190 [Test worker] S2Containerを作成します。path=xadatasource.dicon
DEBUG 2014-02-08 10:52:30,191 [Test worker] S2Containerを作成しました。path=xadatasource.dicon
DEBUG 2014-02-08 10:52:30,192 [Test worker] S2Containerを作成しました。path=jdbc.dicon
DEBUG 2014-02-08 10:52:30,192 [Test worker] トランザクションを開始しました。tx=[FormatId=4360, GlobalId=1391824339450/71, BranchId=]
DEBUG 2014-02-08 10:52:30,223 [Test worker] 物理的なコネクションを取得しました
DEBUG 2014-02-08 10:52:30,223 [Test worker] 論理的なコネクションを取得しました。tx=[FormatId=4360, GlobalId=1391824339450/71, BranchId=]
INFO  2014-02-08 10:52:30,223 [Test worker] sqlFilePath=[null]
select EMPLOYEE_ID, EMPLOYEE_NAME, HIREDATE from EMPLOYEE
DEBUG 2014-02-08 10:52:30,225 [Test worker] 論理的なコネクションを閉じました。tx=[FormatId=4360, GlobalId=1391824339450/71, BranchId=]
DEBUG 2014-02-08 10:52:30,225 [Test worker] トランザクションをロールバックしました。tx=[FormatId=4360, GlobalId=1391824339450/71, BranchId=]
DEBUG 2014-02-08 10:52:30,228 [Test worker] 物理的なコネクションを閉じました
DEBUG 2014-02-08 10:52:30,230 [Test worker] 環境変数#Envにファイル(env_ut.txt)から値(h2)が設定されました
DEBUG 2014-02-08 10:52:30,230 [Test worker] S2Containerを作成します。path=s2junit4.dicon
DEBUG 2014-02-08 10:52:30,232 [Test worker] S2Containerを作成しました。path=s2junit4.dicon
DEBUG 2014-02-08 10:52:30,233 [Test worker] 設定ファイル(jdbc.dicon)をインクルードします
DEBUG 2014-02-08 10:52:30,233 [Test worker] S2Containerを作成します。path=jdbc.dicon
DEBUG 2014-02-08 10:52:30,234 [Test worker] S2Containerを作成します。path=jta.dicon
DEBUG 2014-02-08 10:52:30,235 [Test worker] S2Containerを作成しました。path=jta.dicon
DEBUG 2014-02-08 10:52:30,235 [Test worker] S2Containerを作成します。path=xadatasource.dicon
DEBUG 2014-02-08 10:52:30,237 [Test worker] S2Containerを作成しました。path=xadatasource.dicon
DEBUG 2014-02-08 10:52:30,237 [Test worker] S2Containerを作成しました。path=jdbc.dicon
DEBUG 2014-02-08 10:52:30,238 [Test worker] トランザクションを開始しました。tx=[FormatId=4360, GlobalId=1391824339450/72, BranchId=]
DEBUG 2014-02-08 10:52:30,270 [Test worker] 物理的なコネクションを取得しました
DEBUG 2014-02-08 10:52:30,270 [Test worker] 論理的なコネクションを取得しました。tx=[FormatId=4360, GlobalId=1391824339450/72, BranchId=]
INFO  2014-02-08 10:52:30,270 [Test worker] sqlFilePath=[null]
select EMPLOYEE_ID, EMPLOYEE_NAME, HIREDATE from EMPLOYEE
DEBUG 2014-02-08 10:52:30,271 [Test worker] 論理的なコネクションを閉じました。tx=[FormatId=4360, GlobalId=1391824339450/72, BranchId=]
DEBUG 2014-02-08 10:52:30,271 [Test worker] トランザクションをロールバックしました。tx=[FormatId=4360, GlobalId=1391824339450/72, BranchId=]
DEBUG 2014-02-08 10:52:30,274 [Test worker] 物理的なコネクションを閉じました
DEBUG 2014-02-08 10:52:30,275 [Test worker] 環境変数#Envにファイル(env_ut.txt)から値(h2)が設定されました
DEBUG 2014-02-08 10:52:30,276 [Test worker] S2Containerを作成します。path=s2junit4.dicon
DEBUG 2014-02-08 10:52:30,277 [Test worker] S2Containerを作成しました。path=s2junit4.dicon
DEBUG 2014-02-08 10:52:30,278 [Test worker] 設定ファイル(jdbc.dicon)をインクルードします
DEBUG 2014-02-08 10:52:30,278 [Test worker] S2Containerを作成します。path=jdbc.dicon
DEBUG 2014-02-08 10:52:30,279 [Test worker] S2Containerを作成します。path=jta.dicon
DEBUG 2014-02-08 10:52:30,280 [Test worker] S2Containerを作成しました。path=jta.dicon
DEBUG 2014-02-08 10:52:30,280 [Test worker] S2Containerを作成します。path=xadatasource.dicon
DEBUG 2014-02-08 10:52:30,281 [Test worker] S2Containerを作成しました。path=xadatasource.dicon
DEBUG 2014-02-08 10:52:30,282 [Test worker] S2Containerを作成しました。path=jdbc.dicon
DEBUG 2014-02-08 10:52:30,283 [Test worker] トランザクションを開始しました。tx=[FormatId=4360, GlobalId=1391824339450/73, BranchId=]
DEBUG 2014-02-08 10:52:30,318 [Test worker] 物理的なコネクションを取得しました
DEBUG 2014-02-08 10:52:30,318 [Test worker] 論理的なコネクションを取得しました。tx=[FormatId=4360, GlobalId=1391824339450/73, BranchId=]
INFO  2014-02-08 10:52:30,318 [Test worker] sqlFilePath=[null]
select EMPLOYEE_ID, EMPLOYEE_NAME, HIREDATE from EMPLOYEE
DEBUG 2014-02-08 10:52:30,319 [Test worker] 論理的なコネクションを閉じました。tx=[FormatId=4360, GlobalId=1391824339450/73, BranchId=]
DEBUG 2014-02-08 10:52:30,319 [Test worker] トランザクションをロールバックしました。tx=[FormatId=4360, GlobalId=1391824339450/73, BranchId=]
DEBUG 2014-02-08 10:52:30,323 [Test worker] 物理的なコネクションを閉じました
DEBUG 2014-02-08 10:52:30,324 [Test worker] 環境変数#Envにファイル(env_ut.txt)から値(h2)が設定されました
DEBUG 2014-02-08 10:52:30,324 [Test worker] S2Containerを作成します。path=s2junit4.dicon
DEBUG 2014-02-08 10:52:30,327 [Test worker] S2Containerを作成しました。path=s2junit4.dicon
DEBUG 2014-02-08 10:52:30,327 [Test worker] 設定ファイル(jdbc.dicon)をインクルードします
DEBUG 2014-02-08 10:52:30,327 [Test worker] S2Containerを作成します。path=jdbc.dicon
DEBUG 2014-02-08 10:52:30,328 [Test worker] S2Containerを作成します。path=jta.dicon
DEBUG 2014-02-08 10:52:30,330 [Test worker] S2Containerを作成しました。path=jta.dicon
DEBUG 2014-02-08 10:52:30,330 [Test worker] S2Containerを作成します。path=xadatasource.dicon
DEBUG 2014-02-08 10:52:30,333 [Test worker] S2Containerを作成しました。path=xadatasource.dicon
DEBUG 2014-02-08 10:52:30,333 [Test worker] S2Containerを作成しました。path=jdbc.dicon
DEBUG 2014-02-08 10:52:30,334 [Test worker] トランザクションを開始しました。tx=[FormatId=4360, GlobalId=1391824339450/74, BranchId=]
DEBUG 2014-02-08 10:52:30,367 [Test worker] 物理的なコネクションを取得しました
DEBUG 2014-02-08 10:52:30,367 [Test worker] 論理的なコネクションを取得しました。tx=[FormatId=4360, GlobalId=1391824339450/74, BranchId=]
INFO  2014-02-08 10:52:30,367 [Test worker] sqlFilePath=[null]
select EMPLOYEE_ID, EMPLOYEE_NAME, HIREDATE from EMPLOYEE
where
EMPLOYEE_ID = 1
DEBUG 2014-02-08 10:52:30,367 [Test worker] 論理的なコネクションを閉じました。tx=[FormatId=4360, GlobalId=1391824339450/74, BranchId=]
DEBUG 2014-02-08 10:52:30,367 [Test worker] トランザクションをロールバックしました。tx=[FormatId=4360, GlobalId=1391824339450/74, BranchId=]
DEBUG 2014-02-08 10:52:30,371 [Test worker] 物理的なコネクションを閉じました
DEBUG 2014-02-08 10:52:30,372 [Test worker] 環境変数#Envにファイル(env_ut.txt)から値(h2)が設定されました
DEBUG 2014-02-08 10:52:30,373 [Test worker] S2Containerを作成します。path=s2junit4.dicon
DEBUG 2014-02-08 10:52:30,374 [Test worker] S2Containerを作成しました。path=s2junit4.dicon
DEBUG 2014-02-08 10:52:30,375 [Test worker] 設定ファイル(jdbc.dicon)をインクルードします
DEBUG 2014-02-08 10:52:30,375 [Test worker] S2Containerを作成します。path=jdbc.dicon
DEBUG 2014-02-08 10:52:30,376 [Test worker] S2Containerを作成します。path=jta.dicon
DEBUG 2014-02-08 10:52:30,377 [Test worker] S2Containerを作成しました。path=jta.dicon
DEBUG 2014-02-08 10:52:30,377 [Test worker] S2Containerを作成します。path=xadatasource.dicon
DEBUG 2014-02-08 10:52:30,378 [Test worker] S2Containerを作成しました。path=xadatasource.dicon
DEBUG 2014-02-08 10:52:30,379 [Test worker] S2Containerを作成しました。path=jdbc.dicon
DEBUG 2014-02-08 10:52:30,380 [Test worker] トランザクションを開始しました。tx=[FormatId=4360, GlobalId=1391824339450/75, BranchId=]
INFO  2014-02-08 10:52:30,380 [Test worker] START org.seasar.doma.it.dao.EmployeeDaoImpl#selectWithBuilder
DEBUG 2014-02-08 10:52:30,411 [Test worker] 物理的なコネクションを取得しました
DEBUG 2014-02-08 10:52:30,411 [Test worker] 論理的なコネクションを取得しました。tx=[FormatId=4360, GlobalId=1391824339450/75, BranchId=]
INFO  2014-02-08 10:52:30,411 [Test worker] sqlFilePath=[null]
select * from Employee
DEBUG 2014-02-08 10:52:30,412 [Test worker] 論理的なコネクションを閉じました。tx=[FormatId=4360, GlobalId=1391824339450/75, BranchId=]
INFO  2014-02-08 10:52:30,412 [Test worker] END   org.seasar.doma.it.dao.EmployeeDaoImpl#selectWithBuilder
DEBUG 2014-02-08 10:52:30,412 [Test worker] トランザクションをロールバックしました。tx=[FormatId=4360, GlobalId=1391824339450/75, BranchId=]
DEBUG 2014-02-08 10:52:30,416 [Test worker] 物理的なコネクションを閉じました
DEBUG 2014-02-08 10:52:30,418 [Test worker] 環境変数#Envにファイル(env_ut.txt)から値(h2)が設定されました
DEBUG 2014-02-08 10:52:30,418 [Test worker] S2Containerを作成します。path=s2junit4.dicon
DEBUG 2014-02-08 10:52:30,420 [Test worker] S2Containerを作成しました。path=s2junit4.dicon
DEBUG 2014-02-08 10:52:30,421 [Test worker] 設定ファイル(jdbc.dicon)をインクルードします
DEBUG 2014-02-08 10:52:30,421 [Test worker] S2Containerを作成します。path=jdbc.dicon
DEBUG 2014-02-08 10:52:30,422 [Test worker] S2Containerを作成します。path=jta.dicon
DEBUG 2014-02-08 10:52:30,423 [Test worker] S2Containerを作成しました。path=jta.dicon
DEBUG 2014-02-08 10:52:30,423 [Test worker] S2Containerを作成します。path=xadatasource.dicon
DEBUG 2014-02-08 10:52:30,425 [Test worker] S2Containerを作成しました。path=xadatasource.dicon
DEBUG 2014-02-08 10:52:30,426 [Test worker] S2Containerを作成しました。path=jdbc.dicon
DEBUG 2014-02-08 10:52:30,427 [Test worker] トランザクションを開始しました。tx=[FormatId=4360, GlobalId=1391824339450/76, BranchId=]
DEBUG 2014-02-08 10:52:30,459 [Test worker] 物理的なコネクションを取得しました
DEBUG 2014-02-08 10:52:30,460 [Test worker] 論理的なコネクションを取得しました。tx=[FormatId=4360, GlobalId=1391824339450/76, BranchId=]
INFO  2014-02-08 10:52:30,460 [Test worker] sqlFilePath=[null]
select EMPLOYEE_ID, EMPLOYEE_NAME, HIREDATE from EMPLOYEE
DEBUG 2014-02-08 10:52:30,464 [Test worker] 論理的なコネクションを閉じました。tx=[FormatId=4360, GlobalId=1391824339450/76, BranchId=]
DEBUG 2014-02-08 10:52:30,464 [Test worker] トランザクションをロールバックしました。tx=[FormatId=4360, GlobalId=1391824339450/76, BranchId=]
DEBUG 2014-02-08 10:52:30,468 [Test worker] 物理的なコネクションを閉じました
DEBUG 2014-02-08 10:52:30,470 [Test worker] 環境変数#Envにファイル(env_ut.txt)から値(h2)が設定されました
DEBUG 2014-02-08 10:52:30,470 [Test worker] S2Containerを作成します。path=s2junit4.dicon
DEBUG 2014-02-08 10:52:30,472 [Test worker] S2Containerを作成しました。path=s2junit4.dicon
DEBUG 2014-02-08 10:52:30,473 [Test worker] 設定ファイル(jdbc.dicon)をインクルードします
DEBUG 2014-02-08 10:52:30,473 [Test worker] S2Containerを作成します。path=jdbc.dicon
DEBUG 2014-02-08 10:52:30,474 [Test worker] S2Containerを作成します。path=jta.dicon
DEBUG 2014-02-08 10:52:30,476 [Test worker] S2Containerを作成しました。path=jta.dicon
DEBUG 2014-02-08 10:52:30,476 [Test worker] S2Containerを作成します。path=xadatasource.dicon
DEBUG 2014-02-08 10:52:30,478 [Test worker] S2Containerを作成しました。path=xadatasource.dicon
DEBUG 2014-02-08 10:52:30,479 [Test worker] S2Containerを作成しました。path=jdbc.dicon
DEBUG 2014-02-08 10:52:30,480 [Test worker] トランザクションを開始しました。tx=[FormatId=4360, GlobalId=1391824339450/77, BranchId=]
DEBUG 2014-02-08 10:52:30,511 [Test worker] 物理的なコネクションを取得しました
DEBUG 2014-02-08 10:52:30,512 [Test worker] 論理的なコネクションを取得しました。tx=[FormatId=4360, GlobalId=1391824339450/77, BranchId=]
INFO  2014-02-08 10:52:30,512 [Test worker] sqlFilePath=[null]
select EMPLOYEE_NAME from EMPLOYEE
where
EMPLOYEE_ID = 1
DEBUG 2014-02-08 10:52:30,512 [Test worker] 論理的なコネクションを閉じました。tx=[FormatId=4360, GlobalId=1391824339450/77, BranchId=]
DEBUG 2014-02-08 10:52:30,512 [Test worker] トランザクションをロールバックしました。tx=[FormatId=4360, GlobalId=1391824339450/77, BranchId=]
DEBUG 2014-02-08 10:52:30,516 [Test worker] 物理的なコネクションを閉じました
DEBUG 2014-02-08 10:52:30,518 [Test worker] 環境変数#Envにファイル(env_ut.txt)から値(h2)が設定されました
DEBUG 2014-02-08 10:52:30,518 [Test worker] S2Containerを作成します。path=s2junit4.dicon
DEBUG 2014-02-08 10:52:30,521 [Test worker] S2Containerを作成しました。path=s2junit4.dicon
DEBUG 2014-02-08 10:52:30,522 [Test worker] 設定ファイル(jdbc.dicon)をインクルードします
DEBUG 2014-02-08 10:52:30,522 [Test worker] S2Containerを作成します。path=jdbc.dicon
DEBUG 2014-02-08 10:52:30,523 [Test worker] S2Containerを作成します。path=jta.dicon
DEBUG 2014-02-08 10:52:30,524 [Test worker] S2Containerを作成しました。path=jta.dicon
DEBUG 2014-02-08 10:52:30,525 [Test worker] S2Containerを作成します。path=xadatasource.dicon
DEBUG 2014-02-08 10:52:30,527 [Test worker] S2Containerを作成しました。path=xadatasource.dicon
DEBUG 2014-02-08 10:52:30,527 [Test worker] S2Containerを作成しました。path=jdbc.dicon
DEBUG 2014-02-08 10:52:30,528 [Test worker] トランザクションを開始しました。tx=[FormatId=4360, GlobalId=1391824339450/78, BranchId=]
DEBUG 2014-02-08 10:52:30,563 [Test worker] 物理的なコネクションを取得しました
DEBUG 2014-02-08 10:52:30,563 [Test worker] 論理的なコネクションを取得しました。tx=[FormatId=4360, GlobalId=1391824339450/78, BranchId=]
INFO  2014-02-08 10:52:30,563 [Test worker] sqlFilePath=[null]
select EMPLOYEE_ID, EMPLOYEE_NAME, HIREDATE from EMPLOYEE
DEBUG 2014-02-08 10:52:30,564 [Test worker] 論理的なコネクションを閉じました。tx=[FormatId=4360, GlobalId=1391824339450/78, BranchId=]
DEBUG 2014-02-08 10:52:30,564 [Test worker] トランザクションをロールバックしました。tx=[FormatId=4360, GlobalId=1391824339450/78, BranchId=]
DEBUG 2014-02-08 10:52:30,568 [Test worker] 物理的なコネクションを閉じました
DEBUG 2014-02-08 10:52:30,569 [Test worker] 環境変数#Envにファイル(env_ut.txt)から値(h2)が設定されました
DEBUG 2014-02-08 10:52:30,569 [Test worker] S2Containerを作成します。path=s2junit4.dicon
DEBUG 2014-02-08 10:52:30,571 [Test worker] S2Containerを作成しました。path=s2junit4.dicon
DEBUG 2014-02-08 10:52:30,572 [Test worker] 設定ファイル(jdbc.dicon)をインクルードします
DEBUG 2014-02-08 10:52:30,572 [Test worker] S2Containerを作成します。path=jdbc.dicon
DEBUG 2014-02-08 10:52:30,572 [Test worker] S2Containerを作成します。path=jta.dicon
DEBUG 2014-02-08 10:52:30,574 [Test worker] S2Containerを作成しました。path=jta.dicon
DEBUG 2014-02-08 10:52:30,574 [Test worker] S2Containerを作成します。path=xadatasource.dicon
DEBUG 2014-02-08 10:52:30,575 [Test worker] S2Containerを作成しました。path=xadatasource.dicon
DEBUG 2014-02-08 10:52:30,576 [Test worker] S2Containerを作成しました。path=jdbc.dicon
DEBUG 2014-02-08 10:52:30,577 [Test worker] トランザクションを開始しました。tx=[FormatId=4360, GlobalId=1391824339450/79, BranchId=]
DEBUG 2014-02-08 10:52:30,607 [Test worker] 物理的なコネクションを取得しました
DEBUG 2014-02-08 10:52:30,607 [Test worker] 論理的なコネクションを取得しました。tx=[FormatId=4360, GlobalId=1391824339450/79, BranchId=]
INFO  2014-02-08 10:52:30,608 [Test worker] sqlFilePath=[null]
select null from EMPLOYEE
where
EMPLOYEE_ID = 99
DEBUG 2014-02-08 10:52:30,608 [Test worker] 論理的なコネクションを閉じました。tx=[FormatId=4360, GlobalId=1391824339450/79, BranchId=]
DEBUG 2014-02-08 10:52:30,608 [Test worker] トランザクションをロールバックしました。tx=[FormatId=4360, GlobalId=1391824339450/79, BranchId=]
DEBUG 2014-02-08 10:52:30,610 [Test worker] 物理的なコネクションを閉じました
DEBUG 2014-02-08 10:52:30,611 [Test worker] 環境変数#Envにファイル(env_ut.txt)から値(h2)が設定されました
DEBUG 2014-02-08 10:52:30,612 [Test worker] S2Containerを作成します。path=s2junit4.dicon
DEBUG 2014-02-08 10:52:30,613 [Test worker] S2Containerを作成しました。path=s2junit4.dicon
DEBUG 2014-02-08 10:52:30,666 [Test worker] 設定ファイル(jdbc.dicon)をインクルードします
DEBUG 2014-02-08 10:52:30,666 [Test worker] S2Containerを作成します。path=jdbc.dicon
DEBUG 2014-02-08 10:52:30,667 [Test worker] S2Containerを作成します。path=jta.dicon
DEBUG 2014-02-08 10:52:30,669 [Test worker] S2Containerを作成しました。path=jta.dicon
DEBUG 2014-02-08 10:52:30,669 [Test worker] S2Containerを作成します。path=xadatasource.dicon
DEBUG 2014-02-08 10:52:30,670 [Test worker] S2Containerを作成しました。path=xadatasource.dicon
DEBUG 2014-02-08 10:52:30,671 [Test worker] S2Containerを作成しました。path=jdbc.dicon
DEBUG 2014-02-08 10:52:30,672 [Test worker] トランザクションを開始しました。tx=[FormatId=4360, GlobalId=1391824339450/80, BranchId=]
DEBUG 2014-02-08 10:52:30,707 [Test worker] 物理的なコネクションを取得しました
DEBUG 2014-02-08 10:52:30,707 [Test worker] 論理的なコネクションを取得しました。tx=[FormatId=4360, GlobalId=1391824339450/80, BranchId=]
INFO  2014-02-08 10:52:30,707 [Test worker] sqlFilePath=[null]
select EMPLOYEE_NAME from EMPLOYEE
where
EMPLOYEE_ID = 1
DEBUG 2014-02-08 10:52:30,708 [Test worker] 論理的なコネクションを閉じました。tx=[FormatId=4360, GlobalId=1391824339450/80, BranchId=]
DEBUG 2014-02-08 10:52:30,708 [Test worker] トランザクションをロールバックしました。tx=[FormatId=4360, GlobalId=1391824339450/80, BranchId=]
DEBUG 2014-02-08 10:52:30,711 [Test worker] 物理的なコネクションを閉じました
DEBUG 2014-02-08 10:52:30,712 [Test worker] 環境変数#Envにファイル(env_ut.txt)から値(h2)が設定されました
DEBUG 2014-02-08 10:52:30,712 [Test worker] S2Containerを作成します。path=s2junit4.dicon
DEBUG 2014-02-08 10:52:30,714 [Test worker] S2Containerを作成しました。path=s2junit4.dicon
DEBUG 2014-02-08 10:52:30,714 [Test worker] 設定ファイル(jdbc.dicon)をインクルードします
DEBUG 2014-02-08 10:52:30,714 [Test worker] S2Containerを作成します。path=jdbc.dicon
DEBUG 2014-02-08 10:52:30,715 [Test worker] S2Containerを作成します。path=jta.dicon
DEBUG 2014-02-08 10:52:30,717 [Test worker] S2Containerを作成しました。path=jta.dicon
DEBUG 2014-02-08 10:52:30,717 [Test worker] S2Containerを作成します。path=xadatasource.dicon
DEBUG 2014-02-08 10:52:30,719 [Test worker] S2Containerを作成しました。path=xadatasource.dicon
DEBUG 2014-02-08 10:52:30,719 [Test worker] S2Containerを作成しました。path=jdbc.dicon
DEBUG 2014-02-08 10:52:30,720 [Test worker] トランザクションを開始しました。tx=[FormatId=4360, GlobalId=1391824339450/81, BranchId=]
DEBUG 2014-02-08 10:52:30,752 [Test worker] 物理的なコネクションを取得しました
DEBUG 2014-02-08 10:52:30,752 [Test worker] 論理的なコネクションを取得しました。tx=[FormatId=4360, GlobalId=1391824339450/81, BranchId=]
INFO  2014-02-08 10:52:30,753 [Test worker] sqlFilePath=[null]
select EMPLOYEE_NAME from EMPLOYEE
where
EMPLOYEE_ID = 99
DEBUG 2014-02-08 10:52:30,753 [Test worker] 論理的なコネクションを閉じました。tx=[FormatId=4360, GlobalId=1391824339450/81, BranchId=]
DEBUG 2014-02-08 10:52:30,753 [Test worker] トランザクションをロールバックしました。tx=[FormatId=4360, GlobalId=1391824339450/81, BranchId=]
DEBUG 2014-02-08 10:52:30,756 [Test worker] 物理的なコネクションを閉じました
DEBUG 2014-02-08 10:52:30,757 [Test worker] 環境変数#Envにファイル(env_ut.txt)から値(h2)が設定されました
DEBUG 2014-02-08 10:52:30,757 [Test worker] S2Containerを作成します。path=s2junit4.dicon
DEBUG 2014-02-08 10:52:30,759 [Test worker] S2Containerを作成しました。path=s2junit4.dicon
DEBUG 2014-02-08 10:52:30,759 [Test worker] 設定ファイル(jdbc.dicon)をインクルードします
DEBUG 2014-02-08 10:52:30,759 [Test worker] S2Containerを作成します。path=jdbc.dicon
DEBUG 2014-02-08 10:52:30,760 [Test worker] S2Containerを作成します。path=jta.dicon
DEBUG 2014-02-08 10:52:30,761 [Test worker] S2Containerを作成しました。path=jta.dicon
DEBUG 2014-02-08 10:52:30,761 [Test worker] S2Containerを作成します。path=xadatasource.dicon
DEBUG 2014-02-08 10:52:30,763 [Test worker] S2Containerを作成しました。path=xadatasource.dicon
DEBUG 2014-02-08 10:52:30,763 [Test worker] S2Containerを作成しました。path=jdbc.dicon
DEBUG 2014-02-08 10:52:30,764 [Test worker] トランザクションを開始しました。tx=[FormatId=4360, GlobalId=1391824339450/82, BranchId=]
DEBUG 2014-02-08 10:52:30,795 [Test worker] 物理的なコネクションを取得しました
DEBUG 2014-02-08 10:52:30,796 [Test worker] 論理的なコネクションを取得しました。tx=[FormatId=4360, GlobalId=1391824339450/82, BranchId=]
INFO  2014-02-08 10:52:30,796 [Test worker] sqlFilePath=[null]
select EMPLOYEE_ID, EMPLOYEE_NAME, HIREDATE from EMPLOYEE
where
EMPLOYEE_ID = 99
DEBUG 2014-02-08 10:52:30,796 [Test worker] 論理的なコネクションを閉じました。tx=[FormatId=4360, GlobalId=1391824339450/82, BranchId=]
DEBUG 2014-02-08 10:52:30,796 [Test worker] トランザクションをロールバックしました。tx=[FormatId=4360, GlobalId=1391824339450/82, BranchId=]
DEBUG 2014-02-08 10:52:30,799 [Test worker] 物理的なコネクションを閉じました
DEBUG 2014-02-08 10:52:30,800 [Test worker] 環境変数#Envにファイル(env_ut.txt)から値(h2)が設定されました
DEBUG 2014-02-08 10:52:30,800 [Test worker] S2Containerを作成します。path=s2junit4.dicon
DEBUG 2014-02-08 10:52:30,802 [Test worker] S2Containerを作成しました。path=s2junit4.dicon
DEBUG 2014-02-08 10:52:30,802 [Test worker] 設定ファイル(jdbc.dicon)をインクルードします
DEBUG 2014-02-08 10:52:30,802 [Test worker] S2Containerを作成します。path=jdbc.dicon
DEBUG 2014-02-08 10:52:30,803 [Test worker] S2Containerを作成します。path=jta.dicon
DEBUG 2014-02-08 10:52:30,804 [Test worker] S2Containerを作成しました。path=jta.dicon
DEBUG 2014-02-08 10:52:30,804 [Test worker] S2Containerを作成します。path=xadatasource.dicon
DEBUG 2014-02-08 10:52:30,806 [Test worker] S2Containerを作成しました。path=xadatasource.dicon
DEBUG 2014-02-08 10:52:30,806 [Test worker] S2Containerを作成しました。path=jdbc.dicon
DEBUG 2014-02-08 10:52:30,807 [Test worker] トランザクションを開始しました。tx=[FormatId=4360, GlobalId=1391824339450/83, BranchId=]
DEBUG 2014-02-08 10:52:30,839 [Test worker] 物理的なコネクションを取得しました
DEBUG 2014-02-08 10:52:30,839 [Test worker] 論理的なコネクションを取得しました。tx=[FormatId=4360, GlobalId=1391824339450/83, BranchId=]
INFO  2014-02-08 10:52:30,840 [Test worker] sqlFilePath=[null]
select EMPLOYEE_ID, EMPLOYEE_NAME, HIREDATE from EMPLOYEE
DEBUG 2014-02-08 10:52:30,841 [Test worker] 論理的なコネクションを閉じました。tx=[FormatId=4360, GlobalId=1391824339450/83, BranchId=]
DEBUG 2014-02-08 10:52:30,841 [Test worker] トランザクションをロールバックしました。tx=[FormatId=4360, GlobalId=1391824339450/83, BranchId=]
DEBUG 2014-02-08 10:52:30,844 [Test worker] 物理的なコネクションを閉じました
DEBUG 2014-02-08 10:52:30,845 [Test worker] 環境変数#Envにファイル(env_ut.txt)から値(h2)が設定されました
DEBUG 2014-02-08 10:52:30,845 [Test worker] S2Containerを作成します。path=s2junit4.dicon
DEBUG 2014-02-08 10:52:30,847 [Test worker] S2Containerを作成しました。path=s2junit4.dicon
DEBUG 2014-02-08 10:52:30,848 [Test worker] 設定ファイル(jdbc.dicon)をインクルードします
DEBUG 2014-02-08 10:52:30,848 [Test worker] S2Containerを作成します。path=jdbc.dicon
DEBUG 2014-02-08 10:52:30,849 [Test worker] S2Containerを作成します。path=jta.dicon
DEBUG 2014-02-08 10:52:30,850 [Test worker] S2Containerを作成しました。path=jta.dicon
DEBUG 2014-02-08 10:52:30,850 [Test worker] S2Containerを作成します。path=xadatasource.dicon
DEBUG 2014-02-08 10:52:30,851 [Test worker] S2Containerを作成しました。path=xadatasource.dicon
DEBUG 2014-02-08 10:52:30,851 [Test worker] S2Containerを作成しました。path=jdbc.dicon
DEBUG 2014-02-08 10:52:30,852 [Test worker] トランザクションを開始しました。tx=[FormatId=4360, GlobalId=1391824339450/84, BranchId=]
DEBUG 2014-02-08 10:52:30,884 [Test worker] 物理的なコネクションを取得しました
DEBUG 2014-02-08 10:52:30,885 [Test worker] 論理的なコネクションを取得しました。tx=[FormatId=4360, GlobalId=1391824339450/84, BranchId=]
INFO  2014-02-08 10:52:30,885 [Test worker] sqlFilePath=[null]
select null from EMPLOYEE
DEBUG 2014-02-08 10:52:30,885 [Test worker] 論理的なコネクションを閉じました。tx=[FormatId=4360, GlobalId=1391824339450/84, BranchId=]
DEBUG 2014-02-08 10:52:30,885 [Test worker] トランザクションをロールバックしました。tx=[FormatId=4360, GlobalId=1391824339450/84, BranchId=]
DEBUG 2014-02-08 10:52:30,889 [Test worker] 物理的なコネクションを閉じました
DEBUG 2014-02-08 10:52:30,891 [Test worker] 環境変数#Envにファイル(env_ut.txt)から値(h2)が設定されました
DEBUG 2014-02-08 10:52:30,891 [Test worker] S2Containerを作成します。path=s2junit4.dicon
DEBUG 2014-02-08 10:52:30,893 [Test worker] S2Containerを作成しました。path=s2junit4.dicon
DEBUG 2014-02-08 10:52:30,894 [Test worker] 設定ファイル(jdbc.dicon)をインクルードします
DEBUG 2014-02-08 10:52:30,894 [Test worker] S2Containerを作成します。path=jdbc.dicon
DEBUG 2014-02-08 10:52:30,895 [Test worker] S2Containerを作成します。path=jta.dicon
DEBUG 2014-02-08 10:52:30,896 [Test worker] S2Containerを作成しました。path=jta.dicon
DEBUG 2014-02-08 10:52:30,896 [Test worker] S2Containerを作成します。path=xadatasource.dicon
DEBUG 2014-02-08 10:52:30,898 [Test worker] S2Containerを作成しました。path=xadatasource.dicon
DEBUG 2014-02-08 10:52:30,898 [Test worker] S2Containerを作成しました。path=jdbc.dicon
DEBUG 2014-02-08 10:52:30,899 [Test worker] トランザクションを開始しました。tx=[FormatId=4360, GlobalId=1391824339450/85, BranchId=]
DEBUG 2014-02-08 10:52:30,930 [Test worker] 物理的なコネクションを取得しました
DEBUG 2014-02-08 10:52:30,930 [Test worker] 論理的なコネクションを取得しました。tx=[FormatId=4360, GlobalId=1391824339450/85, BranchId=]
INFO  2014-02-08 10:52:30,930 [Test worker] sqlFilePath=[null]
select EMPLOYEE_NAME from EMPLOYEE
where
EMPLOYEE_ID = 1
DEBUG 2014-02-08 10:52:30,930 [Test worker] 論理的なコネクションを閉じました。tx=[FormatId=4360, GlobalId=1391824339450/85, BranchId=]
DEBUG 2014-02-08 10:52:30,930 [Test worker] トランザクションをロールバックしました。tx=[FormatId=4360, GlobalId=1391824339450/85, BranchId=]
DEBUG 2014-02-08 10:52:30,933 [Test worker] 物理的なコネクションを閉じました
DEBUG 2014-02-08 10:52:30,934 [Test worker] 環境変数#Envにファイル(env_ut.txt)から値(h2)が設定されました
DEBUG 2014-02-08 10:52:30,935 [Test worker] S2Containerを作成します。path=s2junit4.dicon
DEBUG 2014-02-08 10:52:30,936 [Test worker] S2Containerを作成しました。path=s2junit4.dicon
DEBUG 2014-02-08 10:52:30,937 [Test worker] 設定ファイル(jdbc.dicon)をインクルードします
DEBUG 2014-02-08 10:52:30,937 [Test worker] S2Containerを作成します。path=jdbc.dicon
DEBUG 2014-02-08 10:52:30,938 [Test worker] S2Containerを作成します。path=jta.dicon
DEBUG 2014-02-08 10:52:30,939 [Test worker] S2Containerを作成しました。path=jta.dicon
DEBUG 2014-02-08 10:52:30,939 [Test worker] S2Containerを作成します。path=xadatasource.dicon
DEBUG 2014-02-08 10:52:30,940 [Test worker] S2Containerを作成しました。path=xadatasource.dicon
DEBUG 2014-02-08 10:52:30,941 [Test worker] S2Containerを作成しました。path=jdbc.dicon
DEBUG 2014-02-08 10:52:30,942 [Test worker] トランザクションを開始しました。tx=[FormatId=4360, GlobalId=1391824339450/86, BranchId=]
DEBUG 2014-02-08 10:52:30,974 [Test worker] 物理的なコネクションを取得しました
DEBUG 2014-02-08 10:52:30,974 [Test worker] 論理的なコネクションを取得しました。tx=[FormatId=4360, GlobalId=1391824339450/86, BranchId=]
INFO  2014-02-08 10:52:30,975 [Test worker] sqlFilePath=[null]
select EMPLOYEE_ID, EMPLOYEE_NAME, HIREDATE from EMPLOYEE
where
EMPLOYEE_ID = 99
DEBUG 2014-02-08 10:52:30,975 [Test worker] 論理的なコネクションを閉じました。tx=[FormatId=4360, GlobalId=1391824339450/86, BranchId=]
DEBUG 2014-02-08 10:52:30,975 [Test worker] トランザクションをロールバックしました。tx=[FormatId=4360, GlobalId=1391824339450/86, BranchId=]
DEBUG 2014-02-08 10:52:30,978 [Test worker] 物理的なコネクションを閉じました
DEBUG 2014-02-08 10:52:30,979 [Test worker] 環境変数#Envにファイル(env_ut.txt)から値(h2)が設定されました
DEBUG 2014-02-08 10:52:30,979 [Test worker] S2Containerを作成します。path=s2junit4.dicon
DEBUG 2014-02-08 10:52:30,981 [Test worker] S2Containerを作成しました。path=s2junit4.dicon
DEBUG 2014-02-08 10:52:30,981 [Test worker] 設定ファイル(jdbc.dicon)をインクルードします
DEBUG 2014-02-08 10:52:30,981 [Test worker] S2Containerを作成します。path=jdbc.dicon
DEBUG 2014-02-08 10:52:30,982 [Test worker] S2Containerを作成します。path=jta.dicon
DEBUG 2014-02-08 10:52:30,983 [Test worker] S2Containerを作成しました。path=jta.dicon
DEBUG 2014-02-08 10:52:30,983 [Test worker] S2Containerを作成します。path=xadatasource.dicon
DEBUG 2014-02-08 10:52:30,985 [Test worker] S2Containerを作成しました。path=xadatasource.dicon
DEBUG 2014-02-08 10:52:30,985 [Test worker] S2Containerを作成しました。path=jdbc.dicon
DEBUG 2014-02-08 10:52:30,986 [Test worker] トランザクションを開始しました。tx=[FormatId=4360, GlobalId=1391824339450/87, BranchId=]
DEBUG 2014-02-08 10:52:31,019 [Test worker] 物理的なコネクションを取得しました
DEBUG 2014-02-08 10:52:31,020 [Test worker] 論理的なコネクションを取得しました。tx=[FormatId=4360, GlobalId=1391824339450/87, BranchId=]
INFO  2014-02-08 10:52:31,020 [Test worker] sqlFilePath=[null]
select EMPLOYEE_NAME from EMPLOYEE
DEBUG 2014-02-08 10:52:31,020 [Test worker] 論理的なコネクションを閉じました。tx=[FormatId=4360, GlobalId=1391824339450/87, BranchId=]
DEBUG 2014-02-08 10:52:31,020 [Test worker] トランザクションをロールバックしました。tx=[FormatId=4360, GlobalId=1391824339450/87, BranchId=]
DEBUG 2014-02-08 10:52:31,024 [Test worker] 物理的なコネクションを閉じました
DEBUG 2014-02-08 10:52:31,025 [Test worker] 環境変数#Envにファイル(env_ut.txt)から値(h2)が設定されました
DEBUG 2014-02-08 10:52:31,026 [Test worker] S2Containerを作成します。path=s2junit4.dicon
DEBUG 2014-02-08 10:52:31,027 [Test worker] S2Containerを作成しました。path=s2junit4.dicon
DEBUG 2014-02-08 10:52:31,028 [Test worker] 設定ファイル(jdbc.dicon)をインクルードします
DEBUG 2014-02-08 10:52:31,028 [Test worker] S2Containerを作成します。path=jdbc.dicon
DEBUG 2014-02-08 10:52:31,029 [Test worker] S2Containerを作成します。path=jta.dicon
DEBUG 2014-02-08 10:52:31,030 [Test worker] S2Containerを作成しました。path=jta.dicon
DEBUG 2014-02-08 10:52:31,030 [Test worker] S2Containerを作成します。path=xadatasource.dicon
DEBUG 2014-02-08 10:52:31,031 [Test worker] S2Containerを作成しました。path=xadatasource.dicon
DEBUG 2014-02-08 10:52:31,031 [Test worker] S2Containerを作成しました。path=jdbc.dicon
DEBUG 2014-02-08 10:52:31,032 [Test worker] トランザクションを開始しました。tx=[FormatId=4360, GlobalId=1391824339450/88, BranchId=]
DEBUG 2014-02-08 10:52:31,065 [Test worker] 物理的なコネクションを取得しました
DEBUG 2014-02-08 10:52:31,065 [Test worker] 論理的なコネクションを取得しました。tx=[FormatId=4360, GlobalId=1391824339450/88, BranchId=]
INFO  2014-02-08 10:52:31,065 [Test worker] sqlFilePath=[null]
select EMPLOYEE_NAME from EMPLOYEE
where
EMPLOYEE_ID = 99
DEBUG 2014-02-08 10:52:31,066 [Test worker] 論理的なコネクションを閉じました。tx=[FormatId=4360, GlobalId=1391824339450/88, BranchId=]
DEBUG 2014-02-08 10:52:31,066 [Test worker] トランザクションをロールバックしました。tx=[FormatId=4360, GlobalId=1391824339450/88, BranchId=]
DEBUG 2014-02-08 10:52:31,068 [Test worker] 物理的なコネクションを閉じました
DEBUG 2014-02-08 10:52:31,070 [Test worker] 環境変数#Envにファイル(env_ut.txt)から値(h2)が設定されました
DEBUG 2014-02-08 10:52:31,070 [Test worker] S2Containerを作成します。path=s2junit4.dicon
DEBUG 2014-02-08 10:52:31,072 [Test worker] S2Containerを作成しました。path=s2junit4.dicon
DEBUG 2014-02-08 10:52:31,072 [Test worker] 設定ファイル(jdbc.dicon)をインクルードします
DEBUG 2014-02-08 10:52:31,072 [Test worker] S2Containerを作成します。path=jdbc.dicon
DEBUG 2014-02-08 10:52:31,075 [Test worker] S2Containerを作成します。path=jta.dicon
DEBUG 2014-02-08 10:52:31,076 [Test worker] S2Containerを作成しました。path=jta.dicon
DEBUG 2014-02-08 10:52:31,076 [Test worker] S2Containerを作成します。path=xadatasource.dicon
DEBUG 2014-02-08 10:52:31,079 [Test worker] S2Containerを作成しました。path=xadatasource.dicon
DEBUG 2014-02-08 10:52:31,080 [Test worker] S2Containerを作成しました。path=jdbc.dicon
DEBUG 2014-02-08 10:52:31,080 [Test worker] トランザクションを開始しました。tx=[FormatId=4360, GlobalId=1391824339450/89, BranchId=]
DEBUG 2014-02-08 10:52:31,114 [Test worker] 物理的なコネクションを取得しました
DEBUG 2014-02-08 10:52:31,114 [Test worker] 論理的なコネクションを取得しました。tx=[FormatId=4360, GlobalId=1391824339450/89, BranchId=]
INFO  2014-02-08 10:52:31,115 [Test worker] sqlFilePath=[null]
select EMPLOYEE_NAME from EMPLOYEE
where
EMPLOYEE_ID = 99
DEBUG 2014-02-08 10:52:31,115 [Test worker] 論理的なコネクションを閉じました。tx=[FormatId=4360, GlobalId=1391824339450/89, BranchId=]
DEBUG 2014-02-08 10:52:31,115 [Test worker] トランザクションをロールバックしました。tx=[FormatId=4360, GlobalId=1391824339450/89, BranchId=]
DEBUG 2014-02-08 10:52:31,118 [Test worker] 物理的なコネクションを閉じました
DEBUG 2014-02-08 10:52:31,120 [Test worker] 環境変数#Envにファイル(env_ut.txt)から値(h2)が設定されました
DEBUG 2014-02-08 10:52:31,120 [Test worker] S2Containerを作成します。path=s2junit4.dicon
DEBUG 2014-02-08 10:52:31,122 [Test worker] S2Containerを作成しました。path=s2junit4.dicon
DEBUG 2014-02-08 10:52:31,123 [Test worker] 設定ファイル(jdbc.dicon)をインクルードします
DEBUG 2014-02-08 10:52:31,123 [Test worker] S2Containerを作成します。path=jdbc.dicon
DEBUG 2014-02-08 10:52:31,123 [Test worker] S2Containerを作成します。path=jta.dicon
DEBUG 2014-02-08 10:52:31,125 [Test worker] S2Containerを作成しました。path=jta.dicon
DEBUG 2014-02-08 10:52:31,125 [Test worker] S2Containerを作成します。path=xadatasource.dicon
DEBUG 2014-02-08 10:52:31,126 [Test worker] S2Containerを作成しました。path=xadatasource.dicon
DEBUG 2014-02-08 10:52:31,126 [Test worker] S2Containerを作成しました。path=jdbc.dicon
DEBUG 2014-02-08 10:52:31,127 [Test worker] トランザクションを開始しました。tx=[FormatId=4360, GlobalId=1391824339450/90, BranchId=]
DEBUG 2014-02-08 10:52:31,159 [Test worker] 物理的なコネクションを取得しました
DEBUG 2014-02-08 10:52:31,159 [Test worker] 論理的なコネクションを取得しました。tx=[FormatId=4360, GlobalId=1391824339450/90, BranchId=]
INFO  2014-02-08 10:52:31,159 [Test worker] sqlFilePath=[null]
select EMPLOYEE_NAME from EMPLOYEE
where
EMPLOYEE_ID = 1
DEBUG 2014-02-08 10:52:31,160 [Test worker] 論理的なコネクションを閉じました。tx=[FormatId=4360, GlobalId=1391824339450/90, BranchId=]
DEBUG 2014-02-08 10:52:31,160 [Test worker] トランザクションをロールバックしました。tx=[FormatId=4360, GlobalId=1391824339450/90, BranchId=]
DEBUG 2014-02-08 10:52:31,162 [Test worker] 物理的なコネクションを閉じました
DEBUG 2014-02-08 10:52:31,164 [Test worker] 環境変数#Envにファイル(env_ut.txt)から値(h2)が設定されました
DEBUG 2014-02-08 10:52:31,164 [Test worker] S2Containerを作成します。path=s2junit4.dicon
DEBUG 2014-02-08 10:52:31,166 [Test worker] S2Containerを作成しました。path=s2junit4.dicon
DEBUG 2014-02-08 10:52:31,166 [Test worker] 設定ファイル(jdbc.dicon)をインクルードします
DEBUG 2014-02-08 10:52:31,166 [Test worker] S2Containerを作成します。path=jdbc.dicon
DEBUG 2014-02-08 10:52:31,167 [Test worker] S2Containerを作成します。path=jta.dicon
DEBUG 2014-02-08 10:52:31,168 [Test worker] S2Containerを作成しました。path=jta.dicon
DEBUG 2014-02-08 10:52:31,168 [Test worker] S2Containerを作成します。path=xadatasource.dicon
DEBUG 2014-02-08 10:52:31,169 [Test worker] S2Containerを作成しました。path=xadatasource.dicon
DEBUG 2014-02-08 10:52:31,170 [Test worker] S2Containerを作成しました。path=jdbc.dicon
DEBUG 2014-02-08 10:52:31,170 [Test worker] トランザクションを開始しました。tx=[FormatId=4360, GlobalId=1391824339450/91, BranchId=]
DEBUG 2014-02-08 10:52:31,201 [Test worker] 物理的なコネクションを取得しました
DEBUG 2014-02-08 10:52:31,201 [Test worker] 論理的なコネクションを取得しました。tx=[FormatId=4360, GlobalId=1391824339450/91, BranchId=]
INFO  2014-02-08 10:52:31,201 [Test worker] sqlFilePath=[null]
select EMPLOYEE_NAME from EMPLOYEE
where
EMPLOYEE_ID = 1
DEBUG 2014-02-08 10:52:31,202 [Test worker] 論理的なコネクションを閉じました。tx=[FormatId=4360, GlobalId=1391824339450/91, BranchId=]
DEBUG 2014-02-08 10:52:31,202 [Test worker] トランザクションをロールバックしました。tx=[FormatId=4360, GlobalId=1391824339450/91, BranchId=]
DEBUG 2014-02-08 10:52:31,204 [Test worker] 物理的なコネクションを閉じました
DEBUG 2014-02-08 10:52:31,205 [Test worker] 環境変数#Envにファイル(env_ut.txt)から値(h2)が設定されました
DEBUG 2014-02-08 10:52:31,205 [Test worker] S2Containerを作成します。path=s2junit4.dicon
DEBUG 2014-02-08 10:52:31,207 [Test worker] S2Containerを作成しました。path=s2junit4.dicon
DEBUG 2014-02-08 10:52:31,207 [Test worker] 設定ファイル(jdbc.dicon)をインクルードします
DEBUG 2014-02-08 10:52:31,207 [Test worker] S2Containerを作成します。path=jdbc.dicon
DEBUG 2014-02-08 10:52:31,208 [Test worker] S2Containerを作成します。path=jta.dicon
DEBUG 2014-02-08 10:52:31,210 [Test worker] S2Containerを作成しました。path=jta.dicon
DEBUG 2014-02-08 10:52:31,210 [Test worker] S2Containerを作成します。path=xadatasource.dicon
DEBUG 2014-02-08 10:52:31,211 [Test worker] S2Containerを作成しました。path=xadatasource.dicon
DEBUG 2014-02-08 10:52:31,212 [Test worker] S2Containerを作成しました。path=jdbc.dicon
DEBUG 2014-02-08 10:52:31,212 [Test worker] トランザクションを開始しました。tx=[FormatId=4360, GlobalId=1391824339450/92, BranchId=]
DEBUG 2014-02-08 10:52:31,243 [Test worker] 物理的なコネクションを取得しました
DEBUG 2014-02-08 10:52:31,244 [Test worker] 論理的なコネクションを取得しました。tx=[FormatId=4360, GlobalId=1391824339450/92, BranchId=]
INFO  2014-02-08 10:52:31,244 [Test worker] sqlFilePath=[null]
select null from EMPLOYEE
where
EMPLOYEE_ID = 1
DEBUG 2014-02-08 10:52:31,244 [Test worker] 論理的なコネクションを閉じました。tx=[FormatId=4360, GlobalId=1391824339450/92, BranchId=]
DEBUG 2014-02-08 10:52:31,244 [Test worker] トランザクションをロールバックしました。tx=[FormatId=4360, GlobalId=1391824339450/92, BranchId=]
DEBUG 2014-02-08 10:52:31,248 [Test worker] 物理的なコネクションを閉じました
]]></system-out>
  <system-err><![CDATA[]]></system-err>
</testsuite>
